<?xml version="1.0" encoding="UTF-8"?>
<testsuite name="com.example.BoardProject.BoardProjectApplicationTests" tests="1" skipped="0" failures="0" errors="0" timestamp="2025-08-02T02:47:43.997Z" hostname="DESKTOP-QJPC0TH" time="0.393">
  <properties/>
  <testcase name="contextLoads()" classname="com.example.BoardProject.BoardProjectApplicationTests" time="0.393"/>
  <system-out><![CDATA[11:47:38.237 [Test worker] INFO org.springframework.test.context.support.AnnotationConfigContextLoaderUtils -- Could not detect default configuration classes for test class [com.example.BoardProject.BoardProjectApplicationTests]: BoardProjectApplicationTests does not declare any static, non-private, non-final, nested classes annotated with @Configuration.
11:47:38.371 [Test worker] INFO org.springframework.boot.test.context.SpringBootTestContextBootstrapper -- Found @SpringBootConfiguration com.example.BoardProject.BoardProjectApplication for test class com.example.BoardProject.BoardProjectApplicationTests

  .   ____          _            __ _ _
 /\\ / ___'_ __ _ _(_)_ __  __ _ \ \ \ \
( ( )\___ | '_ | '_| | '_ \/ _` | \ \ \ \
 \\/  ___)| |_)| | | | | || (_| |  ) ) ) )
  '  |____| .__|_| |_|_| |_\__, | / / / /
 =========|_|==============|___/=/_/_/_/

 :: Spring Boot ::                (v3.5.0)

2025-08-02T11:47:38.877+09:00  INFO 15540 --- [BoardProject] [    Test worker] c.e.B.BoardProjectApplicationTests       : Starting BoardProjectApplicationTests using Java 17.0.15 with PID 15540 (started by tkdgh in C:\Users\tkdgh\Documents\BoardProject)
2025-08-02T11:47:38.879+09:00  INFO 15540 --- [BoardProject] [    Test worker] c.e.B.BoardProjectApplicationTests       : No active profile set, falling back to 1 default profile: "default"
2025-08-02T11:47:39.683+09:00  INFO 15540 --- [BoardProject] [    Test worker] .s.d.r.c.RepositoryConfigurationDelegate : Bootstrapping Spring Data JPA repositories in DEFAULT mode.
2025-08-02T11:47:39.760+09:00  INFO 15540 --- [BoardProject] [    Test worker] .s.d.r.c.RepositoryConfigurationDelegate : Finished Spring Data repository scanning in 65 ms. Found 4 JPA repository interfaces.
2025-08-02T11:47:40.300+09:00  INFO 15540 --- [BoardProject] [    Test worker] com.zaxxer.hikari.HikariDataSource       : HikariPool-1 - Starting...
2025-08-02T11:47:40.518+09:00  INFO 15540 --- [BoardProject] [    Test worker] com.zaxxer.hikari.pool.HikariPool        : HikariPool-1 - Added connection conn0: url=jdbc:h2:mem:testdb user=SA
2025-08-02T11:47:40.520+09:00  INFO 15540 --- [BoardProject] [    Test worker] com.zaxxer.hikari.HikariDataSource       : HikariPool-1 - Start completed.
2025-08-02T11:47:40.565+09:00  INFO 15540 --- [BoardProject] [    Test worker] o.hibernate.jpa.internal.util.LogHelper  : HHH000204: Processing PersistenceUnitInfo [name: default]
2025-08-02T11:47:40.624+09:00  INFO 15540 --- [BoardProject] [    Test worker] org.hibernate.Version                    : HHH000412: Hibernate ORM core version 6.6.15.Final
2025-08-02T11:47:40.659+09:00  INFO 15540 --- [BoardProject] [    Test worker] o.h.c.internal.RegionFactoryInitiator    : HHH000026: Second-level cache disabled
2025-08-02T11:47:41.471+09:00  INFO 15540 --- [BoardProject] [    Test worker] o.s.o.j.p.SpringPersistenceUnitInfo      : No LoadTimeWeaver setup: ignoring JPA class transformer
2025-08-02T11:47:41.546+09:00  INFO 15540 --- [BoardProject] [    Test worker] org.hibernate.orm.connections.pooling    : HHH10001005: Database info:
	Database JDBC URL [Connecting through datasource 'HikariDataSource (HikariPool-1)']
	Database driver: undefined/unknown
	Database version: 2.3.232
	Autocommit mode: undefined/unknown
	Isolation level: undefined/unknown
	Minimum pool size: undefined/unknown
	Maximum pool size: undefined/unknown
2025-08-02T11:47:42.404+09:00  INFO 15540 --- [BoardProject] [    Test worker] o.h.e.t.j.p.i.JtaPlatformInitiator       : HHH000489: No JTA platform available (set 'hibernate.transaction.jta.platform' to enable JTA platform integration)
2025-08-02T11:47:42.426+09:00 DEBUG 15540 --- [BoardProject] [    Test worker] org.hibernate.SQL                        : drop table if exists article cascade 
2025-08-02T11:47:42.430+09:00 DEBUG 15540 --- [BoardProject] [    Test worker] org.hibernate.SQL                        : drop table if exists comment cascade 
2025-08-02T11:47:42.430+09:00 DEBUG 15540 --- [BoardProject] [    Test worker] org.hibernate.SQL                        : drop table if exists member cascade 
2025-08-02T11:47:42.435+09:00 DEBUG 15540 --- [BoardProject] [    Test worker] org.hibernate.SQL                        : create table article (id bigint generated by default as identity, content varchar(255), filename varchar(255), postdate varchar(255), title varchar(255), username varchar(255), primary key (id))
2025-08-02T11:47:42.444+09:00 DEBUG 15540 --- [BoardProject] [    Test worker] org.hibernate.SQL                        : create table comment (article_id bigint, id bigint generated by default as identity, comment varchar(255), commentdate varchar(255), username varchar(255), primary key (id))
2025-08-02T11:47:42.445+09:00 DEBUG 15540 --- [BoardProject] [    Test worker] org.hibernate.SQL                        : create table member (id bigint generated by default as identity, joineddate varchar(255), password varchar(255), username varchar(255) unique, primary key (id))
2025-08-02T11:47:42.449+09:00 DEBUG 15540 --- [BoardProject] [    Test worker] org.hibernate.SQL                        : alter table if exists comment add constraint FK5yx0uphgjc6ik6hb82kkw501y foreign key (article_id) references article
2025-08-02T11:47:42.463+09:00  INFO 15540 --- [BoardProject] [    Test worker] j.LocalContainerEntityManagerFactoryBean : Initialized JPA EntityManagerFactory for persistence unit 'default'
2025-08-02T11:47:42.706+09:00  INFO 15540 --- [BoardProject] [    Test worker] o.s.d.j.r.query.QueryEnhancerFactory     : Hibernate is in classpath; If applicable, HQL parser will be used.
2025-08-02T11:47:42.805+09:00  WARN 15540 --- [BoardProject] [    Test worker] JpaBaseConfiguration$JpaWebConfiguration : spring.jpa.open-in-view is enabled by default. Therefore, database queries may be performed during view rendering. Explicitly configure spring.jpa.open-in-view to disable this warning
2025-08-02T11:47:43.155+09:00  INFO 15540 --- [BoardProject] [    Test worker] r$InitializeUserDetailsManagerConfigurer : Global AuthenticationManager configured with UserDetailsService bean with name memberService
2025-08-02T11:47:43.519+09:00  INFO 15540 --- [BoardProject] [    Test worker] o.s.b.a.h2.H2ConsoleAutoConfiguration    : H2 console available at '/h2-console'. Database available at 'jdbc:h2:mem:testdb'
2025-08-02T11:47:43.591+09:00  INFO 15540 --- [BoardProject] [    Test worker] c.e.B.BoardProjectApplicationTests       : Started BoardProjectApplicationTests in 5.027 seconds (process running for 6.27)
2025-08-02T11:47:43.626+09:00 DEBUG 15540 --- [BoardProject] [    Test worker] org.hibernate.SQL                        : insert into member (joineddate,password,username,id) values (?,?,?,default)
2025-08-02T11:47:43.669+09:00 DEBUG 15540 --- [BoardProject] [    Test worker] org.hibernate.SQL                        : insert into member (joineddate,password,username,id) values (?,?,?,default)
2025-08-02T11:47:43.670+09:00 DEBUG 15540 --- [BoardProject] [    Test worker] org.hibernate.SQL                        : insert into member (joineddate,password,username,id) values (?,?,?,default)
2025-08-02T11:47:43.671+09:00 DEBUG 15540 --- [BoardProject] [    Test worker] org.hibernate.SQL                        : insert into member (joineddate,password,username,id) values (?,?,?,default)
2025-08-02T11:47:43.672+09:00 DEBUG 15540 --- [BoardProject] [    Test worker] org.hibernate.SQL                        : insert into member (joineddate,password,username,id) values (?,?,?,default)
2025-08-02T11:47:43.673+09:00 DEBUG 15540 --- [BoardProject] [    Test worker] org.hibernate.SQL                        : insert into member (joineddate,password,username,id) values (?,?,?,default)
2025-08-02T11:47:43.673+09:00 DEBUG 15540 --- [BoardProject] [    Test worker] org.hibernate.SQL                        : insert into member (joineddate,password,username,id) values (?,?,?,default)
2025-08-02T11:47:43.674+09:00 DEBUG 15540 --- [BoardProject] [    Test worker] org.hibernate.SQL                        : insert into member (joineddate,password,username,id) values (?,?,?,default)
2025-08-02T11:47:43.675+09:00 DEBUG 15540 --- [BoardProject] [    Test worker] org.hibernate.SQL                        : insert into member (joineddate,password,username,id) values (?,?,?,default)
2025-08-02T11:47:43.676+09:00 DEBUG 15540 --- [BoardProject] [    Test worker] org.hibernate.SQL                        : insert into member (joineddate,password,username,id) values (?,?,?,default)
2025-08-02T11:47:43.676+09:00 DEBUG 15540 --- [BoardProject] [    Test worker] org.hibernate.SQL                        : insert into member (joineddate,password,username,id) values (?,?,?,default)
2025-08-02T11:47:43.677+09:00 DEBUG 15540 --- [BoardProject] [    Test worker] org.hibernate.SQL                        : insert into member (joineddate,password,username,id) values (?,?,?,default)
2025-08-02T11:47:43.678+09:00 DEBUG 15540 --- [BoardProject] [    Test worker] org.hibernate.SQL                        : insert into member (joineddate,password,username,id) values (?,?,?,default)
2025-08-02T11:47:43.678+09:00 DEBUG 15540 --- [BoardProject] [    Test worker] org.hibernate.SQL                        : insert into member (joineddate,password,username,id) values (?,?,?,default)
2025-08-02T11:47:43.679+09:00 DEBUG 15540 --- [BoardProject] [    Test worker] org.hibernate.SQL                        : insert into member (joineddate,password,username,id) values (?,?,?,default)
2025-08-02T11:47:43.680+09:00 DEBUG 15540 --- [BoardProject] [    Test worker] org.hibernate.SQL                        : insert into member (joineddate,password,username,id) values (?,?,?,default)
2025-08-02T11:47:43.680+09:00 DEBUG 15540 --- [BoardProject] [    Test worker] org.hibernate.SQL                        : insert into member (joineddate,password,username,id) values (?,?,?,default)
2025-08-02T11:47:43.681+09:00 DEBUG 15540 --- [BoardProject] [    Test worker] org.hibernate.SQL                        : insert into member (joineddate,password,username,id) values (?,?,?,default)
2025-08-02T11:47:43.682+09:00 DEBUG 15540 --- [BoardProject] [    Test worker] org.hibernate.SQL                        : insert into member (joineddate,password,username,id) values (?,?,?,default)
2025-08-02T11:47:43.682+09:00 DEBUG 15540 --- [BoardProject] [    Test worker] org.hibernate.SQL                        : insert into member (joineddate,password,username,id) values (?,?,?,default)
2025-08-02T11:47:43.683+09:00 DEBUG 15540 --- [BoardProject] [    Test worker] org.hibernate.SQL                        : insert into member (joineddate,password,username,id) values (?,?,?,default)
2025-08-02T11:47:43.684+09:00 DEBUG 15540 --- [BoardProject] [    Test worker] org.hibernate.SQL                        : insert into member (joineddate,password,username,id) values (?,?,?,default)
2025-08-02T11:47:43.684+09:00 DEBUG 15540 --- [BoardProject] [    Test worker] org.hibernate.SQL                        : insert into member (joineddate,password,username,id) values (?,?,?,default)
2025-08-02T11:47:43.685+09:00 DEBUG 15540 --- [BoardProject] [    Test worker] org.hibernate.SQL                        : insert into member (joineddate,password,username,id) values (?,?,?,default)
2025-08-02T11:47:43.686+09:00 DEBUG 15540 --- [BoardProject] [    Test worker] org.hibernate.SQL                        : insert into member (joineddate,password,username,id) values (?,?,?,default)
2025-08-02T11:47:43.686+09:00 DEBUG 15540 --- [BoardProject] [    Test worker] org.hibernate.SQL                        : insert into member (joineddate,password,username,id) values (?,?,?,default)
2025-08-02T11:47:43.687+09:00 DEBUG 15540 --- [BoardProject] [    Test worker] org.hibernate.SQL                        : insert into member (joineddate,password,username,id) values (?,?,?,default)
2025-08-02T11:47:43.688+09:00 DEBUG 15540 --- [BoardProject] [    Test worker] org.hibernate.SQL                        : insert into member (joineddate,password,username,id) values (?,?,?,default)
2025-08-02T11:47:43.689+09:00 DEBUG 15540 --- [BoardProject] [    Test worker] org.hibernate.SQL                        : insert into member (joineddate,password,username,id) values (?,?,?,default)
2025-08-02T11:47:43.689+09:00 DEBUG 15540 --- [BoardProject] [    Test worker] org.hibernate.SQL                        : insert into member (joineddate,password,username,id) values (?,?,?,default)
2025-08-02T11:47:43.690+09:00 DEBUG 15540 --- [BoardProject] [    Test worker] org.hibernate.SQL                        : insert into member (joineddate,password,username,id) values (?,?,?,default)
2025-08-02T11:47:43.691+09:00 DEBUG 15540 --- [BoardProject] [    Test worker] org.hibernate.SQL                        : insert into member (joineddate,password,username,id) values (?,?,?,default)
2025-08-02T11:47:43.691+09:00 DEBUG 15540 --- [BoardProject] [    Test worker] org.hibernate.SQL                        : insert into member (joineddate,password,username,id) values (?,?,?,default)
2025-08-02T11:47:43.692+09:00 DEBUG 15540 --- [BoardProject] [    Test worker] org.hibernate.SQL                        : insert into member (joineddate,password,username,id) values (?,?,?,default)
2025-08-02T11:47:43.692+09:00 DEBUG 15540 --- [BoardProject] [    Test worker] org.hibernate.SQL                        : insert into member (joineddate,password,username,id) values (?,?,?,default)
2025-08-02T11:47:43.693+09:00 DEBUG 15540 --- [BoardProject] [    Test worker] org.hibernate.SQL                        : insert into member (joineddate,password,username,id) values (?,?,?,default)
2025-08-02T11:47:43.694+09:00 DEBUG 15540 --- [BoardProject] [    Test worker] org.hibernate.SQL                        : insert into member (joineddate,password,username,id) values (?,?,?,default)
2025-08-02T11:47:43.694+09:00 DEBUG 15540 --- [BoardProject] [    Test worker] org.hibernate.SQL                        : insert into member (joineddate,password,username,id) values (?,?,?,default)
2025-08-02T11:47:43.695+09:00 DEBUG 15540 --- [BoardProject] [    Test worker] org.hibernate.SQL                        : insert into member (joineddate,password,username,id) values (?,?,?,default)
2025-08-02T11:47:43.695+09:00 DEBUG 15540 --- [BoardProject] [    Test worker] org.hibernate.SQL                        : insert into member (joineddate,password,username,id) values (?,?,?,default)
2025-08-02T11:47:43.696+09:00 DEBUG 15540 --- [BoardProject] [    Test worker] org.hibernate.SQL                        : insert into member (joineddate,password,username,id) values (?,?,?,default)
2025-08-02T11:47:43.697+09:00 DEBUG 15540 --- [BoardProject] [    Test worker] org.hibernate.SQL                        : insert into member (joineddate,password,username,id) values (?,?,?,default)
2025-08-02T11:47:43.697+09:00 DEBUG 15540 --- [BoardProject] [    Test worker] org.hibernate.SQL                        : insert into member (joineddate,password,username,id) values (?,?,?,default)
2025-08-02T11:47:43.698+09:00 DEBUG 15540 --- [BoardProject] [    Test worker] org.hibernate.SQL                        : insert into member (joineddate,password,username,id) values (?,?,?,default)
2025-08-02T11:47:43.699+09:00 DEBUG 15540 --- [BoardProject] [    Test worker] org.hibernate.SQL                        : insert into member (joineddate,password,username,id) values (?,?,?,default)
2025-08-02T11:47:43.700+09:00 DEBUG 15540 --- [BoardProject] [    Test worker] org.hibernate.SQL                        : insert into member (joineddate,password,username,id) values (?,?,?,default)
2025-08-02T11:47:43.700+09:00 DEBUG 15540 --- [BoardProject] [    Test worker] org.hibernate.SQL                        : insert into member (joineddate,password,username,id) values (?,?,?,default)
2025-08-02T11:47:43.701+09:00 DEBUG 15540 --- [BoardProject] [    Test worker] org.hibernate.SQL                        : insert into member (joineddate,password,username,id) values (?,?,?,default)
2025-08-02T11:47:43.702+09:00 DEBUG 15540 --- [BoardProject] [    Test worker] org.hibernate.SQL                        : insert into member (joineddate,password,username,id) values (?,?,?,default)
2025-08-02T11:47:43.704+09:00 DEBUG 15540 --- [BoardProject] [    Test worker] org.hibernate.SQL                        : insert into member (joineddate,password,username,id) values (?,?,?,default)
2025-08-02T11:47:43.716+09:00 DEBUG 15540 --- [BoardProject] [    Test worker] org.hibernate.SQL                        : insert into article (content,filename,postdate,title,username,id) values (?,?,?,?,?,default)
2025-08-02T11:47:43.717+09:00 DEBUG 15540 --- [BoardProject] [    Test worker] org.hibernate.SQL                        : insert into article (content,filename,postdate,title,username,id) values (?,?,?,?,?,default)
2025-08-02T11:47:43.717+09:00 DEBUG 15540 --- [BoardProject] [    Test worker] org.hibernate.SQL                        : insert into article (content,filename,postdate,title,username,id) values (?,?,?,?,?,default)
2025-08-02T11:47:43.718+09:00 DEBUG 15540 --- [BoardProject] [    Test worker] org.hibernate.SQL                        : insert into article (content,filename,postdate,title,username,id) values (?,?,?,?,?,default)
2025-08-02T11:47:43.718+09:00 DEBUG 15540 --- [BoardProject] [    Test worker] org.hibernate.SQL                        : insert into article (content,filename,postdate,title,username,id) values (?,?,?,?,?,default)
2025-08-02T11:47:43.719+09:00 DEBUG 15540 --- [BoardProject] [    Test worker] org.hibernate.SQL                        : insert into article (content,filename,postdate,title,username,id) values (?,?,?,?,?,default)
2025-08-02T11:47:43.719+09:00 DEBUG 15540 --- [BoardProject] [    Test worker] org.hibernate.SQL                        : insert into article (content,filename,postdate,title,username,id) values (?,?,?,?,?,default)
2025-08-02T11:47:43.720+09:00 DEBUG 15540 --- [BoardProject] [    Test worker] org.hibernate.SQL                        : insert into article (content,filename,postdate,title,username,id) values (?,?,?,?,?,default)
2025-08-02T11:47:43.720+09:00 DEBUG 15540 --- [BoardProject] [    Test worker] org.hibernate.SQL                        : insert into article (content,filename,postdate,title,username,id) values (?,?,?,?,?,default)
2025-08-02T11:47:43.721+09:00 DEBUG 15540 --- [BoardProject] [    Test worker] org.hibernate.SQL                        : insert into article (content,filename,postdate,title,username,id) values (?,?,?,?,?,default)
2025-08-02T11:47:43.721+09:00 DEBUG 15540 --- [BoardProject] [    Test worker] org.hibernate.SQL                        : insert into article (content,filename,postdate,title,username,id) values (?,?,?,?,?,default)
2025-08-02T11:47:43.722+09:00 DEBUG 15540 --- [BoardProject] [    Test worker] org.hibernate.SQL                        : insert into article (content,filename,postdate,title,username,id) values (?,?,?,?,?,default)
2025-08-02T11:47:43.722+09:00 DEBUG 15540 --- [BoardProject] [    Test worker] org.hibernate.SQL                        : insert into article (content,filename,postdate,title,username,id) values (?,?,?,?,?,default)
2025-08-02T11:47:43.723+09:00 DEBUG 15540 --- [BoardProject] [    Test worker] org.hibernate.SQL                        : insert into article (content,filename,postdate,title,username,id) values (?,?,?,?,?,default)
2025-08-02T11:47:43.724+09:00 DEBUG 15540 --- [BoardProject] [    Test worker] org.hibernate.SQL                        : insert into article (content,filename,postdate,title,username,id) values (?,?,?,?,?,default)
2025-08-02T11:47:43.724+09:00 DEBUG 15540 --- [BoardProject] [    Test worker] org.hibernate.SQL                        : insert into article (content,filename,postdate,title,username,id) values (?,?,?,?,?,default)
2025-08-02T11:47:43.725+09:00 DEBUG 15540 --- [BoardProject] [    Test worker] org.hibernate.SQL                        : insert into article (content,filename,postdate,title,username,id) values (?,?,?,?,?,default)
2025-08-02T11:47:43.725+09:00 DEBUG 15540 --- [BoardProject] [    Test worker] org.hibernate.SQL                        : insert into article (content,filename,postdate,title,username,id) values (?,?,?,?,?,default)
2025-08-02T11:47:43.725+09:00 DEBUG 15540 --- [BoardProject] [    Test worker] org.hibernate.SQL                        : insert into article (content,filename,postdate,title,username,id) values (?,?,?,?,?,default)
2025-08-02T11:47:43.726+09:00 DEBUG 15540 --- [BoardProject] [    Test worker] org.hibernate.SQL                        : insert into article (content,filename,postdate,title,username,id) values (?,?,?,?,?,default)
2025-08-02T11:47:43.726+09:00 DEBUG 15540 --- [BoardProject] [    Test worker] org.hibernate.SQL                        : insert into article (content,filename,postdate,title,username,id) values (?,?,?,?,?,default)
2025-08-02T11:47:43.727+09:00 DEBUG 15540 --- [BoardProject] [    Test worker] org.hibernate.SQL                        : insert into article (content,filename,postdate,title,username,id) values (?,?,?,?,?,default)
2025-08-02T11:47:43.728+09:00 DEBUG 15540 --- [BoardProject] [    Test worker] org.hibernate.SQL                        : insert into article (content,filename,postdate,title,username,id) values (?,?,?,?,?,default)
2025-08-02T11:47:43.728+09:00 DEBUG 15540 --- [BoardProject] [    Test worker] org.hibernate.SQL                        : insert into article (content,filename,postdate,title,username,id) values (?,?,?,?,?,default)
2025-08-02T11:47:43.729+09:00 DEBUG 15540 --- [BoardProject] [    Test worker] org.hibernate.SQL                        : insert into article (content,filename,postdate,title,username,id) values (?,?,?,?,?,default)
2025-08-02T11:47:43.730+09:00 DEBUG 15540 --- [BoardProject] [    Test worker] org.hibernate.SQL                        : insert into article (content,filename,postdate,title,username,id) values (?,?,?,?,?,default)
2025-08-02T11:47:43.730+09:00 DEBUG 15540 --- [BoardProject] [    Test worker] org.hibernate.SQL                        : insert into article (content,filename,postdate,title,username,id) values (?,?,?,?,?,default)
2025-08-02T11:47:43.731+09:00 DEBUG 15540 --- [BoardProject] [    Test worker] org.hibernate.SQL                        : insert into article (content,filename,postdate,title,username,id) values (?,?,?,?,?,default)
2025-08-02T11:47:43.731+09:00 DEBUG 15540 --- [BoardProject] [    Test worker] org.hibernate.SQL                        : insert into article (content,filename,postdate,title,username,id) values (?,?,?,?,?,default)
2025-08-02T11:47:43.732+09:00 DEBUG 15540 --- [BoardProject] [    Test worker] org.hibernate.SQL                        : insert into article (content,filename,postdate,title,username,id) values (?,?,?,?,?,default)
2025-08-02T11:47:43.732+09:00 DEBUG 15540 --- [BoardProject] [    Test worker] org.hibernate.SQL                        : insert into article (content,filename,postdate,title,username,id) values (?,?,?,?,?,default)
2025-08-02T11:47:43.732+09:00 DEBUG 15540 --- [BoardProject] [    Test worker] org.hibernate.SQL                        : insert into article (content,filename,postdate,title,username,id) values (?,?,?,?,?,default)
2025-08-02T11:47:43.733+09:00 DEBUG 15540 --- [BoardProject] [    Test worker] org.hibernate.SQL                        : insert into article (content,filename,postdate,title,username,id) values (?,?,?,?,?,default)
2025-08-02T11:47:43.734+09:00 DEBUG 15540 --- [BoardProject] [    Test worker] org.hibernate.SQL                        : insert into article (content,filename,postdate,title,username,id) values (?,?,?,?,?,default)
2025-08-02T11:47:43.734+09:00 DEBUG 15540 --- [BoardProject] [    Test worker] org.hibernate.SQL                        : insert into article (content,filename,postdate,title,username,id) values (?,?,?,?,?,default)
2025-08-02T11:47:43.734+09:00 DEBUG 15540 --- [BoardProject] [    Test worker] org.hibernate.SQL                        : insert into article (content,filename,postdate,title,username,id) values (?,?,?,?,?,default)
2025-08-02T11:47:43.735+09:00 DEBUG 15540 --- [BoardProject] [    Test worker] org.hibernate.SQL                        : insert into article (content,filename,postdate,title,username,id) values (?,?,?,?,?,default)
2025-08-02T11:47:43.735+09:00 DEBUG 15540 --- [BoardProject] [    Test worker] org.hibernate.SQL                        : insert into article (content,filename,postdate,title,username,id) values (?,?,?,?,?,default)
2025-08-02T11:47:43.736+09:00 DEBUG 15540 --- [BoardProject] [    Test worker] org.hibernate.SQL                        : insert into article (content,filename,postdate,title,username,id) values (?,?,?,?,?,default)
2025-08-02T11:47:43.736+09:00 DEBUG 15540 --- [BoardProject] [    Test worker] org.hibernate.SQL                        : insert into article (content,filename,postdate,title,username,id) values (?,?,?,?,?,default)
2025-08-02T11:47:43.737+09:00 DEBUG 15540 --- [BoardProject] [    Test worker] org.hibernate.SQL                        : insert into article (content,filename,postdate,title,username,id) values (?,?,?,?,?,default)
2025-08-02T11:47:43.737+09:00 DEBUG 15540 --- [BoardProject] [    Test worker] org.hibernate.SQL                        : insert into article (content,filename,postdate,title,username,id) values (?,?,?,?,?,default)
2025-08-02T11:47:43.738+09:00 DEBUG 15540 --- [BoardProject] [    Test worker] org.hibernate.SQL                        : insert into article (content,filename,postdate,title,username,id) values (?,?,?,?,?,default)
2025-08-02T11:47:43.739+09:00 DEBUG 15540 --- [BoardProject] [    Test worker] org.hibernate.SQL                        : insert into article (content,filename,postdate,title,username,id) values (?,?,?,?,?,default)
2025-08-02T11:47:43.739+09:00 DEBUG 15540 --- [BoardProject] [    Test worker] org.hibernate.SQL                        : insert into article (content,filename,postdate,title,username,id) values (?,?,?,?,?,default)
2025-08-02T11:47:43.740+09:00 DEBUG 15540 --- [BoardProject] [    Test worker] org.hibernate.SQL                        : insert into article (content,filename,postdate,title,username,id) values (?,?,?,?,?,default)
2025-08-02T11:47:43.740+09:00 DEBUG 15540 --- [BoardProject] [    Test worker] org.hibernate.SQL                        : insert into article (content,filename,postdate,title,username,id) values (?,?,?,?,?,default)
2025-08-02T11:47:43.741+09:00 DEBUG 15540 --- [BoardProject] [    Test worker] org.hibernate.SQL                        : insert into article (content,filename,postdate,title,username,id) values (?,?,?,?,?,default)
2025-08-02T11:47:43.741+09:00 DEBUG 15540 --- [BoardProject] [    Test worker] org.hibernate.SQL                        : insert into article (content,filename,postdate,title,username,id) values (?,?,?,?,?,default)
2025-08-02T11:47:43.741+09:00 DEBUG 15540 --- [BoardProject] [    Test worker] org.hibernate.SQL                        : insert into article (content,filename,postdate,title,username,id) values (?,?,?,?,?,default)
2025-08-02T11:47:43.745+09:00 DEBUG 15540 --- [BoardProject] [    Test worker] org.hibernate.SQL                        : insert into comment (article_id,comment,commentdate,username,id) values (?,?,?,?,default)
2025-08-02T11:47:43.746+09:00 DEBUG 15540 --- [BoardProject] [    Test worker] org.hibernate.SQL                        : insert into comment (article_id,comment,commentdate,username,id) values (?,?,?,?,default)
2025-08-02T11:47:43.747+09:00 DEBUG 15540 --- [BoardProject] [    Test worker] org.hibernate.SQL                        : insert into comment (article_id,comment,commentdate,username,id) values (?,?,?,?,default)
2025-08-02T11:47:43.748+09:00 DEBUG 15540 --- [BoardProject] [    Test worker] org.hibernate.SQL                        : insert into comment (article_id,comment,commentdate,username,id) values (?,?,?,?,default)
2025-08-02T11:47:43.748+09:00 DEBUG 15540 --- [BoardProject] [    Test worker] org.hibernate.SQL                        : insert into comment (article_id,comment,commentdate,username,id) values (?,?,?,?,default)
2025-08-02T11:47:43.749+09:00 DEBUG 15540 --- [BoardProject] [    Test worker] org.hibernate.SQL                        : insert into comment (article_id,comment,commentdate,username,id) values (?,?,?,?,default)
2025-08-02T11:47:43.750+09:00 DEBUG 15540 --- [BoardProject] [    Test worker] org.hibernate.SQL                        : insert into comment (article_id,comment,commentdate,username,id) values (?,?,?,?,default)
2025-08-02T11:47:43.751+09:00 DEBUG 15540 --- [BoardProject] [    Test worker] org.hibernate.SQL                        : insert into comment (article_id,comment,commentdate,username,id) values (?,?,?,?,default)
2025-08-02T11:47:43.751+09:00 DEBUG 15540 --- [BoardProject] [    Test worker] org.hibernate.SQL                        : insert into comment (article_id,comment,commentdate,username,id) values (?,?,?,?,default)
2025-08-02T11:47:43.752+09:00 DEBUG 15540 --- [BoardProject] [    Test worker] org.hibernate.SQL                        : insert into comment (article_id,comment,commentdate,username,id) values (?,?,?,?,default)
2025-08-02T11:47:43.752+09:00 DEBUG 15540 --- [BoardProject] [    Test worker] org.hibernate.SQL                        : insert into comment (article_id,comment,commentdate,username,id) values (?,?,?,?,default)
2025-08-02T11:47:43.753+09:00 DEBUG 15540 --- [BoardProject] [    Test worker] org.hibernate.SQL                        : insert into comment (article_id,comment,commentdate,username,id) values (?,?,?,?,default)
2025-08-02T11:47:43.753+09:00 DEBUG 15540 --- [BoardProject] [    Test worker] org.hibernate.SQL                        : insert into comment (article_id,comment,commentdate,username,id) values (?,?,?,?,default)
2025-08-02T11:47:43.754+09:00 DEBUG 15540 --- [BoardProject] [    Test worker] org.hibernate.SQL                        : insert into comment (article_id,comment,commentdate,username,id) values (?,?,?,?,default)
2025-08-02T11:47:43.755+09:00 DEBUG 15540 --- [BoardProject] [    Test worker] org.hibernate.SQL                        : insert into comment (article_id,comment,commentdate,username,id) values (?,?,?,?,default)
2025-08-02T11:47:43.755+09:00 DEBUG 15540 --- [BoardProject] [    Test worker] org.hibernate.SQL                        : insert into comment (article_id,comment,commentdate,username,id) values (?,?,?,?,default)
2025-08-02T11:47:43.756+09:00 DEBUG 15540 --- [BoardProject] [    Test worker] org.hibernate.SQL                        : insert into comment (article_id,comment,commentdate,username,id) values (?,?,?,?,default)
2025-08-02T11:47:43.756+09:00 DEBUG 15540 --- [BoardProject] [    Test worker] org.hibernate.SQL                        : insert into comment (article_id,comment,commentdate,username,id) values (?,?,?,?,default)
2025-08-02T11:47:43.757+09:00 DEBUG 15540 --- [BoardProject] [    Test worker] org.hibernate.SQL                        : insert into comment (article_id,comment,commentdate,username,id) values (?,?,?,?,default)
2025-08-02T11:47:43.757+09:00 DEBUG 15540 --- [BoardProject] [    Test worker] org.hibernate.SQL                        : insert into comment (article_id,comment,commentdate,username,id) values (?,?,?,?,default)
2025-08-02T11:47:43.758+09:00 DEBUG 15540 --- [BoardProject] [    Test worker] org.hibernate.SQL                        : insert into comment (article_id,comment,commentdate,username,id) values (?,?,?,?,default)
2025-08-02T11:47:43.758+09:00 DEBUG 15540 --- [BoardProject] [    Test worker] org.hibernate.SQL                        : insert into comment (article_id,comment,commentdate,username,id) values (?,?,?,?,default)
2025-08-02T11:47:43.759+09:00 DEBUG 15540 --- [BoardProject] [    Test worker] org.hibernate.SQL                        : insert into comment (article_id,comment,commentdate,username,id) values (?,?,?,?,default)
2025-08-02T11:47:43.760+09:00 DEBUG 15540 --- [BoardProject] [    Test worker] org.hibernate.SQL                        : insert into comment (article_id,comment,commentdate,username,id) values (?,?,?,?,default)
2025-08-02T11:47:43.760+09:00 DEBUG 15540 --- [BoardProject] [    Test worker] org.hibernate.SQL                        : insert into comment (article_id,comment,commentdate,username,id) values (?,?,?,?,default)
2025-08-02T11:47:43.761+09:00 DEBUG 15540 --- [BoardProject] [    Test worker] org.hibernate.SQL                        : insert into comment (article_id,comment,commentdate,username,id) values (?,?,?,?,default)
2025-08-02T11:47:43.761+09:00 DEBUG 15540 --- [BoardProject] [    Test worker] org.hibernate.SQL                        : insert into comment (article_id,comment,commentdate,username,id) values (?,?,?,?,default)
2025-08-02T11:47:43.762+09:00 DEBUG 15540 --- [BoardProject] [    Test worker] org.hibernate.SQL                        : insert into comment (article_id,comment,commentdate,username,id) values (?,?,?,?,default)
2025-08-02T11:47:43.763+09:00 DEBUG 15540 --- [BoardProject] [    Test worker] org.hibernate.SQL                        : insert into comment (article_id,comment,commentdate,username,id) values (?,?,?,?,default)
2025-08-02T11:47:43.764+09:00 DEBUG 15540 --- [BoardProject] [    Test worker] org.hibernate.SQL                        : insert into comment (article_id,comment,commentdate,username,id) values (?,?,?,?,default)
2025-08-02T11:47:43.764+09:00 DEBUG 15540 --- [BoardProject] [    Test worker] org.hibernate.SQL                        : insert into comment (article_id,comment,commentdate,username,id) values (?,?,?,?,default)
2025-08-02T11:47:43.765+09:00 DEBUG 15540 --- [BoardProject] [    Test worker] org.hibernate.SQL                        : insert into comment (article_id,comment,commentdate,username,id) values (?,?,?,?,default)
2025-08-02T11:47:43.765+09:00 DEBUG 15540 --- [BoardProject] [    Test worker] org.hibernate.SQL                        : insert into comment (article_id,comment,commentdate,username,id) values (?,?,?,?,default)
2025-08-02T11:47:43.766+09:00 DEBUG 15540 --- [BoardProject] [    Test worker] org.hibernate.SQL                        : insert into comment (article_id,comment,commentdate,username,id) values (?,?,?,?,default)
2025-08-02T11:47:43.766+09:00 DEBUG 15540 --- [BoardProject] [    Test worker] org.hibernate.SQL                        : insert into comment (article_id,comment,commentdate,username,id) values (?,?,?,?,default)
2025-08-02T11:47:43.766+09:00 DEBUG 15540 --- [BoardProject] [    Test worker] org.hibernate.SQL                        : insert into comment (article_id,comment,commentdate,username,id) values (?,?,?,?,default)
2025-08-02T11:47:43.767+09:00 DEBUG 15540 --- [BoardProject] [    Test worker] org.hibernate.SQL                        : insert into comment (article_id,comment,commentdate,username,id) values (?,?,?,?,default)
2025-08-02T11:47:43.767+09:00 DEBUG 15540 --- [BoardProject] [    Test worker] org.hibernate.SQL                        : insert into comment (article_id,comment,commentdate,username,id) values (?,?,?,?,default)
2025-08-02T11:47:43.768+09:00 DEBUG 15540 --- [BoardProject] [    Test worker] org.hibernate.SQL                        : insert into comment (article_id,comment,commentdate,username,id) values (?,?,?,?,default)
2025-08-02T11:47:43.768+09:00 DEBUG 15540 --- [BoardProject] [    Test worker] org.hibernate.SQL                        : insert into comment (article_id,comment,commentdate,username,id) values (?,?,?,?,default)
2025-08-02T11:47:43.769+09:00 DEBUG 15540 --- [BoardProject] [    Test worker] org.hibernate.SQL                        : insert into comment (article_id,comment,commentdate,username,id) values (?,?,?,?,default)
2025-08-02T11:47:43.770+09:00 DEBUG 15540 --- [BoardProject] [    Test worker] org.hibernate.SQL                        : insert into comment (article_id,comment,commentdate,username,id) values (?,?,?,?,default)
2025-08-02T11:47:43.770+09:00 DEBUG 15540 --- [BoardProject] [    Test worker] org.hibernate.SQL                        : insert into comment (article_id,comment,commentdate,username,id) values (?,?,?,?,default)
2025-08-02T11:47:43.771+09:00 DEBUG 15540 --- [BoardProject] [    Test worker] org.hibernate.SQL                        : insert into comment (article_id,comment,commentdate,username,id) values (?,?,?,?,default)
2025-08-02T11:47:43.771+09:00 DEBUG 15540 --- [BoardProject] [    Test worker] org.hibernate.SQL                        : insert into comment (article_id,comment,commentdate,username,id) values (?,?,?,?,default)
2025-08-02T11:47:43.772+09:00 DEBUG 15540 --- [BoardProject] [    Test worker] org.hibernate.SQL                        : insert into comment (article_id,comment,commentdate,username,id) values (?,?,?,?,default)
2025-08-02T11:47:43.772+09:00 DEBUG 15540 --- [BoardProject] [    Test worker] org.hibernate.SQL                        : insert into comment (article_id,comment,commentdate,username,id) values (?,?,?,?,default)
2025-08-02T11:47:43.773+09:00 DEBUG 15540 --- [BoardProject] [    Test worker] org.hibernate.SQL                        : insert into comment (article_id,comment,commentdate,username,id) values (?,?,?,?,default)
2025-08-02T11:47:43.773+09:00 DEBUG 15540 --- [BoardProject] [    Test worker] org.hibernate.SQL                        : insert into comment (article_id,comment,commentdate,username,id) values (?,?,?,?,default)
2025-08-02T11:47:43.773+09:00 DEBUG 15540 --- [BoardProject] [    Test worker] org.hibernate.SQL                        : insert into comment (article_id,comment,commentdate,username,id) values (?,?,?,?,default)
2025-08-02T11:47:43.774+09:00 DEBUG 15540 --- [BoardProject] [    Test worker] org.hibernate.SQL                        : insert into comment (article_id,comment,commentdate,username,id) values (?,?,?,?,default)
2025-08-02T11:47:43.775+09:00 DEBUG 15540 --- [BoardProject] [    Test worker] org.hibernate.SQL                        : insert into comment (article_id,comment,commentdate,username,id) values (?,?,?,?,default)
2025-08-02T11:47:43.776+09:00 DEBUG 15540 --- [BoardProject] [    Test worker] org.hibernate.SQL                        : insert into comment (article_id,comment,commentdate,username,id) values (?,?,?,?,default)
2025-08-02T11:47:43.776+09:00 DEBUG 15540 --- [BoardProject] [    Test worker] org.hibernate.SQL                        : insert into comment (article_id,comment,commentdate,username,id) values (?,?,?,?,default)
2025-08-02T11:47:43.777+09:00 DEBUG 15540 --- [BoardProject] [    Test worker] org.hibernate.SQL                        : insert into comment (article_id,comment,commentdate,username,id) values (?,?,?,?,default)
2025-08-02T11:47:43.777+09:00 DEBUG 15540 --- [BoardProject] [    Test worker] org.hibernate.SQL                        : insert into comment (article_id,comment,commentdate,username,id) values (?,?,?,?,default)
2025-08-02T11:47:43.778+09:00 DEBUG 15540 --- [BoardProject] [    Test worker] org.hibernate.SQL                        : insert into comment (article_id,comment,commentdate,username,id) values (?,?,?,?,default)
2025-08-02T11:47:43.778+09:00 DEBUG 15540 --- [BoardProject] [    Test worker] org.hibernate.SQL                        : insert into comment (article_id,comment,commentdate,username,id) values (?,?,?,?,default)
2025-08-02T11:47:43.779+09:00 DEBUG 15540 --- [BoardProject] [    Test worker] org.hibernate.SQL                        : insert into comment (article_id,comment,commentdate,username,id) values (?,?,?,?,default)
2025-08-02T11:47:43.784+09:00 DEBUG 15540 --- [BoardProject] [    Test worker] org.hibernate.SQL                        : insert into comment (article_id,comment,commentdate,username,id) values (?,?,?,?,default)
2025-08-02T11:47:43.784+09:00 DEBUG 15540 --- [BoardProject] [    Test worker] org.hibernate.SQL                        : insert into comment (article_id,comment,commentdate,username,id) values (?,?,?,?,default)
2025-08-02T11:47:43.785+09:00 DEBUG 15540 --- [BoardProject] [    Test worker] org.hibernate.SQL                        : insert into comment (article_id,comment,commentdate,username,id) values (?,?,?,?,default)
2025-08-02T11:47:43.786+09:00 DEBUG 15540 --- [BoardProject] [    Test worker] org.hibernate.SQL                        : insert into comment (article_id,comment,commentdate,username,id) values (?,?,?,?,default)
2025-08-02T11:47:43.787+09:00 DEBUG 15540 --- [BoardProject] [    Test worker] org.hibernate.SQL                        : insert into comment (article_id,comment,commentdate,username,id) values (?,?,?,?,default)
2025-08-02T11:47:43.787+09:00 DEBUG 15540 --- [BoardProject] [    Test worker] org.hibernate.SQL                        : insert into comment (article_id,comment,commentdate,username,id) values (?,?,?,?,default)
2025-08-02T11:47:43.788+09:00 DEBUG 15540 --- [BoardProject] [    Test worker] org.hibernate.SQL                        : insert into comment (article_id,comment,commentdate,username,id) values (?,?,?,?,default)
2025-08-02T11:47:43.789+09:00 DEBUG 15540 --- [BoardProject] [    Test worker] org.hibernate.SQL                        : insert into comment (article_id,comment,commentdate,username,id) values (?,?,?,?,default)
2025-08-02T11:47:43.789+09:00 DEBUG 15540 --- [BoardProject] [    Test worker] org.hibernate.SQL                        : insert into comment (article_id,comment,commentdate,username,id) values (?,?,?,?,default)
2025-08-02T11:47:43.790+09:00 DEBUG 15540 --- [BoardProject] [    Test worker] org.hibernate.SQL                        : insert into comment (article_id,comment,commentdate,username,id) values (?,?,?,?,default)
2025-08-02T11:47:43.790+09:00 DEBUG 15540 --- [BoardProject] [    Test worker] org.hibernate.SQL                        : insert into comment (article_id,comment,commentdate,username,id) values (?,?,?,?,default)
2025-08-02T11:47:43.791+09:00 DEBUG 15540 --- [BoardProject] [    Test worker] org.hibernate.SQL                        : insert into comment (article_id,comment,commentdate,username,id) values (?,?,?,?,default)
2025-08-02T11:47:43.792+09:00 DEBUG 15540 --- [BoardProject] [    Test worker] org.hibernate.SQL                        : insert into comment (article_id,comment,commentdate,username,id) values (?,?,?,?,default)
2025-08-02T11:47:43.792+09:00 DEBUG 15540 --- [BoardProject] [    Test worker] org.hibernate.SQL                        : insert into comment (article_id,comment,commentdate,username,id) values (?,?,?,?,default)
2025-08-02T11:47:43.793+09:00 DEBUG 15540 --- [BoardProject] [    Test worker] org.hibernate.SQL                        : insert into comment (article_id,comment,commentdate,username,id) values (?,?,?,?,default)
2025-08-02T11:47:43.794+09:00 DEBUG 15540 --- [BoardProject] [    Test worker] org.hibernate.SQL                        : insert into comment (article_id,comment,commentdate,username,id) values (?,?,?,?,default)
2025-08-02T11:47:43.794+09:00 DEBUG 15540 --- [BoardProject] [    Test worker] org.hibernate.SQL                        : insert into comment (article_id,comment,commentdate,username,id) values (?,?,?,?,default)
2025-08-02T11:47:43.795+09:00 DEBUG 15540 --- [BoardProject] [    Test worker] org.hibernate.SQL                        : insert into comment (article_id,comment,commentdate,username,id) values (?,?,?,?,default)
2025-08-02T11:47:43.796+09:00 DEBUG 15540 --- [BoardProject] [    Test worker] org.hibernate.SQL                        : insert into comment (article_id,comment,commentdate,username,id) values (?,?,?,?,default)
2025-08-02T11:47:43.797+09:00 DEBUG 15540 --- [BoardProject] [    Test worker] org.hibernate.SQL                        : insert into comment (article_id,comment,commentdate,username,id) values (?,?,?,?,default)
2025-08-02T11:47:43.797+09:00 DEBUG 15540 --- [BoardProject] [    Test worker] org.hibernate.SQL                        : insert into comment (article_id,comment,commentdate,username,id) values (?,?,?,?,default)
2025-08-02T11:47:43.798+09:00 DEBUG 15540 --- [BoardProject] [    Test worker] org.hibernate.SQL                        : insert into comment (article_id,comment,commentdate,username,id) values (?,?,?,?,default)
2025-08-02T11:47:43.799+09:00 DEBUG 15540 --- [BoardProject] [    Test worker] org.hibernate.SQL                        : insert into comment (article_id,comment,commentdate,username,id) values (?,?,?,?,default)
2025-08-02T11:47:43.799+09:00 DEBUG 15540 --- [BoardProject] [    Test worker] org.hibernate.SQL                        : insert into comment (article_id,comment,commentdate,username,id) values (?,?,?,?,default)
2025-08-02T11:47:43.800+09:00 DEBUG 15540 --- [BoardProject] [    Test worker] org.hibernate.SQL                        : insert into comment (article_id,comment,commentdate,username,id) values (?,?,?,?,default)
2025-08-02T11:47:43.801+09:00 DEBUG 15540 --- [BoardProject] [    Test worker] org.hibernate.SQL                        : insert into comment (article_id,comment,commentdate,username,id) values (?,?,?,?,default)
2025-08-02T11:47:43.802+09:00 DEBUG 15540 --- [BoardProject] [    Test worker] org.hibernate.SQL                        : insert into comment (article_id,comment,commentdate,username,id) values (?,?,?,?,default)
2025-08-02T11:47:43.803+09:00 DEBUG 15540 --- [BoardProject] [    Test worker] org.hibernate.SQL                        : insert into comment (article_id,comment,commentdate,username,id) values (?,?,?,?,default)
2025-08-02T11:47:43.806+09:00 DEBUG 15540 --- [BoardProject] [    Test worker] org.hibernate.SQL                        : insert into comment (article_id,comment,commentdate,username,id) values (?,?,?,?,default)
2025-08-02T11:47:43.807+09:00 DEBUG 15540 --- [BoardProject] [    Test worker] org.hibernate.SQL                        : insert into comment (article_id,comment,commentdate,username,id) values (?,?,?,?,default)
2025-08-02T11:47:43.808+09:00 DEBUG 15540 --- [BoardProject] [    Test worker] org.hibernate.SQL                        : insert into comment (article_id,comment,commentdate,username,id) values (?,?,?,?,default)
2025-08-02T11:47:43.808+09:00 DEBUG 15540 --- [BoardProject] [    Test worker] org.hibernate.SQL                        : insert into comment (article_id,comment,commentdate,username,id) values (?,?,?,?,default)
2025-08-02T11:47:43.809+09:00 DEBUG 15540 --- [BoardProject] [    Test worker] org.hibernate.SQL                        : insert into comment (article_id,comment,commentdate,username,id) values (?,?,?,?,default)
2025-08-02T11:47:43.809+09:00 DEBUG 15540 --- [BoardProject] [    Test worker] org.hibernate.SQL                        : insert into comment (article_id,comment,commentdate,username,id) values (?,?,?,?,default)
2025-08-02T11:47:43.810+09:00 DEBUG 15540 --- [BoardProject] [    Test worker] org.hibernate.SQL                        : insert into comment (article_id,comment,commentdate,username,id) values (?,?,?,?,default)
2025-08-02T11:47:43.810+09:00 DEBUG 15540 --- [BoardProject] [    Test worker] org.hibernate.SQL                        : insert into comment (article_id,comment,commentdate,username,id) values (?,?,?,?,default)
2025-08-02T11:47:43.811+09:00 DEBUG 15540 --- [BoardProject] [    Test worker] org.hibernate.SQL                        : insert into comment (article_id,comment,commentdate,username,id) values (?,?,?,?,default)
2025-08-02T11:47:43.812+09:00 DEBUG 15540 --- [BoardProject] [    Test worker] org.hibernate.SQL                        : insert into comment (article_id,comment,commentdate,username,id) values (?,?,?,?,default)
2025-08-02T11:47:43.813+09:00 DEBUG 15540 --- [BoardProject] [    Test worker] org.hibernate.SQL                        : insert into comment (article_id,comment,commentdate,username,id) values (?,?,?,?,default)
2025-08-02T11:47:43.813+09:00 DEBUG 15540 --- [BoardProject] [    Test worker] org.hibernate.SQL                        : insert into comment (article_id,comment,commentdate,username,id) values (?,?,?,?,default)
2025-08-02T11:47:43.814+09:00 DEBUG 15540 --- [BoardProject] [    Test worker] org.hibernate.SQL                        : insert into comment (article_id,comment,commentdate,username,id) values (?,?,?,?,default)
2025-08-02T11:47:43.815+09:00 DEBUG 15540 --- [BoardProject] [    Test worker] org.hibernate.SQL                        : insert into comment (article_id,comment,commentdate,username,id) values (?,?,?,?,default)
2025-08-02T11:47:43.815+09:00 DEBUG 15540 --- [BoardProject] [    Test worker] org.hibernate.SQL                        : insert into comment (article_id,comment,commentdate,username,id) values (?,?,?,?,default)
2025-08-02T11:47:43.816+09:00 DEBUG 15540 --- [BoardProject] [    Test worker] org.hibernate.SQL                        : insert into comment (article_id,comment,commentdate,username,id) values (?,?,?,?,default)
2025-08-02T11:47:43.816+09:00 DEBUG 15540 --- [BoardProject] [    Test worker] org.hibernate.SQL                        : insert into comment (article_id,comment,commentdate,username,id) values (?,?,?,?,default)
2025-08-02T11:47:43.817+09:00 DEBUG 15540 --- [BoardProject] [    Test worker] org.hibernate.SQL                        : insert into comment (article_id,comment,commentdate,username,id) values (?,?,?,?,default)
2025-08-02T11:47:43.817+09:00 DEBUG 15540 --- [BoardProject] [    Test worker] org.hibernate.SQL                        : insert into comment (article_id,comment,commentdate,username,id) values (?,?,?,?,default)
2025-08-02T11:47:43.818+09:00 DEBUG 15540 --- [BoardProject] [    Test worker] org.hibernate.SQL                        : insert into comment (article_id,comment,commentdate,username,id) values (?,?,?,?,default)
2025-08-02T11:47:43.818+09:00 DEBUG 15540 --- [BoardProject] [    Test worker] org.hibernate.SQL                        : insert into comment (article_id,comment,commentdate,username,id) values (?,?,?,?,default)
2025-08-02T11:47:43.819+09:00 DEBUG 15540 --- [BoardProject] [    Test worker] org.hibernate.SQL                        : insert into comment (article_id,comment,commentdate,username,id) values (?,?,?,?,default)
2025-08-02T11:47:43.820+09:00 DEBUG 15540 --- [BoardProject] [    Test worker] org.hibernate.SQL                        : insert into comment (article_id,comment,commentdate,username,id) values (?,?,?,?,default)
2025-08-02T11:47:43.820+09:00 DEBUG 15540 --- [BoardProject] [    Test worker] org.hibernate.SQL                        : insert into comment (article_id,comment,commentdate,username,id) values (?,?,?,?,default)
2025-08-02T11:47:43.821+09:00 DEBUG 15540 --- [BoardProject] [    Test worker] org.hibernate.SQL                        : insert into comment (article_id,comment,commentdate,username,id) values (?,?,?,?,default)
2025-08-02T11:47:43.822+09:00 DEBUG 15540 --- [BoardProject] [    Test worker] org.hibernate.SQL                        : insert into comment (article_id,comment,commentdate,username,id) values (?,?,?,?,default)
2025-08-02T11:47:43.822+09:00 DEBUG 15540 --- [BoardProject] [    Test worker] org.hibernate.SQL                        : insert into comment (article_id,comment,commentdate,username,id) values (?,?,?,?,default)
2025-08-02T11:47:43.823+09:00 DEBUG 15540 --- [BoardProject] [    Test worker] org.hibernate.SQL                        : insert into comment (article_id,comment,commentdate,username,id) values (?,?,?,?,default)
2025-08-02T11:47:43.823+09:00 DEBUG 15540 --- [BoardProject] [    Test worker] org.hibernate.SQL                        : insert into comment (article_id,comment,commentdate,username,id) values (?,?,?,?,default)
2025-08-02T11:47:43.824+09:00 DEBUG 15540 --- [BoardProject] [    Test worker] org.hibernate.SQL                        : insert into comment (article_id,comment,commentdate,username,id) values (?,?,?,?,default)
2025-08-02T11:47:43.825+09:00 DEBUG 15540 --- [BoardProject] [    Test worker] org.hibernate.SQL                        : insert into comment (article_id,comment,commentdate,username,id) values (?,?,?,?,default)
2025-08-02T11:47:43.825+09:00 DEBUG 15540 --- [BoardProject] [    Test worker] org.hibernate.SQL                        : insert into comment (article_id,comment,commentdate,username,id) values (?,?,?,?,default)
2025-08-02T11:47:43.826+09:00 DEBUG 15540 --- [BoardProject] [    Test worker] org.hibernate.SQL                        : insert into comment (article_id,comment,commentdate,username,id) values (?,?,?,?,default)
2025-08-02T11:47:43.826+09:00 DEBUG 15540 --- [BoardProject] [    Test worker] org.hibernate.SQL                        : insert into comment (article_id,comment,commentdate,username,id) values (?,?,?,?,default)
2025-08-02T11:47:43.827+09:00 DEBUG 15540 --- [BoardProject] [    Test worker] org.hibernate.SQL                        : insert into comment (article_id,comment,commentdate,username,id) values (?,?,?,?,default)
2025-08-02T11:47:43.827+09:00 DEBUG 15540 --- [BoardProject] [    Test worker] org.hibernate.SQL                        : insert into comment (article_id,comment,commentdate,username,id) values (?,?,?,?,default)
2025-08-02T11:47:43.828+09:00 DEBUG 15540 --- [BoardProject] [    Test worker] org.hibernate.SQL                        : insert into comment (article_id,comment,commentdate,username,id) values (?,?,?,?,default)
2025-08-02T11:47:43.828+09:00 DEBUG 15540 --- [BoardProject] [    Test worker] org.hibernate.SQL                        : insert into comment (article_id,comment,commentdate,username,id) values (?,?,?,?,default)
2025-08-02T11:47:43.829+09:00 DEBUG 15540 --- [BoardProject] [    Test worker] org.hibernate.SQL                        : insert into comment (article_id,comment,commentdate,username,id) values (?,?,?,?,default)
2025-08-02T11:47:43.829+09:00 DEBUG 15540 --- [BoardProject] [    Test worker] org.hibernate.SQL                        : insert into comment (article_id,comment,commentdate,username,id) values (?,?,?,?,default)
2025-08-02T11:47:43.830+09:00 DEBUG 15540 --- [BoardProject] [    Test worker] org.hibernate.SQL                        : insert into comment (article_id,comment,commentdate,username,id) values (?,?,?,?,default)
2025-08-02T11:47:43.830+09:00 DEBUG 15540 --- [BoardProject] [    Test worker] org.hibernate.SQL                        : insert into comment (article_id,comment,commentdate,username,id) values (?,?,?,?,default)
2025-08-02T11:47:43.831+09:00 DEBUG 15540 --- [BoardProject] [    Test worker] org.hibernate.SQL                        : insert into comment (article_id,comment,commentdate,username,id) values (?,?,?,?,default)
2025-08-02T11:47:43.832+09:00 DEBUG 15540 --- [BoardProject] [    Test worker] org.hibernate.SQL                        : insert into comment (article_id,comment,commentdate,username,id) values (?,?,?,?,default)
2025-08-02T11:47:43.832+09:00 DEBUG 15540 --- [BoardProject] [    Test worker] org.hibernate.SQL                        : insert into comment (article_id,comment,commentdate,username,id) values (?,?,?,?,default)
2025-08-02T11:47:43.833+09:00 DEBUG 15540 --- [BoardProject] [    Test worker] org.hibernate.SQL                        : insert into comment (article_id,comment,commentdate,username,id) values (?,?,?,?,default)
2025-08-02T11:47:43.833+09:00 DEBUG 15540 --- [BoardProject] [    Test worker] org.hibernate.SQL                        : insert into comment (article_id,comment,commentdate,username,id) values (?,?,?,?,default)
2025-08-02T11:47:43.834+09:00 DEBUG 15540 --- [BoardProject] [    Test worker] org.hibernate.SQL                        : insert into comment (article_id,comment,commentdate,username,id) values (?,?,?,?,default)
2025-08-02T11:47:43.834+09:00 DEBUG 15540 --- [BoardProject] [    Test worker] org.hibernate.SQL                        : insert into comment (article_id,comment,commentdate,username,id) values (?,?,?,?,default)
2025-08-02T11:47:43.835+09:00 DEBUG 15540 --- [BoardProject] [    Test worker] org.hibernate.SQL                        : insert into comment (article_id,comment,commentdate,username,id) values (?,?,?,?,default)
2025-08-02T11:47:43.835+09:00 DEBUG 15540 --- [BoardProject] [    Test worker] org.hibernate.SQL                        : insert into comment (article_id,comment,commentdate,username,id) values (?,?,?,?,default)
2025-08-02T11:47:43.836+09:00 DEBUG 15540 --- [BoardProject] [    Test worker] org.hibernate.SQL                        : insert into comment (article_id,comment,commentdate,username,id) values (?,?,?,?,default)
2025-08-02T11:47:43.837+09:00 DEBUG 15540 --- [BoardProject] [    Test worker] org.hibernate.SQL                        : insert into comment (article_id,comment,commentdate,username,id) values (?,?,?,?,default)
2025-08-02T11:47:43.837+09:00 DEBUG 15540 --- [BoardProject] [    Test worker] org.hibernate.SQL                        : insert into comment (article_id,comment,commentdate,username,id) values (?,?,?,?,default)
2025-08-02T11:47:43.837+09:00 DEBUG 15540 --- [BoardProject] [    Test worker] org.hibernate.SQL                        : insert into comment (article_id,comment,commentdate,username,id) values (?,?,?,?,default)
2025-08-02T11:47:43.838+09:00 DEBUG 15540 --- [BoardProject] [    Test worker] org.hibernate.SQL                        : insert into comment (article_id,comment,commentdate,username,id) values (?,?,?,?,default)
2025-08-02T11:47:43.838+09:00 DEBUG 15540 --- [BoardProject] [    Test worker] org.hibernate.SQL                        : insert into comment (article_id,comment,commentdate,username,id) values (?,?,?,?,default)
2025-08-02T11:47:43.839+09:00 DEBUG 15540 --- [BoardProject] [    Test worker] org.hibernate.SQL                        : insert into comment (article_id,comment,commentdate,username,id) values (?,?,?,?,default)
2025-08-02T11:47:43.839+09:00 DEBUG 15540 --- [BoardProject] [    Test worker] org.hibernate.SQL                        : insert into comment (article_id,comment,commentdate,username,id) values (?,?,?,?,default)
2025-08-02T11:47:43.840+09:00 DEBUG 15540 --- [BoardProject] [    Test worker] org.hibernate.SQL                        : insert into comment (article_id,comment,commentdate,username,id) values (?,?,?,?,default)
2025-08-02T11:47:43.840+09:00 DEBUG 15540 --- [BoardProject] [    Test worker] org.hibernate.SQL                        : insert into comment (article_id,comment,commentdate,username,id) values (?,?,?,?,default)
2025-08-02T11:47:43.841+09:00 DEBUG 15540 --- [BoardProject] [    Test worker] org.hibernate.SQL                        : insert into comment (article_id,comment,commentdate,username,id) values (?,?,?,?,default)
2025-08-02T11:47:43.841+09:00 DEBUG 15540 --- [BoardProject] [    Test worker] org.hibernate.SQL                        : insert into comment (article_id,comment,commentdate,username,id) values (?,?,?,?,default)
2025-08-02T11:47:43.842+09:00 DEBUG 15540 --- [BoardProject] [    Test worker] org.hibernate.SQL                        : insert into comment (article_id,comment,commentdate,username,id) values (?,?,?,?,default)
2025-08-02T11:47:43.842+09:00 DEBUG 15540 --- [BoardProject] [    Test worker] org.hibernate.SQL                        : insert into comment (article_id,comment,commentdate,username,id) values (?,?,?,?,default)
2025-08-02T11:47:43.842+09:00 DEBUG 15540 --- [BoardProject] [    Test worker] org.hibernate.SQL                        : insert into comment (article_id,comment,commentdate,username,id) values (?,?,?,?,default)
2025-08-02T11:47:43.843+09:00 DEBUG 15540 --- [BoardProject] [    Test worker] org.hibernate.SQL                        : insert into comment (article_id,comment,commentdate,username,id) values (?,?,?,?,default)
2025-08-02T11:47:43.843+09:00 DEBUG 15540 --- [BoardProject] [    Test worker] org.hibernate.SQL                        : insert into comment (article_id,comment,commentdate,username,id) values (?,?,?,?,default)
2025-08-02T11:47:43.844+09:00 DEBUG 15540 --- [BoardProject] [    Test worker] org.hibernate.SQL                        : insert into comment (article_id,comment,commentdate,username,id) values (?,?,?,?,default)
2025-08-02T11:47:43.844+09:00 DEBUG 15540 --- [BoardProject] [    Test worker] org.hibernate.SQL                        : insert into comment (article_id,comment,commentdate,username,id) values (?,?,?,?,default)
2025-08-02T11:47:43.845+09:00 DEBUG 15540 --- [BoardProject] [    Test worker] org.hibernate.SQL                        : insert into comment (article_id,comment,commentdate,username,id) values (?,?,?,?,default)
2025-08-02T11:47:43.845+09:00 DEBUG 15540 --- [BoardProject] [    Test worker] org.hibernate.SQL                        : insert into comment (article_id,comment,commentdate,username,id) values (?,?,?,?,default)
2025-08-02T11:47:43.845+09:00 DEBUG 15540 --- [BoardProject] [    Test worker] org.hibernate.SQL                        : insert into comment (article_id,comment,commentdate,username,id) values (?,?,?,?,default)
2025-08-02T11:47:43.846+09:00 DEBUG 15540 --- [BoardProject] [    Test worker] org.hibernate.SQL                        : insert into comment (article_id,comment,commentdate,username,id) values (?,?,?,?,default)
2025-08-02T11:47:43.846+09:00 DEBUG 15540 --- [BoardProject] [    Test worker] org.hibernate.SQL                        : insert into comment (article_id,comment,commentdate,username,id) values (?,?,?,?,default)
2025-08-02T11:47:43.847+09:00 DEBUG 15540 --- [BoardProject] [    Test worker] org.hibernate.SQL                        : insert into comment (article_id,comment,commentdate,username,id) values (?,?,?,?,default)
2025-08-02T11:47:43.847+09:00 DEBUG 15540 --- [BoardProject] [    Test worker] org.hibernate.SQL                        : insert into comment (article_id,comment,commentdate,username,id) values (?,?,?,?,default)
2025-08-02T11:47:43.848+09:00 DEBUG 15540 --- [BoardProject] [    Test worker] org.hibernate.SQL                        : insert into comment (article_id,comment,commentdate,username,id) values (?,?,?,?,default)
2025-08-02T11:47:43.848+09:00 DEBUG 15540 --- [BoardProject] [    Test worker] org.hibernate.SQL                        : insert into comment (article_id,comment,commentdate,username,id) values (?,?,?,?,default)
2025-08-02T11:47:43.848+09:00 DEBUG 15540 --- [BoardProject] [    Test worker] org.hibernate.SQL                        : insert into comment (article_id,comment,commentdate,username,id) values (?,?,?,?,default)
2025-08-02T11:47:43.849+09:00 DEBUG 15540 --- [BoardProject] [    Test worker] org.hibernate.SQL                        : insert into comment (article_id,comment,commentdate,username,id) values (?,?,?,?,default)
2025-08-02T11:47:43.849+09:00 DEBUG 15540 --- [BoardProject] [    Test worker] org.hibernate.SQL                        : insert into comment (article_id,comment,commentdate,username,id) values (?,?,?,?,default)
2025-08-02T11:47:43.849+09:00 DEBUG 15540 --- [BoardProject] [    Test worker] org.hibernate.SQL                        : insert into comment (article_id,comment,commentdate,username,id) values (?,?,?,?,default)
2025-08-02T11:47:43.850+09:00 DEBUG 15540 --- [BoardProject] [    Test worker] org.hibernate.SQL                        : insert into comment (article_id,comment,commentdate,username,id) values (?,?,?,?,default)
2025-08-02T11:47:43.850+09:00 DEBUG 15540 --- [BoardProject] [    Test worker] org.hibernate.SQL                        : insert into comment (article_id,comment,commentdate,username,id) values (?,?,?,?,default)
2025-08-02T11:47:43.851+09:00 DEBUG 15540 --- [BoardProject] [    Test worker] org.hibernate.SQL                        : insert into comment (article_id,comment,commentdate,username,id) values (?,?,?,?,default)
2025-08-02T11:47:43.851+09:00 DEBUG 15540 --- [BoardProject] [    Test worker] org.hibernate.SQL                        : insert into comment (article_id,comment,commentdate,username,id) values (?,?,?,?,default)
2025-08-02T11:47:43.851+09:00 DEBUG 15540 --- [BoardProject] [    Test worker] org.hibernate.SQL                        : insert into comment (article_id,comment,commentdate,username,id) values (?,?,?,?,default)
2025-08-02T11:47:43.852+09:00 DEBUG 15540 --- [BoardProject] [    Test worker] org.hibernate.SQL                        : insert into comment (article_id,comment,commentdate,username,id) values (?,?,?,?,default)
2025-08-02T11:47:43.852+09:00 DEBUG 15540 --- [BoardProject] [    Test worker] org.hibernate.SQL                        : insert into comment (article_id,comment,commentdate,username,id) values (?,?,?,?,default)
2025-08-02T11:47:43.853+09:00 DEBUG 15540 --- [BoardProject] [    Test worker] org.hibernate.SQL                        : insert into comment (article_id,comment,commentdate,username,id) values (?,?,?,?,default)
2025-08-02T11:47:43.853+09:00 DEBUG 15540 --- [BoardProject] [    Test worker] org.hibernate.SQL                        : insert into comment (article_id,comment,commentdate,username,id) values (?,?,?,?,default)
2025-08-02T11:47:43.853+09:00 DEBUG 15540 --- [BoardProject] [    Test worker] org.hibernate.SQL                        : insert into comment (article_id,comment,commentdate,username,id) values (?,?,?,?,default)
2025-08-02T11:47:43.854+09:00 DEBUG 15540 --- [BoardProject] [    Test worker] org.hibernate.SQL                        : insert into comment (article_id,comment,commentdate,username,id) values (?,?,?,?,default)
2025-08-02T11:47:43.854+09:00 DEBUG 15540 --- [BoardProject] [    Test worker] org.hibernate.SQL                        : insert into comment (article_id,comment,commentdate,username,id) values (?,?,?,?,default)
2025-08-02T11:47:43.855+09:00 DEBUG 15540 --- [BoardProject] [    Test worker] org.hibernate.SQL                        : insert into comment (article_id,comment,commentdate,username,id) values (?,?,?,?,default)
2025-08-02T11:47:43.855+09:00 DEBUG 15540 --- [BoardProject] [    Test worker] org.hibernate.SQL                        : insert into comment (article_id,comment,commentdate,username,id) values (?,?,?,?,default)
2025-08-02T11:47:43.855+09:00 DEBUG 15540 --- [BoardProject] [    Test worker] org.hibernate.SQL                        : insert into comment (article_id,comment,commentdate,username,id) values (?,?,?,?,default)
2025-08-02T11:47:43.856+09:00 DEBUG 15540 --- [BoardProject] [    Test worker] org.hibernate.SQL                        : insert into comment (article_id,comment,commentdate,username,id) values (?,?,?,?,default)
2025-08-02T11:47:43.856+09:00 DEBUG 15540 --- [BoardProject] [    Test worker] org.hibernate.SQL                        : insert into comment (article_id,comment,commentdate,username,id) values (?,?,?,?,default)
2025-08-02T11:47:43.856+09:00 DEBUG 15540 --- [BoardProject] [    Test worker] org.hibernate.SQL                        : insert into comment (article_id,comment,commentdate,username,id) values (?,?,?,?,default)
2025-08-02T11:47:43.857+09:00 DEBUG 15540 --- [BoardProject] [    Test worker] org.hibernate.SQL                        : insert into comment (article_id,comment,commentdate,username,id) values (?,?,?,?,default)
2025-08-02T11:47:43.857+09:00 DEBUG 15540 --- [BoardProject] [    Test worker] org.hibernate.SQL                        : insert into comment (article_id,comment,commentdate,username,id) values (?,?,?,?,default)
2025-08-02T11:47:43.857+09:00 DEBUG 15540 --- [BoardProject] [    Test worker] org.hibernate.SQL                        : insert into comment (article_id,comment,commentdate,username,id) values (?,?,?,?,default)
2025-08-02T11:47:43.858+09:00 DEBUG 15540 --- [BoardProject] [    Test worker] org.hibernate.SQL                        : insert into comment (article_id,comment,commentdate,username,id) values (?,?,?,?,default)
2025-08-02T11:47:43.858+09:00 DEBUG 15540 --- [BoardProject] [    Test worker] org.hibernate.SQL                        : insert into comment (article_id,comment,commentdate,username,id) values (?,?,?,?,default)
2025-08-02T11:47:43.859+09:00 DEBUG 15540 --- [BoardProject] [    Test worker] org.hibernate.SQL                        : insert into comment (article_id,comment,commentdate,username,id) values (?,?,?,?,default)
2025-08-02T11:47:43.859+09:00 DEBUG 15540 --- [BoardProject] [    Test worker] org.hibernate.SQL                        : insert into comment (article_id,comment,commentdate,username,id) values (?,?,?,?,default)
2025-08-02T11:47:43.859+09:00 DEBUG 15540 --- [BoardProject] [    Test worker] org.hibernate.SQL                        : insert into comment (article_id,comment,commentdate,username,id) values (?,?,?,?,default)
2025-08-02T11:47:43.860+09:00 DEBUG 15540 --- [BoardProject] [    Test worker] org.hibernate.SQL                        : insert into comment (article_id,comment,commentdate,username,id) values (?,?,?,?,default)
2025-08-02T11:47:43.860+09:00 DEBUG 15540 --- [BoardProject] [    Test worker] org.hibernate.SQL                        : insert into comment (article_id,comment,commentdate,username,id) values (?,?,?,?,default)
2025-08-02T11:47:43.861+09:00 DEBUG 15540 --- [BoardProject] [    Test worker] org.hibernate.SQL                        : insert into comment (article_id,comment,commentdate,username,id) values (?,?,?,?,default)
2025-08-02T11:47:43.861+09:00 DEBUG 15540 --- [BoardProject] [    Test worker] org.hibernate.SQL                        : insert into comment (article_id,comment,commentdate,username,id) values (?,?,?,?,default)
2025-08-02T11:47:43.861+09:00 DEBUG 15540 --- [BoardProject] [    Test worker] org.hibernate.SQL                        : insert into comment (article_id,comment,commentdate,username,id) values (?,?,?,?,default)
2025-08-02T11:47:43.862+09:00 DEBUG 15540 --- [BoardProject] [    Test worker] org.hibernate.SQL                        : insert into comment (article_id,comment,commentdate,username,id) values (?,?,?,?,default)
2025-08-02T11:47:43.862+09:00 DEBUG 15540 --- [BoardProject] [    Test worker] org.hibernate.SQL                        : insert into comment (article_id,comment,commentdate,username,id) values (?,?,?,?,default)
2025-08-02T11:47:43.863+09:00 DEBUG 15540 --- [BoardProject] [    Test worker] org.hibernate.SQL                        : insert into comment (article_id,comment,commentdate,username,id) values (?,?,?,?,default)
2025-08-02T11:47:43.863+09:00 DEBUG 15540 --- [BoardProject] [    Test worker] org.hibernate.SQL                        : insert into comment (article_id,comment,commentdate,username,id) values (?,?,?,?,default)
2025-08-02T11:47:43.863+09:00 DEBUG 15540 --- [BoardProject] [    Test worker] org.hibernate.SQL                        : insert into comment (article_id,comment,commentdate,username,id) values (?,?,?,?,default)
2025-08-02T11:47:43.864+09:00 DEBUG 15540 --- [BoardProject] [    Test worker] org.hibernate.SQL                        : insert into comment (article_id,comment,commentdate,username,id) values (?,?,?,?,default)
2025-08-02T11:47:43.864+09:00 DEBUG 15540 --- [BoardProject] [    Test worker] org.hibernate.SQL                        : insert into comment (article_id,comment,commentdate,username,id) values (?,?,?,?,default)
2025-08-02T11:47:43.864+09:00 DEBUG 15540 --- [BoardProject] [    Test worker] org.hibernate.SQL                        : insert into comment (article_id,comment,commentdate,username,id) values (?,?,?,?,default)
2025-08-02T11:47:43.865+09:00 DEBUG 15540 --- [BoardProject] [    Test worker] org.hibernate.SQL                        : insert into comment (article_id,comment,commentdate,username,id) values (?,?,?,?,default)
2025-08-02T11:47:43.865+09:00 DEBUG 15540 --- [BoardProject] [    Test worker] org.hibernate.SQL                        : insert into comment (article_id,comment,commentdate,username,id) values (?,?,?,?,default)
2025-08-02T11:47:43.866+09:00 DEBUG 15540 --- [BoardProject] [    Test worker] org.hibernate.SQL                        : insert into comment (article_id,comment,commentdate,username,id) values (?,?,?,?,default)
2025-08-02T11:47:43.866+09:00 DEBUG 15540 --- [BoardProject] [    Test worker] org.hibernate.SQL                        : insert into comment (article_id,comment,commentdate,username,id) values (?,?,?,?,default)
2025-08-02T11:47:43.866+09:00 DEBUG 15540 --- [BoardProject] [    Test worker] org.hibernate.SQL                        : insert into comment (article_id,comment,commentdate,username,id) values (?,?,?,?,default)
2025-08-02T11:47:43.867+09:00 DEBUG 15540 --- [BoardProject] [    Test worker] org.hibernate.SQL                        : insert into comment (article_id,comment,commentdate,username,id) values (?,?,?,?,default)
2025-08-02T11:47:43.867+09:00 DEBUG 15540 --- [BoardProject] [    Test worker] org.hibernate.SQL                        : insert into comment (article_id,comment,commentdate,username,id) values (?,?,?,?,default)
2025-08-02T11:47:43.868+09:00 DEBUG 15540 --- [BoardProject] [    Test worker] org.hibernate.SQL                        : insert into comment (article_id,comment,commentdate,username,id) values (?,?,?,?,default)
2025-08-02T11:47:43.868+09:00 DEBUG 15540 --- [BoardProject] [    Test worker] org.hibernate.SQL                        : insert into comment (article_id,comment,commentdate,username,id) values (?,?,?,?,default)
2025-08-02T11:47:43.868+09:00 DEBUG 15540 --- [BoardProject] [    Test worker] org.hibernate.SQL                        : insert into comment (article_id,comment,commentdate,username,id) values (?,?,?,?,default)
2025-08-02T11:47:43.869+09:00 DEBUG 15540 --- [BoardProject] [    Test worker] org.hibernate.SQL                        : insert into comment (article_id,comment,commentdate,username,id) values (?,?,?,?,default)
2025-08-02T11:47:43.869+09:00 DEBUG 15540 --- [BoardProject] [    Test worker] org.hibernate.SQL                        : insert into comment (article_id,comment,commentdate,username,id) values (?,?,?,?,default)
2025-08-02T11:47:43.870+09:00 DEBUG 15540 --- [BoardProject] [    Test worker] org.hibernate.SQL                        : insert into comment (article_id,comment,commentdate,username,id) values (?,?,?,?,default)
2025-08-02T11:47:43.870+09:00 DEBUG 15540 --- [BoardProject] [    Test worker] org.hibernate.SQL                        : insert into comment (article_id,comment,commentdate,username,id) values (?,?,?,?,default)
2025-08-02T11:47:43.870+09:00 DEBUG 15540 --- [BoardProject] [    Test worker] org.hibernate.SQL                        : insert into comment (article_id,comment,commentdate,username,id) values (?,?,?,?,default)
2025-08-02T11:47:43.871+09:00 DEBUG 15540 --- [BoardProject] [    Test worker] org.hibernate.SQL                        : insert into comment (article_id,comment,commentdate,username,id) values (?,?,?,?,default)
2025-08-02T11:47:43.871+09:00 DEBUG 15540 --- [BoardProject] [    Test worker] org.hibernate.SQL                        : insert into comment (article_id,comment,commentdate,username,id) values (?,?,?,?,default)
2025-08-02T11:47:43.872+09:00 DEBUG 15540 --- [BoardProject] [    Test worker] org.hibernate.SQL                        : insert into comment (article_id,comment,commentdate,username,id) values (?,?,?,?,default)
2025-08-02T11:47:43.872+09:00 DEBUG 15540 --- [BoardProject] [    Test worker] org.hibernate.SQL                        : insert into comment (article_id,comment,commentdate,username,id) values (?,?,?,?,default)
2025-08-02T11:47:43.873+09:00 DEBUG 15540 --- [BoardProject] [    Test worker] org.hibernate.SQL                        : insert into comment (article_id,comment,commentdate,username,id) values (?,?,?,?,default)
2025-08-02T11:47:43.873+09:00 DEBUG 15540 --- [BoardProject] [    Test worker] org.hibernate.SQL                        : insert into comment (article_id,comment,commentdate,username,id) values (?,?,?,?,default)
2025-08-02T11:47:43.874+09:00 DEBUG 15540 --- [BoardProject] [    Test worker] org.hibernate.SQL                        : insert into comment (article_id,comment,commentdate,username,id) values (?,?,?,?,default)
2025-08-02T11:47:43.874+09:00 DEBUG 15540 --- [BoardProject] [    Test worker] org.hibernate.SQL                        : insert into comment (article_id,comment,commentdate,username,id) values (?,?,?,?,default)
2025-08-02T11:47:43.874+09:00 DEBUG 15540 --- [BoardProject] [    Test worker] org.hibernate.SQL                        : insert into comment (article_id,comment,commentdate,username,id) values (?,?,?,?,default)
2025-08-02T11:47:43.875+09:00 DEBUG 15540 --- [BoardProject] [    Test worker] org.hibernate.SQL                        : insert into comment (article_id,comment,commentdate,username,id) values (?,?,?,?,default)
2025-08-02T11:47:43.875+09:00 DEBUG 15540 --- [BoardProject] [    Test worker] org.hibernate.SQL                        : insert into comment (article_id,comment,commentdate,username,id) values (?,?,?,?,default)
2025-08-02T11:47:43.876+09:00 DEBUG 15540 --- [BoardProject] [    Test worker] org.hibernate.SQL                        : insert into comment (article_id,comment,commentdate,username,id) values (?,?,?,?,default)
2025-08-02T11:47:43.876+09:00 DEBUG 15540 --- [BoardProject] [    Test worker] org.hibernate.SQL                        : insert into comment (article_id,comment,commentdate,username,id) values (?,?,?,?,default)
2025-08-02T11:47:43.877+09:00 DEBUG 15540 --- [BoardProject] [    Test worker] org.hibernate.SQL                        : insert into comment (article_id,comment,commentdate,username,id) values (?,?,?,?,default)
2025-08-02T11:47:43.878+09:00 DEBUG 15540 --- [BoardProject] [    Test worker] org.hibernate.SQL                        : insert into comment (article_id,comment,commentdate,username,id) values (?,?,?,?,default)
2025-08-02T11:47:43.878+09:00 DEBUG 15540 --- [BoardProject] [    Test worker] org.hibernate.SQL                        : insert into comment (article_id,comment,commentdate,username,id) values (?,?,?,?,default)
2025-08-02T11:47:43.879+09:00 DEBUG 15540 --- [BoardProject] [    Test worker] org.hibernate.SQL                        : insert into comment (article_id,comment,commentdate,username,id) values (?,?,?,?,default)
2025-08-02T11:47:43.879+09:00 DEBUG 15540 --- [BoardProject] [    Test worker] org.hibernate.SQL                        : insert into comment (article_id,comment,commentdate,username,id) values (?,?,?,?,default)
2025-08-02T11:47:43.880+09:00 DEBUG 15540 --- [BoardProject] [    Test worker] org.hibernate.SQL                        : insert into comment (article_id,comment,commentdate,username,id) values (?,?,?,?,default)
2025-08-02T11:47:43.880+09:00 DEBUG 15540 --- [BoardProject] [    Test worker] org.hibernate.SQL                        : insert into comment (article_id,comment,commentdate,username,id) values (?,?,?,?,default)
2025-08-02T11:47:43.881+09:00 DEBUG 15540 --- [BoardProject] [    Test worker] org.hibernate.SQL                        : insert into comment (article_id,comment,commentdate,username,id) values (?,?,?,?,default)
2025-08-02T11:47:43.881+09:00 DEBUG 15540 --- [BoardProject] [    Test worker] org.hibernate.SQL                        : insert into comment (article_id,comment,commentdate,username,id) values (?,?,?,?,default)
2025-08-02T11:47:43.882+09:00 DEBUG 15540 --- [BoardProject] [    Test worker] org.hibernate.SQL                        : insert into comment (article_id,comment,commentdate,username,id) values (?,?,?,?,default)
[...]
2025-08-02T11:47:43.942+09:00 DEBUG 15540 --- [BoardProject] [    Test worker] org.hibernate.SQL                        : insert into comment (article_id,comment,commentdate,username,id) values (?,?,?,?,default)
2025-08-02T11:47:43.942+09:00 DEBUG 15540 --- [BoardProject] [    Test worker] org.hibernate.SQL                        : insert into comment (article_id,comment,commentdate,username,id) values (?,?,?,?,default)
2025-08-02T11:47:43.942+09:00 DEBUG 15540 --- [BoardProject] [    Test worker] org.hibernate.SQL                        : insert into comment (article_id,comment,commentdate,username,id) values (?,?,?,?,default)
2025-08-02T11:47:43.943+09:00 DEBUG 15540 --- [BoardProject] [    Test worker] org.hibernate.SQL                        : insert into comment (article_id,comment,commentdate,username,id) values (?,?,?,?,default)
2025-08-02T11:47:43.943+09:00 DEBUG 15540 --- [BoardProject] [    Test worker] org.hibernate.SQL                        : insert into comment (article_id,comment,commentdate,username,id) values (?,?,?,?,default)
2025-08-02T11:47:43.944+09:00 DEBUG 15540 --- [BoardProject] [    Test worker] org.hibernate.SQL                        : insert into comment (article_id,comment,commentdate,username,id) values (?,?,?,?,default)
2025-08-02T11:47:43.945+09:00 DEBUG 15540 --- [BoardProject] [    Test worker] org.hibernate.SQL                        : insert into comment (article_id,comment,commentdate,username,id) values (?,?,?,?,default)
2025-08-02T11:47:43.946+09:00 DEBUG 15540 --- [BoardProject] [    Test worker] org.hibernate.SQL                        : insert into comment (article_id,comment,commentdate,username,id) values (?,?,?,?,default)
2025-08-02T11:47:43.946+09:00 DEBUG 15540 --- [BoardProject] [    Test worker] org.hibernate.SQL                        : insert into comment (article_id,comment,commentdate,username,id) values (?,?,?,?,default)
2025-08-02T11:47:43.946+09:00 DEBUG 15540 --- [BoardProject] [    Test worker] org.hibernate.SQL                        : insert into comment (article_id,comment,commentdate,username,id) values (?,?,?,?,default)
2025-08-02T11:47:43.947+09:00 DEBUG 15540 --- [BoardProject] [    Test worker] org.hibernate.SQL                        : insert into comment (article_id,comment,commentdate,username,id) values (?,?,?,?,default)
2025-08-02T11:47:43.947+09:00 DEBUG 15540 --- [BoardProject] [    Test worker] org.hibernate.SQL                        : insert into comment (article_id,comment,commentdate,username,id) values (?,?,?,?,default)
2025-08-02T11:47:43.947+09:00 DEBUG 15540 --- [BoardProject] [    Test worker] org.hibernate.SQL                        : insert into comment (article_id,comment,commentdate,username,id) values (?,?,?,?,default)
2025-08-02T11:47:43.948+09:00 DEBUG 15540 --- [BoardProject] [    Test worker] org.hibernate.SQL                        : insert into comment (article_id,comment,commentdate,username,id) values (?,?,?,?,default)
2025-08-02T11:47:43.948+09:00 DEBUG 15540 --- [BoardProject] [    Test worker] org.hibernate.SQL                        : insert into comment (article_id,comment,commentdate,username,id) values (?,?,?,?,default)
2025-08-02T11:47:43.948+09:00 DEBUG 15540 --- [BoardProject] [    Test worker] org.hibernate.SQL                        : insert into comment (article_id,comment,commentdate,username,id) values (?,?,?,?,default)
2025-08-02T11:47:43.948+09:00 DEBUG 15540 --- [BoardProject] [    Test worker] org.hibernate.SQL                        : insert into comment (article_id,comment,commentdate,username,id) values (?,?,?,?,default)
2025-08-02T11:47:43.949+09:00 DEBUG 15540 --- [BoardProject] [    Test worker] org.hibernate.SQL                        : insert into comment (article_id,comment,commentdate,username,id) values (?,?,?,?,default)
2025-08-02T11:47:43.949+09:00 DEBUG 15540 --- [BoardProject] [    Test worker] org.hibernate.SQL                        : insert into comment (article_id,comment,commentdate,username,id) values (?,?,?,?,default)
2025-08-02T11:47:43.949+09:00 DEBUG 15540 --- [BoardProject] [    Test worker] org.hibernate.SQL                        : insert into comment (article_id,comment,commentdate,username,id) values (?,?,?,?,default)
2025-08-02T11:47:43.950+09:00 DEBUG 15540 --- [BoardProject] [    Test worker] org.hibernate.SQL                        : insert into comment (article_id,comment,commentdate,username,id) values (?,?,?,?,default)
2025-08-02T11:47:43.950+09:00 DEBUG 15540 --- [BoardProject] [    Test worker] org.hibernate.SQL                        : insert into comment (article_id,comment,commentdate,username,id) values (?,?,?,?,default)
2025-08-02T11:47:43.950+09:00 DEBUG 15540 --- [BoardProject] [    Test worker] org.hibernate.SQL                        : insert into comment (article_id,comment,commentdate,username,id) values (?,?,?,?,default)
2025-08-02T11:47:43.951+09:00 DEBUG 15540 --- [BoardProject] [    Test worker] org.hibernate.SQL                        : insert into comment (article_id,comment,commentdate,username,id) values (?,?,?,?,default)
2025-08-02T11:47:43.951+09:00 DEBUG 15540 --- [BoardProject] [    Test worker] org.hibernate.SQL                        : insert into comment (article_id,comment,commentdate,username,id) values (?,?,?,?,default)
2025-08-02T11:47:43.952+09:00 DEBUG 15540 --- [BoardProject] [    Test worker] org.hibernate.SQL                        : insert into comment (article_id,comment,commentdate,username,id) values (?,?,?,?,default)
2025-08-02T11:47:43.952+09:00 DEBUG 15540 --- [BoardProject] [    Test worker] org.hibernate.SQL                        : insert into comment (article_id,comment,commentdate,username,id) values (?,?,?,?,default)
2025-08-02T11:47:43.952+09:00 DEBUG 15540 --- [BoardProject] [    Test worker] org.hibernate.SQL                        : insert into comment (article_id,comment,commentdate,username,id) values (?,?,?,?,default)
2025-08-02T11:47:43.953+09:00 DEBUG 15540 --- [BoardProject] [    Test worker] org.hibernate.SQL                        : insert into comment (article_id,comment,commentdate,username,id) values (?,?,?,?,default)
2025-08-02T11:47:43.953+09:00 DEBUG 15540 --- [BoardProject] [    Test worker] org.hibernate.SQL                        : insert into comment (article_id,comment,commentdate,username,id) values (?,?,?,?,default)
2025-08-02T11:47:43.953+09:00 DEBUG 15540 --- [BoardProject] [    Test worker] org.hibernate.SQL                        : insert into comment (article_id,comment,commentdate,username,id) values (?,?,?,?,default)
2025-08-02T11:47:43.954+09:00 DEBUG 15540 --- [BoardProject] [    Test worker] org.hibernate.SQL                        : insert into comment (article_id,comment,commentdate,username,id) values (?,?,?,?,default)
2025-08-02T11:47:43.954+09:00 DEBUG 15540 --- [BoardProject] [    Test worker] org.hibernate.SQL                        : insert into comment (article_id,comment,commentdate,username,id) values (?,?,?,?,default)
2025-08-02T11:47:43.954+09:00 DEBUG 15540 --- [BoardProject] [    Test worker] org.hibernate.SQL                        : insert into comment (article_id,comment,commentdate,username,id) values (?,?,?,?,default)
2025-08-02T11:47:43.954+09:00 DEBUG 15540 --- [BoardProject] [    Test worker] org.hibernate.SQL                        : insert into comment (article_id,comment,commentdate,username,id) values (?,?,?,?,default)
2025-08-02T11:47:43.954+09:00 DEBUG 15540 --- [BoardProject] [    Test worker] org.hibernate.SQL                        : insert into comment (article_id,comment,commentdate,username,id) values (?,?,?,?,default)
2025-08-02T11:47:43.955+09:00 DEBUG 15540 --- [BoardProject] [    Test worker] org.hibernate.SQL                        : insert into comment (article_id,comment,commentdate,username,id) values (?,?,?,?,default)
2025-08-02T11:47:43.955+09:00 DEBUG 15540 --- [BoardProject] [    Test worker] org.hibernate.SQL                        : insert into comment (article_id,comment,commentdate,username,id) values (?,?,?,?,default)
2025-08-02T11:47:43.955+09:00 DEBUG 15540 --- [BoardProject] [    Test worker] org.hibernate.SQL                        : insert into comment (article_id,comment,commentdate,username,id) values (?,?,?,?,default)
2025-08-02T11:47:43.955+09:00 DEBUG 15540 --- [BoardProject] [    Test worker] org.hibernate.SQL                        : insert into comment (article_id,comment,commentdate,username,id) values (?,?,?,?,default)
2025-08-02T11:47:43.956+09:00 DEBUG 15540 --- [BoardProject] [    Test worker] org.hibernate.SQL                        : insert into comment (article_id,comment,commentdate,username,id) values (?,?,?,?,default)
2025-08-02T11:47:43.956+09:00 DEBUG 15540 --- [BoardProject] [    Test worker] org.hibernate.SQL                        : insert into comment (article_id,comment,commentdate,username,id) values (?,?,?,?,default)
2025-08-02T11:47:43.956+09:00 DEBUG 15540 --- [BoardProject] [    Test worker] org.hibernate.SQL                        : insert into comment (article_id,comment,commentdate,username,id) values (?,?,?,?,default)
2025-08-02T11:47:43.957+09:00 DEBUG 15540 --- [BoardProject] [    Test worker] org.hibernate.SQL                        : insert into comment (article_id,comment,commentdate,username,id) values (?,?,?,?,default)
2025-08-02T11:47:43.957+09:00 DEBUG 15540 --- [BoardProject] [    Test worker] org.hibernate.SQL                        : insert into comment (article_id,comment,commentdate,username,id) values (?,?,?,?,default)
2025-08-02T11:47:43.957+09:00 DEBUG 15540 --- [BoardProject] [    Test worker] org.hibernate.SQL                        : insert into comment (article_id,comment,commentdate,username,id) values (?,?,?,?,default)
2025-08-02T11:47:43.958+09:00 DEBUG 15540 --- [BoardProject] [    Test worker] org.hibernate.SQL                        : insert into comment (article_id,comment,commentdate,username,id) values (?,?,?,?,default)
2025-08-02T11:47:43.958+09:00 DEBUG 15540 --- [BoardProject] [    Test worker] org.hibernate.SQL                        : insert into comment (article_id,comment,commentdate,username,id) values (?,?,?,?,default)
2025-08-02T11:47:43.958+09:00 DEBUG 15540 --- [BoardProject] [    Test worker] org.hibernate.SQL                        : insert into comment (article_id,comment,commentdate,username,id) values (?,?,?,?,default)
2025-08-02T11:47:43.959+09:00 DEBUG 15540 --- [BoardProject] [    Test worker] org.hibernate.SQL                        : insert into comment (article_id,comment,commentdate,username,id) values (?,?,?,?,default)
2025-08-02T11:47:43.959+09:00 DEBUG 15540 --- [BoardProject] [    Test worker] org.hibernate.SQL                        : insert into comment (article_id,comment,commentdate,username,id) values (?,?,?,?,default)
2025-08-02T11:47:43.960+09:00 DEBUG 15540 --- [BoardProject] [    Test worker] org.hibernate.SQL                        : insert into comment (article_id,comment,commentdate,username,id) values (?,?,?,?,default)
2025-08-02T11:47:43.960+09:00 DEBUG 15540 --- [BoardProject] [    Test worker] org.hibernate.SQL                        : insert into comment (article_id,comment,commentdate,username,id) values (?,?,?,?,default)
2025-08-02T11:47:43.960+09:00 DEBUG 15540 --- [BoardProject] [    Test worker] org.hibernate.SQL                        : insert into comment (article_id,comment,commentdate,username,id) values (?,?,?,?,default)
2025-08-02T11:47:43.960+09:00 DEBUG 15540 --- [BoardProject] [    Test worker] org.hibernate.SQL                        : insert into comment (article_id,comment,commentdate,username,id) values (?,?,?,?,default)
2025-08-02T11:47:43.961+09:00 DEBUG 15540 --- [BoardProject] [    Test worker] org.hibernate.SQL                        : insert into comment (article_id,comment,commentdate,username,id) values (?,?,?,?,default)
2025-08-02T11:47:43.961+09:00 DEBUG 15540 --- [BoardProject] [    Test worker] org.hibernate.SQL                        : insert into comment (article_id,comment,commentdate,username,id) values (?,?,?,?,default)
2025-08-02T11:47:43.961+09:00 DEBUG 15540 --- [BoardProject] [    Test worker] org.hibernate.SQL                        : insert into comment (article_id,comment,commentdate,username,id) values (?,?,?,?,default)
2025-08-02T11:47:43.961+09:00 DEBUG 15540 --- [BoardProject] [    Test worker] org.hibernate.SQL                        : insert into comment (article_id,comment,commentdate,username,id) values (?,?,?,?,default)
2025-08-02T11:47:43.962+09:00 DEBUG 15540 --- [BoardProject] [    Test worker] org.hibernate.SQL                        : insert into comment (article_id,comment,commentdate,username,id) values (?,?,?,?,default)
2025-08-02T11:47:43.962+09:00 DEBUG 15540 --- [BoardProject] [    Test worker] org.hibernate.SQL                        : insert into comment (article_id,comment,commentdate,username,id) values (?,?,?,?,default)
2025-08-02T11:47:43.962+09:00 DEBUG 15540 --- [BoardProject] [    Test worker] org.hibernate.SQL                        : insert into comment (article_id,comment,commentdate,username,id) values (?,?,?,?,default)
2025-08-02T11:47:43.963+09:00 DEBUG 15540 --- [BoardProject] [    Test worker] org.hibernate.SQL                        : insert into comment (article_id,comment,commentdate,username,id) values (?,?,?,?,default)
2025-08-02T11:47:43.963+09:00 DEBUG 15540 --- [BoardProject] [    Test worker] org.hibernate.SQL                        : insert into comment (article_id,comment,commentdate,username,id) values (?,?,?,?,default)
2025-08-02T11:47:43.963+09:00 DEBUG 15540 --- [BoardProject] [    Test worker] org.hibernate.SQL                        : insert into comment (article_id,comment,commentdate,username,id) values (?,?,?,?,default)
2025-08-02T11:47:43.963+09:00 DEBUG 15540 --- [BoardProject] [    Test worker] org.hibernate.SQL                        : insert into comment (article_id,comment,commentdate,username,id) values (?,?,?,?,default)
2025-08-02T11:47:43.964+09:00 DEBUG 15540 --- [BoardProject] [    Test worker] org.hibernate.SQL                        : insert into comment (article_id,comment,commentdate,username,id) values (?,?,?,?,default)
2025-08-02T11:47:43.964+09:00 DEBUG 15540 --- [BoardProject] [    Test worker] org.hibernate.SQL                        : insert into comment (article_id,comment,commentdate,username,id) values (?,?,?,?,default)
2025-08-02T11:47:43.964+09:00 DEBUG 15540 --- [BoardProject] [    Test worker] org.hibernate.SQL                        : insert into comment (article_id,comment,commentdate,username,id) values (?,?,?,?,default)
2025-08-02T11:47:43.965+09:00 DEBUG 15540 --- [BoardProject] [    Test worker] org.hibernate.SQL                        : insert into comment (article_id,comment,commentdate,username,id) values (?,?,?,?,default)
2025-08-02T11:47:43.965+09:00 DEBUG 15540 --- [BoardProject] [    Test worker] org.hibernate.SQL                        : insert into comment (article_id,comment,commentdate,username,id) values (?,?,?,?,default)
2025-08-02T11:47:43.965+09:00 DEBUG 15540 --- [BoardProject] [    Test worker] org.hibernate.SQL                        : insert into comment (article_id,comment,commentdate,username,id) values (?,?,?,?,default)
2025-08-02T11:47:43.966+09:00 DEBUG 15540 --- [BoardProject] [    Test worker] org.hibernate.SQL                        : insert into comment (article_id,comment,commentdate,username,id) values (?,?,?,?,default)
2025-08-02T11:47:43.966+09:00 DEBUG 15540 --- [BoardProject] [    Test worker] org.hibernate.SQL                        : insert into comment (article_id,comment,commentdate,username,id) values (?,?,?,?,default)
2025-08-02T11:47:43.966+09:00 DEBUG 15540 --- [BoardProject] [    Test worker] org.hibernate.SQL                        : insert into comment (article_id,comment,commentdate,username,id) values (?,?,?,?,default)
2025-08-02T11:47:43.967+09:00 DEBUG 15540 --- [BoardProject] [    Test worker] org.hibernate.SQL                        : insert into comment (article_id,comment,commentdate,username,id) values (?,?,?,?,default)
2025-08-02T11:47:43.967+09:00 DEBUG 15540 --- [BoardProject] [    Test worker] org.hibernate.SQL                        : insert into comment (article_id,comment,commentdate,username,id) values (?,?,?,?,default)
2025-08-02T11:47:43.967+09:00 DEBUG 15540 --- [BoardProject] [    Test worker] org.hibernate.SQL                        : insert into comment (article_id,comment,commentdate,username,id) values (?,?,?,?,default)
2025-08-02T11:47:43.967+09:00 DEBUG 15540 --- [BoardProject] [    Test worker] org.hibernate.SQL                        : insert into comment (article_id,comment,commentdate,username,id) values (?,?,?,?,default)
2025-08-02T11:47:43.968+09:00 DEBUG 15540 --- [BoardProject] [    Test worker] org.hibernate.SQL                        : insert into comment (article_id,comment,commentdate,username,id) values (?,?,?,?,default)
2025-08-02T11:47:43.968+09:00 DEBUG 15540 --- [BoardProject] [    Test worker] org.hibernate.SQL                        : insert into comment (article_id,comment,commentdate,username,id) values (?,?,?,?,default)
2025-08-02T11:47:43.968+09:00 DEBUG 15540 --- [BoardProject] [    Test worker] org.hibernate.SQL                        : insert into comment (article_id,comment,commentdate,username,id) values (?,?,?,?,default)
2025-08-02T11:47:43.968+09:00 DEBUG 15540 --- [BoardProject] [    Test worker] org.hibernate.SQL                        : insert into comment (article_id,comment,commentdate,username,id) values (?,?,?,?,default)
2025-08-02T11:47:43.969+09:00 DEBUG 15540 --- [BoardProject] [    Test worker] org.hibernate.SQL                        : insert into comment (article_id,comment,commentdate,username,id) values (?,?,?,?,default)
2025-08-02T11:47:43.969+09:00 DEBUG 15540 --- [BoardProject] [    Test worker] org.hibernate.SQL                        : insert into comment (article_id,comment,commentdate,username,id) values (?,?,?,?,default)
2025-08-02T11:47:43.969+09:00 DEBUG 15540 --- [BoardProject] [    Test worker] org.hibernate.SQL                        : insert into comment (article_id,comment,commentdate,username,id) values (?,?,?,?,default)
2025-08-02T11:47:43.970+09:00 DEBUG 15540 --- [BoardProject] [    Test worker] org.hibernate.SQL                        : insert into comment (article_id,comment,commentdate,username,id) values (?,?,?,?,default)
2025-08-02T11:47:43.970+09:00 DEBUG 15540 --- [BoardProject] [    Test worker] org.hibernate.SQL                        : insert into comment (article_id,comment,commentdate,username,id) values (?,?,?,?,default)
2025-08-02T11:47:43.970+09:00 DEBUG 15540 --- [BoardProject] [    Test worker] org.hibernate.SQL                        : insert into comment (article_id,comment,commentdate,username,id) values (?,?,?,?,default)
2025-08-02T11:47:43.970+09:00 DEBUG 15540 --- [BoardProject] [    Test worker] org.hibernate.SQL                        : insert into comment (article_id,comment,commentdate,username,id) values (?,?,?,?,default)
2025-08-02T11:47:43.971+09:00 DEBUG 15540 --- [BoardProject] [    Test worker] org.hibernate.SQL                        : insert into comment (article_id,comment,commentdate,username,id) values (?,?,?,?,default)
2025-08-02T11:47:43.971+09:00 DEBUG 15540 --- [BoardProject] [    Test worker] org.hibernate.SQL                        : insert into comment (article_id,comment,commentdate,username,id) values (?,?,?,?,default)
2025-08-02T11:47:43.971+09:00 DEBUG 15540 --- [BoardProject] [    Test worker] org.hibernate.SQL                        : insert into comment (article_id,comment,commentdate,username,id) values (?,?,?,?,default)
2025-08-02T11:47:43.972+09:00 DEBUG 15540 --- [BoardProject] [    Test worker] org.hibernate.SQL                        : insert into comment (article_id,comment,commentdate,username,id) values (?,?,?,?,default)
]]></system-out>
  <system-err><![CDATA[]]></system-err>
</testsuite>
