<?xml version="1.0" encoding="UTF-8"?>
<testsuite name="com.example.BoardProject.BoardProjectApplicationTests" tests="1" skipped="0" failures="0" errors="0" timestamp="2025-08-03T01:25:35.226Z" hostname="DESKTOP-QJPC0TH" time="0.392">
  <properties/>
  <testcase name="contextLoads()" classname="com.example.BoardProject.BoardProjectApplicationTests" time="0.392"/>
  <system-out><![CDATA[10:25:28.673 [Test worker] INFO org.springframework.test.context.support.AnnotationConfigContextLoaderUtils -- Could not detect default configuration classes for test class [com.example.BoardProject.BoardProjectApplicationTests]: BoardProjectApplicationTests does not declare any static, non-private, non-final, nested classes annotated with @Configuration.
10:25:28.802 [Test worker] INFO org.springframework.boot.test.context.SpringBootTestContextBootstrapper -- Found @SpringBootConfiguration com.example.BoardProject.BoardProjectApplication for test class com.example.BoardProject.BoardProjectApplicationTests

  .   ____          _            __ _ _
 /\\ / ___'_ __ _ _(_)_ __  __ _ \ \ \ \
( ( )\___ | '_ | '_| | '_ \/ _` | \ \ \ \
 \\/  ___)| |_)| | | | | || (_| |  ) ) ) )
  '  |____| .__|_| |_|_| |_\__, | / / / /
 =========|_|==============|___/=/_/_/_/

 :: Spring Boot ::                (v3.5.0)

2025-08-03T10:25:29.333+09:00  INFO 19636 --- [BoardProject] [    Test worker] c.e.B.BoardProjectApplicationTests       : Starting BoardProjectApplicationTests using Java 17.0.15 with PID 19636 (started by tkdgh in C:\Users\tkdgh\Documents\BoardProject)
2025-08-03T10:25:29.335+09:00  INFO 19636 --- [BoardProject] [    Test worker] c.e.B.BoardProjectApplicationTests       : No active profile set, falling back to 1 default profile: "default"
2025-08-03T10:25:30.739+09:00  INFO 19636 --- [BoardProject] [    Test worker] .s.d.r.c.RepositoryConfigurationDelegate : Bootstrapping Spring Data JPA repositories in DEFAULT mode.
2025-08-03T10:25:30.854+09:00  INFO 19636 --- [BoardProject] [    Test worker] .s.d.r.c.RepositoryConfigurationDelegate : Finished Spring Data repository scanning in 100 ms. Found 4 JPA repository interfaces.
2025-08-03T10:25:31.398+09:00  INFO 19636 --- [BoardProject] [    Test worker] com.zaxxer.hikari.HikariDataSource       : HikariPool-1 - Starting...
2025-08-03T10:25:31.680+09:00  INFO 19636 --- [BoardProject] [    Test worker] com.zaxxer.hikari.pool.HikariPool        : HikariPool-1 - Added connection conn0: url=jdbc:h2:mem:testdb user=SA
2025-08-03T10:25:31.682+09:00  INFO 19636 --- [BoardProject] [    Test worker] com.zaxxer.hikari.HikariDataSource       : HikariPool-1 - Start completed.
2025-08-03T10:25:31.744+09:00  INFO 19636 --- [BoardProject] [    Test worker] o.hibernate.jpa.internal.util.LogHelper  : HHH000204: Processing PersistenceUnitInfo [name: default]
2025-08-03T10:25:31.831+09:00  INFO 19636 --- [BoardProject] [    Test worker] org.hibernate.Version                    : HHH000412: Hibernate ORM core version 6.6.15.Final
2025-08-03T10:25:31.877+09:00  INFO 19636 --- [BoardProject] [    Test worker] o.h.c.internal.RegionFactoryInitiator    : HHH000026: Second-level cache disabled
2025-08-03T10:25:32.688+09:00  INFO 19636 --- [BoardProject] [    Test worker] o.s.o.j.p.SpringPersistenceUnitInfo      : No LoadTimeWeaver setup: ignoring JPA class transformer
2025-08-03T10:25:32.768+09:00  INFO 19636 --- [BoardProject] [    Test worker] org.hibernate.orm.connections.pooling    : HHH10001005: Database info:
	Database JDBC URL [Connecting through datasource 'HikariDataSource (HikariPool-1)']
	Database driver: undefined/unknown
	Database version: 2.3.232
	Autocommit mode: undefined/unknown
	Isolation level: undefined/unknown
	Minimum pool size: undefined/unknown
	Maximum pool size: undefined/unknown
2025-08-03T10:25:33.679+09:00  INFO 19636 --- [BoardProject] [    Test worker] o.h.e.t.j.p.i.JtaPlatformInitiator       : HHH000489: No JTA platform available (set 'hibernate.transaction.jta.platform' to enable JTA platform integration)
2025-08-03T10:25:33.699+09:00 DEBUG 19636 --- [BoardProject] [    Test worker] org.hibernate.SQL                        : drop table if exists article cascade 
2025-08-03T10:25:33.703+09:00 DEBUG 19636 --- [BoardProject] [    Test worker] org.hibernate.SQL                        : drop table if exists comment cascade 
2025-08-03T10:25:33.703+09:00 DEBUG 19636 --- [BoardProject] [    Test worker] org.hibernate.SQL                        : drop table if exists member cascade 
2025-08-03T10:25:33.707+09:00 DEBUG 19636 --- [BoardProject] [    Test worker] org.hibernate.SQL                        : create table article (id bigint generated by default as identity, content varchar(255), filename varchar(255), postdate varchar(255), title varchar(255), username varchar(255), primary key (id))
2025-08-03T10:25:33.716+09:00 DEBUG 19636 --- [BoardProject] [    Test worker] org.hibernate.SQL                        : create table comment (article_id bigint, id bigint generated by default as identity, comment varchar(255), commentdate varchar(255), username varchar(255), primary key (id))
2025-08-03T10:25:33.717+09:00 DEBUG 19636 --- [BoardProject] [    Test worker] org.hibernate.SQL                        : create table member (id bigint generated by default as identity, joineddate varchar(255), password varchar(255), username varchar(255) unique, primary key (id))
2025-08-03T10:25:33.719+09:00 DEBUG 19636 --- [BoardProject] [    Test worker] org.hibernate.SQL                        : alter table if exists comment add constraint FK5yx0uphgjc6ik6hb82kkw501y foreign key (article_id) references article
2025-08-03T10:25:33.734+09:00  INFO 19636 --- [BoardProject] [    Test worker] j.LocalContainerEntityManagerFactoryBean : Initialized JPA EntityManagerFactory for persistence unit 'default'
2025-08-03T10:25:33.983+09:00  INFO 19636 --- [BoardProject] [    Test worker] o.s.d.j.r.query.QueryEnhancerFactory     : Hibernate is in classpath; If applicable, HQL parser will be used.
2025-08-03T10:25:34.085+09:00  WARN 19636 --- [BoardProject] [    Test worker] JpaBaseConfiguration$JpaWebConfiguration : spring.jpa.open-in-view is enabled by default. Therefore, database queries may be performed during view rendering. Explicitly configure spring.jpa.open-in-view to disable this warning
2025-08-03T10:25:34.354+09:00  INFO 19636 --- [BoardProject] [    Test worker] r$InitializeUserDetailsManagerConfigurer : Global AuthenticationManager configured with UserDetailsService bean with name memberService
2025-08-03T10:25:34.734+09:00  INFO 19636 --- [BoardProject] [    Test worker] o.s.b.a.h2.H2ConsoleAutoConfiguration    : H2 console available at '/h2-console'. Database available at 'jdbc:h2:mem:testdb'
2025-08-03T10:25:34.808+09:00  INFO 19636 --- [BoardProject] [    Test worker] c.e.B.BoardProjectApplicationTests       : Started BoardProjectApplicationTests in 5.823 seconds (process running for 8.416)
2025-08-03T10:25:34.861+09:00 DEBUG 19636 --- [BoardProject] [    Test worker] org.hibernate.SQL                        : insert into member (joineddate,password,username,id) values (?,?,?,default)
2025-08-03T10:25:34.907+09:00 DEBUG 19636 --- [BoardProject] [    Test worker] org.hibernate.SQL                        : insert into member (joineddate,password,username,id) values (?,?,?,default)
2025-08-03T10:25:34.908+09:00 DEBUG 19636 --- [BoardProject] [    Test worker] org.hibernate.SQL                        : insert into member (joineddate,password,username,id) values (?,?,?,default)
2025-08-03T10:25:34.909+09:00 DEBUG 19636 --- [BoardProject] [    Test worker] org.hibernate.SQL                        : insert into member (joineddate,password,username,id) values (?,?,?,default)
2025-08-03T10:25:34.909+09:00 DEBUG 19636 --- [BoardProject] [    Test worker] org.hibernate.SQL                        : insert into member (joineddate,password,username,id) values (?,?,?,default)
2025-08-03T10:25:34.910+09:00 DEBUG 19636 --- [BoardProject] [    Test worker] org.hibernate.SQL                        : insert into member (joineddate,password,username,id) values (?,?,?,default)
2025-08-03T10:25:34.911+09:00 DEBUG 19636 --- [BoardProject] [    Test worker] org.hibernate.SQL                        : insert into member (joineddate,password,username,id) values (?,?,?,default)
2025-08-03T10:25:34.911+09:00 DEBUG 19636 --- [BoardProject] [    Test worker] org.hibernate.SQL                        : insert into member (joineddate,password,username,id) values (?,?,?,default)
2025-08-03T10:25:34.911+09:00 DEBUG 19636 --- [BoardProject] [    Test worker] org.hibernate.SQL                        : insert into member (joineddate,password,username,id) values (?,?,?,default)
2025-08-03T10:25:34.912+09:00 DEBUG 19636 --- [BoardProject] [    Test worker] org.hibernate.SQL                        : insert into member (joineddate,password,username,id) values (?,?,?,default)
2025-08-03T10:25:34.912+09:00 DEBUG 19636 --- [BoardProject] [    Test worker] org.hibernate.SQL                        : insert into member (joineddate,password,username,id) values (?,?,?,default)
2025-08-03T10:25:34.913+09:00 DEBUG 19636 --- [BoardProject] [    Test worker] org.hibernate.SQL                        : insert into member (joineddate,password,username,id) values (?,?,?,default)
2025-08-03T10:25:34.913+09:00 DEBUG 19636 --- [BoardProject] [    Test worker] org.hibernate.SQL                        : insert into member (joineddate,password,username,id) values (?,?,?,default)
2025-08-03T10:25:34.914+09:00 DEBUG 19636 --- [BoardProject] [    Test worker] org.hibernate.SQL                        : insert into member (joineddate,password,username,id) values (?,?,?,default)
2025-08-03T10:25:34.914+09:00 DEBUG 19636 --- [BoardProject] [    Test worker] org.hibernate.SQL                        : insert into member (joineddate,password,username,id) values (?,?,?,default)
2025-08-03T10:25:34.915+09:00 DEBUG 19636 --- [BoardProject] [    Test worker] org.hibernate.SQL                        : insert into member (joineddate,password,username,id) values (?,?,?,default)
2025-08-03T10:25:34.916+09:00 DEBUG 19636 --- [BoardProject] [    Test worker] org.hibernate.SQL                        : insert into member (joineddate,password,username,id) values (?,?,?,default)
2025-08-03T10:25:34.917+09:00 DEBUG 19636 --- [BoardProject] [    Test worker] org.hibernate.SQL                        : insert into member (joineddate,password,username,id) values (?,?,?,default)
2025-08-03T10:25:34.918+09:00 DEBUG 19636 --- [BoardProject] [    Test worker] org.hibernate.SQL                        : insert into member (joineddate,password,username,id) values (?,?,?,default)
2025-08-03T10:25:34.919+09:00 DEBUG 19636 --- [BoardProject] [    Test worker] org.hibernate.SQL                        : insert into member (joineddate,password,username,id) values (?,?,?,default)
2025-08-03T10:25:34.920+09:00 DEBUG 19636 --- [BoardProject] [    Test worker] org.hibernate.SQL                        : insert into member (joineddate,password,username,id) values (?,?,?,default)
2025-08-03T10:25:34.920+09:00 DEBUG 19636 --- [BoardProject] [    Test worker] org.hibernate.SQL                        : insert into member (joineddate,password,username,id) values (?,?,?,default)
2025-08-03T10:25:34.921+09:00 DEBUG 19636 --- [BoardProject] [    Test worker] org.hibernate.SQL                        : insert into member (joineddate,password,username,id) values (?,?,?,default)
2025-08-03T10:25:34.921+09:00 DEBUG 19636 --- [BoardProject] [    Test worker] org.hibernate.SQL                        : insert into member (joineddate,password,username,id) values (?,?,?,default)
2025-08-03T10:25:34.921+09:00 DEBUG 19636 --- [BoardProject] [    Test worker] org.hibernate.SQL                        : insert into member (joineddate,password,username,id) values (?,?,?,default)
2025-08-03T10:25:34.922+09:00 DEBUG 19636 --- [BoardProject] [    Test worker] org.hibernate.SQL                        : insert into member (joineddate,password,username,id) values (?,?,?,default)
2025-08-03T10:25:34.922+09:00 DEBUG 19636 --- [BoardProject] [    Test worker] org.hibernate.SQL                        : insert into member (joineddate,password,username,id) values (?,?,?,default)
2025-08-03T10:25:34.923+09:00 DEBUG 19636 --- [BoardProject] [    Test worker] org.hibernate.SQL                        : insert into member (joineddate,password,username,id) values (?,?,?,default)
2025-08-03T10:25:34.924+09:00 DEBUG 19636 --- [BoardProject] [    Test worker] org.hibernate.SQL                        : insert into member (joineddate,password,username,id) values (?,?,?,default)
2025-08-03T10:25:34.924+09:00 DEBUG 19636 --- [BoardProject] [    Test worker] org.hibernate.SQL                        : insert into member (joineddate,password,username,id) values (?,?,?,default)
2025-08-03T10:25:34.925+09:00 DEBUG 19636 --- [BoardProject] [    Test worker] org.hibernate.SQL                        : insert into member (joineddate,password,username,id) values (?,?,?,default)
2025-08-03T10:25:34.925+09:00 DEBUG 19636 --- [BoardProject] [    Test worker] org.hibernate.SQL                        : insert into member (joineddate,password,username,id) values (?,?,?,default)
2025-08-03T10:25:34.926+09:00 DEBUG 19636 --- [BoardProject] [    Test worker] org.hibernate.SQL                        : insert into member (joineddate,password,username,id) values (?,?,?,default)
2025-08-03T10:25:34.927+09:00 DEBUG 19636 --- [BoardProject] [    Test worker] org.hibernate.SQL                        : insert into member (joineddate,password,username,id) values (?,?,?,default)
2025-08-03T10:25:34.927+09:00 DEBUG 19636 --- [BoardProject] [    Test worker] org.hibernate.SQL                        : insert into member (joineddate,password,username,id) values (?,?,?,default)
2025-08-03T10:25:34.928+09:00 DEBUG 19636 --- [BoardProject] [    Test worker] org.hibernate.SQL                        : insert into member (joineddate,password,username,id) values (?,?,?,default)
2025-08-03T10:25:34.928+09:00 DEBUG 19636 --- [BoardProject] [    Test worker] org.hibernate.SQL                        : insert into member (joineddate,password,username,id) values (?,?,?,default)
2025-08-03T10:25:34.929+09:00 DEBUG 19636 --- [BoardProject] [    Test worker] org.hibernate.SQL                        : insert into member (joineddate,password,username,id) values (?,?,?,default)
2025-08-03T10:25:34.930+09:00 DEBUG 19636 --- [BoardProject] [    Test worker] org.hibernate.SQL                        : insert into member (joineddate,password,username,id) values (?,?,?,default)
2025-08-03T10:25:34.930+09:00 DEBUG 19636 --- [BoardProject] [    Test worker] org.hibernate.SQL                        : insert into member (joineddate,password,username,id) values (?,?,?,default)
2025-08-03T10:25:34.931+09:00 DEBUG 19636 --- [BoardProject] [    Test worker] org.hibernate.SQL                        : insert into member (joineddate,password,username,id) values (?,?,?,default)
2025-08-03T10:25:34.931+09:00 DEBUG 19636 --- [BoardProject] [    Test worker] org.hibernate.SQL                        : insert into member (joineddate,password,username,id) values (?,?,?,default)
2025-08-03T10:25:34.933+09:00 DEBUG 19636 --- [BoardProject] [    Test worker] org.hibernate.SQL                        : insert into member (joineddate,password,username,id) values (?,?,?,default)
2025-08-03T10:25:34.933+09:00 DEBUG 19636 --- [BoardProject] [    Test worker] org.hibernate.SQL                        : insert into member (joineddate,password,username,id) values (?,?,?,default)
2025-08-03T10:25:34.934+09:00 DEBUG 19636 --- [BoardProject] [    Test worker] org.hibernate.SQL                        : insert into member (joineddate,password,username,id) values (?,?,?,default)
2025-08-03T10:25:34.934+09:00 DEBUG 19636 --- [BoardProject] [    Test worker] org.hibernate.SQL                        : insert into member (joineddate,password,username,id) values (?,?,?,default)
2025-08-03T10:25:34.934+09:00 DEBUG 19636 --- [BoardProject] [    Test worker] org.hibernate.SQL                        : insert into member (joineddate,password,username,id) values (?,?,?,default)
2025-08-03T10:25:34.935+09:00 DEBUG 19636 --- [BoardProject] [    Test worker] org.hibernate.SQL                        : insert into member (joineddate,password,username,id) values (?,?,?,default)
2025-08-03T10:25:34.935+09:00 DEBUG 19636 --- [BoardProject] [    Test worker] org.hibernate.SQL                        : insert into member (joineddate,password,username,id) values (?,?,?,default)
2025-08-03T10:25:34.937+09:00 DEBUG 19636 --- [BoardProject] [    Test worker] org.hibernate.SQL                        : insert into member (joineddate,password,username,id) values (?,?,?,default)
2025-08-03T10:25:34.947+09:00 DEBUG 19636 --- [BoardProject] [    Test worker] org.hibernate.SQL                        : insert into article (content,filename,postdate,title,username,id) values (?,?,?,?,?,default)
2025-08-03T10:25:34.948+09:00 DEBUG 19636 --- [BoardProject] [    Test worker] org.hibernate.SQL                        : insert into article (content,filename,postdate,title,username,id) values (?,?,?,?,?,default)
2025-08-03T10:25:34.948+09:00 DEBUG 19636 --- [BoardProject] [    Test worker] org.hibernate.SQL                        : insert into article (content,filename,postdate,title,username,id) values (?,?,?,?,?,default)
2025-08-03T10:25:34.949+09:00 DEBUG 19636 --- [BoardProject] [    Test worker] org.hibernate.SQL                        : insert into article (content,filename,postdate,title,username,id) values (?,?,?,?,?,default)
2025-08-03T10:25:34.949+09:00 DEBUG 19636 --- [BoardProject] [    Test worker] org.hibernate.SQL                        : insert into article (content,filename,postdate,title,username,id) values (?,?,?,?,?,default)
2025-08-03T10:25:34.950+09:00 DEBUG 19636 --- [BoardProject] [    Test worker] org.hibernate.SQL                        : insert into article (content,filename,postdate,title,username,id) values (?,?,?,?,?,default)
2025-08-03T10:25:34.950+09:00 DEBUG 19636 --- [BoardProject] [    Test worker] org.hibernate.SQL                        : insert into article (content,filename,postdate,title,username,id) values (?,?,?,?,?,default)
2025-08-03T10:25:34.951+09:00 DEBUG 19636 --- [BoardProject] [    Test worker] org.hibernate.SQL                        : insert into article (content,filename,postdate,title,username,id) values (?,?,?,?,?,default)
2025-08-03T10:25:34.951+09:00 DEBUG 19636 --- [BoardProject] [    Test worker] org.hibernate.SQL                        : insert into article (content,filename,postdate,title,username,id) values (?,?,?,?,?,default)
2025-08-03T10:25:34.952+09:00 DEBUG 19636 --- [BoardProject] [    Test worker] org.hibernate.SQL                        : insert into article (content,filename,postdate,title,username,id) values (?,?,?,?,?,default)
2025-08-03T10:25:34.953+09:00 DEBUG 19636 --- [BoardProject] [    Test worker] org.hibernate.SQL                        : insert into article (content,filename,postdate,title,username,id) values (?,?,?,?,?,default)
2025-08-03T10:25:34.953+09:00 DEBUG 19636 --- [BoardProject] [    Test worker] org.hibernate.SQL                        : insert into article (content,filename,postdate,title,username,id) values (?,?,?,?,?,default)
2025-08-03T10:25:34.954+09:00 DEBUG 19636 --- [BoardProject] [    Test worker] org.hibernate.SQL                        : insert into article (content,filename,postdate,title,username,id) values (?,?,?,?,?,default)
2025-08-03T10:25:34.954+09:00 DEBUG 19636 --- [BoardProject] [    Test worker] org.hibernate.SQL                        : insert into article (content,filename,postdate,title,username,id) values (?,?,?,?,?,default)
2025-08-03T10:25:34.955+09:00 DEBUG 19636 --- [BoardProject] [    Test worker] org.hibernate.SQL                        : insert into article (content,filename,postdate,title,username,id) values (?,?,?,?,?,default)
2025-08-03T10:25:34.955+09:00 DEBUG 19636 --- [BoardProject] [    Test worker] org.hibernate.SQL                        : insert into article (content,filename,postdate,title,username,id) values (?,?,?,?,?,default)
2025-08-03T10:25:34.956+09:00 DEBUG 19636 --- [BoardProject] [    Test worker] org.hibernate.SQL                        : insert into article (content,filename,postdate,title,username,id) values (?,?,?,?,?,default)
2025-08-03T10:25:34.956+09:00 DEBUG 19636 --- [BoardProject] [    Test worker] org.hibernate.SQL                        : insert into article (content,filename,postdate,title,username,id) values (?,?,?,?,?,default)
2025-08-03T10:25:34.956+09:00 DEBUG 19636 --- [BoardProject] [    Test worker] org.hibernate.SQL                        : insert into article (content,filename,postdate,title,username,id) values (?,?,?,?,?,default)
2025-08-03T10:25:34.957+09:00 DEBUG 19636 --- [BoardProject] [    Test worker] org.hibernate.SQL                        : insert into article (content,filename,postdate,title,username,id) values (?,?,?,?,?,default)
2025-08-03T10:25:34.957+09:00 DEBUG 19636 --- [BoardProject] [    Test worker] org.hibernate.SQL                        : insert into article (content,filename,postdate,title,username,id) values (?,?,?,?,?,default)
2025-08-03T10:25:34.958+09:00 DEBUG 19636 --- [BoardProject] [    Test worker] org.hibernate.SQL                        : insert into article (content,filename,postdate,title,username,id) values (?,?,?,?,?,default)
2025-08-03T10:25:34.958+09:00 DEBUG 19636 --- [BoardProject] [    Test worker] org.hibernate.SQL                        : insert into article (content,filename,postdate,title,username,id) values (?,?,?,?,?,default)
2025-08-03T10:25:34.959+09:00 DEBUG 19636 --- [BoardProject] [    Test worker] org.hibernate.SQL                        : insert into article (content,filename,postdate,title,username,id) values (?,?,?,?,?,default)
2025-08-03T10:25:34.959+09:00 DEBUG 19636 --- [BoardProject] [    Test worker] org.hibernate.SQL                        : insert into article (content,filename,postdate,title,username,id) values (?,?,?,?,?,default)
2025-08-03T10:25:34.959+09:00 DEBUG 19636 --- [BoardProject] [    Test worker] org.hibernate.SQL                        : insert into article (content,filename,postdate,title,username,id) values (?,?,?,?,?,default)
2025-08-03T10:25:34.960+09:00 DEBUG 19636 --- [BoardProject] [    Test worker] org.hibernate.SQL                        : insert into article (content,filename,postdate,title,username,id) values (?,?,?,?,?,default)
2025-08-03T10:25:34.960+09:00 DEBUG 19636 --- [BoardProject] [    Test worker] org.hibernate.SQL                        : insert into article (content,filename,postdate,title,username,id) values (?,?,?,?,?,default)
2025-08-03T10:25:34.961+09:00 DEBUG 19636 --- [BoardProject] [    Test worker] org.hibernate.SQL                        : insert into article (content,filename,postdate,title,username,id) values (?,?,?,?,?,default)
2025-08-03T10:25:34.961+09:00 DEBUG 19636 --- [BoardProject] [    Test worker] org.hibernate.SQL                        : insert into article (content,filename,postdate,title,username,id) values (?,?,?,?,?,default)
2025-08-03T10:25:34.961+09:00 DEBUG 19636 --- [BoardProject] [    Test worker] org.hibernate.SQL                        : insert into article (content,filename,postdate,title,username,id) values (?,?,?,?,?,default)
2025-08-03T10:25:34.962+09:00 DEBUG 19636 --- [BoardProject] [    Test worker] org.hibernate.SQL                        : insert into article (content,filename,postdate,title,username,id) values (?,?,?,?,?,default)
2025-08-03T10:25:34.963+09:00 DEBUG 19636 --- [BoardProject] [    Test worker] org.hibernate.SQL                        : insert into article (content,filename,postdate,title,username,id) values (?,?,?,?,?,default)
2025-08-03T10:25:34.964+09:00 DEBUG 19636 --- [BoardProject] [    Test worker] org.hibernate.SQL                        : insert into article (content,filename,postdate,title,username,id) values (?,?,?,?,?,default)
2025-08-03T10:25:34.965+09:00 DEBUG 19636 --- [BoardProject] [    Test worker] org.hibernate.SQL                        : insert into article (content,filename,postdate,title,username,id) values (?,?,?,?,?,default)
2025-08-03T10:25:34.966+09:00 DEBUG 19636 --- [BoardProject] [    Test worker] org.hibernate.SQL                        : insert into article (content,filename,postdate,title,username,id) values (?,?,?,?,?,default)
2025-08-03T10:25:34.966+09:00 DEBUG 19636 --- [BoardProject] [    Test worker] org.hibernate.SQL                        : insert into article (content,filename,postdate,title,username,id) values (?,?,?,?,?,default)
2025-08-03T10:25:34.967+09:00 DEBUG 19636 --- [BoardProject] [    Test worker] org.hibernate.SQL                        : insert into article (content,filename,postdate,title,username,id) values (?,?,?,?,?,default)
2025-08-03T10:25:34.967+09:00 DEBUG 19636 --- [BoardProject] [    Test worker] org.hibernate.SQL                        : insert into article (content,filename,postdate,title,username,id) values (?,?,?,?,?,default)
2025-08-03T10:25:34.968+09:00 DEBUG 19636 --- [BoardProject] [    Test worker] org.hibernate.SQL                        : insert into article (content,filename,postdate,title,username,id) values (?,?,?,?,?,default)
2025-08-03T10:25:34.968+09:00 DEBUG 19636 --- [BoardProject] [    Test worker] org.hibernate.SQL                        : insert into article (content,filename,postdate,title,username,id) values (?,?,?,?,?,default)
2025-08-03T10:25:34.969+09:00 DEBUG 19636 --- [BoardProject] [    Test worker] org.hibernate.SQL                        : insert into article (content,filename,postdate,title,username,id) values (?,?,?,?,?,default)
2025-08-03T10:25:34.969+09:00 DEBUG 19636 --- [BoardProject] [    Test worker] org.hibernate.SQL                        : insert into article (content,filename,postdate,title,username,id) values (?,?,?,?,?,default)
2025-08-03T10:25:34.969+09:00 DEBUG 19636 --- [BoardProject] [    Test worker] org.hibernate.SQL                        : insert into article (content,filename,postdate,title,username,id) values (?,?,?,?,?,default)
2025-08-03T10:25:34.970+09:00 DEBUG 19636 --- [BoardProject] [    Test worker] org.hibernate.SQL                        : insert into article (content,filename,postdate,title,username,id) values (?,?,?,?,?,default)
2025-08-03T10:25:34.970+09:00 DEBUG 19636 --- [BoardProject] [    Test worker] org.hibernate.SQL                        : insert into article (content,filename,postdate,title,username,id) values (?,?,?,?,?,default)
2025-08-03T10:25:34.970+09:00 DEBUG 19636 --- [BoardProject] [    Test worker] org.hibernate.SQL                        : insert into article (content,filename,postdate,title,username,id) values (?,?,?,?,?,default)
2025-08-03T10:25:34.971+09:00 DEBUG 19636 --- [BoardProject] [    Test worker] org.hibernate.SQL                        : insert into article (content,filename,postdate,title,username,id) values (?,?,?,?,?,default)
2025-08-03T10:25:34.971+09:00 DEBUG 19636 --- [BoardProject] [    Test worker] org.hibernate.SQL                        : insert into article (content,filename,postdate,title,username,id) values (?,?,?,?,?,default)
2025-08-03T10:25:34.972+09:00 DEBUG 19636 --- [BoardProject] [    Test worker] org.hibernate.SQL                        : insert into article (content,filename,postdate,title,username,id) values (?,?,?,?,?,default)
2025-08-03T10:25:34.976+09:00 DEBUG 19636 --- [BoardProject] [    Test worker] org.hibernate.SQL                        : insert into comment (article_id,comment,commentdate,username,id) values (?,?,?,?,default)
2025-08-03T10:25:34.977+09:00 DEBUG 19636 --- [BoardProject] [    Test worker] org.hibernate.SQL                        : insert into comment (article_id,comment,commentdate,username,id) values (?,?,?,?,default)
2025-08-03T10:25:34.977+09:00 DEBUG 19636 --- [BoardProject] [    Test worker] org.hibernate.SQL                        : insert into comment (article_id,comment,commentdate,username,id) values (?,?,?,?,default)
2025-08-03T10:25:34.978+09:00 DEBUG 19636 --- [BoardProject] [    Test worker] org.hibernate.SQL                        : insert into comment (article_id,comment,commentdate,username,id) values (?,?,?,?,default)
2025-08-03T10:25:34.979+09:00 DEBUG 19636 --- [BoardProject] [    Test worker] org.hibernate.SQL                        : insert into comment (article_id,comment,commentdate,username,id) values (?,?,?,?,default)
2025-08-03T10:25:34.980+09:00 DEBUG 19636 --- [BoardProject] [    Test worker] org.hibernate.SQL                        : insert into comment (article_id,comment,commentdate,username,id) values (?,?,?,?,default)
2025-08-03T10:25:34.980+09:00 DEBUG 19636 --- [BoardProject] [    Test worker] org.hibernate.SQL                        : insert into comment (article_id,comment,commentdate,username,id) values (?,?,?,?,default)
2025-08-03T10:25:34.981+09:00 DEBUG 19636 --- [BoardProject] [    Test worker] org.hibernate.SQL                        : insert into comment (article_id,comment,commentdate,username,id) values (?,?,?,?,default)
2025-08-03T10:25:34.981+09:00 DEBUG 19636 --- [BoardProject] [    Test worker] org.hibernate.SQL                        : insert into comment (article_id,comment,commentdate,username,id) values (?,?,?,?,default)
2025-08-03T10:25:34.982+09:00 DEBUG 19636 --- [BoardProject] [    Test worker] org.hibernate.SQL                        : insert into comment (article_id,comment,commentdate,username,id) values (?,?,?,?,default)
2025-08-03T10:25:34.983+09:00 DEBUG 19636 --- [BoardProject] [    Test worker] org.hibernate.SQL                        : insert into comment (article_id,comment,commentdate,username,id) values (?,?,?,?,default)
2025-08-03T10:25:34.983+09:00 DEBUG 19636 --- [BoardProject] [    Test worker] org.hibernate.SQL                        : insert into comment (article_id,comment,commentdate,username,id) values (?,?,?,?,default)
2025-08-03T10:25:34.984+09:00 DEBUG 19636 --- [BoardProject] [    Test worker] org.hibernate.SQL                        : insert into comment (article_id,comment,commentdate,username,id) values (?,?,?,?,default)
2025-08-03T10:25:34.984+09:00 DEBUG 19636 --- [BoardProject] [    Test worker] org.hibernate.SQL                        : insert into comment (article_id,comment,commentdate,username,id) values (?,?,?,?,default)
2025-08-03T10:25:34.985+09:00 DEBUG 19636 --- [BoardProject] [    Test worker] org.hibernate.SQL                        : insert into comment (article_id,comment,commentdate,username,id) values (?,?,?,?,default)
2025-08-03T10:25:34.985+09:00 DEBUG 19636 --- [BoardProject] [    Test worker] org.hibernate.SQL                        : insert into comment (article_id,comment,commentdate,username,id) values (?,?,?,?,default)
2025-08-03T10:25:34.986+09:00 DEBUG 19636 --- [BoardProject] [    Test worker] org.hibernate.SQL                        : insert into comment (article_id,comment,commentdate,username,id) values (?,?,?,?,default)
2025-08-03T10:25:34.986+09:00 DEBUG 19636 --- [BoardProject] [    Test worker] org.hibernate.SQL                        : insert into comment (article_id,comment,commentdate,username,id) values (?,?,?,?,default)
2025-08-03T10:25:34.987+09:00 DEBUG 19636 --- [BoardProject] [    Test worker] org.hibernate.SQL                        : insert into comment (article_id,comment,commentdate,username,id) values (?,?,?,?,default)
2025-08-03T10:25:34.987+09:00 DEBUG 19636 --- [BoardProject] [    Test worker] org.hibernate.SQL                        : insert into comment (article_id,comment,commentdate,username,id) values (?,?,?,?,default)
2025-08-03T10:25:34.988+09:00 DEBUG 19636 --- [BoardProject] [    Test worker] org.hibernate.SQL                        : insert into comment (article_id,comment,commentdate,username,id) values (?,?,?,?,default)
2025-08-03T10:25:34.988+09:00 DEBUG 19636 --- [BoardProject] [    Test worker] org.hibernate.SQL                        : insert into comment (article_id,comment,commentdate,username,id) values (?,?,?,?,default)
2025-08-03T10:25:34.989+09:00 DEBUG 19636 --- [BoardProject] [    Test worker] org.hibernate.SQL                        : insert into comment (article_id,comment,commentdate,username,id) values (?,?,?,?,default)
2025-08-03T10:25:34.989+09:00 DEBUG 19636 --- [BoardProject] [    Test worker] org.hibernate.SQL                        : insert into comment (article_id,comment,commentdate,username,id) values (?,?,?,?,default)
2025-08-03T10:25:34.990+09:00 DEBUG 19636 --- [BoardProject] [    Test worker] org.hibernate.SQL                        : insert into comment (article_id,comment,commentdate,username,id) values (?,?,?,?,default)
2025-08-03T10:25:34.990+09:00 DEBUG 19636 --- [BoardProject] [    Test worker] org.hibernate.SQL                        : insert into comment (article_id,comment,commentdate,username,id) values (?,?,?,?,default)
2025-08-03T10:25:34.991+09:00 DEBUG 19636 --- [BoardProject] [    Test worker] org.hibernate.SQL                        : insert into comment (article_id,comment,commentdate,username,id) values (?,?,?,?,default)
2025-08-03T10:25:34.991+09:00 DEBUG 19636 --- [BoardProject] [    Test worker] org.hibernate.SQL                        : insert into comment (article_id,comment,commentdate,username,id) values (?,?,?,?,default)
2025-08-03T10:25:34.993+09:00 DEBUG 19636 --- [BoardProject] [    Test worker] org.hibernate.SQL                        : insert into comment (article_id,comment,commentdate,username,id) values (?,?,?,?,default)
2025-08-03T10:25:34.994+09:00 DEBUG 19636 --- [BoardProject] [    Test worker] org.hibernate.SQL                        : insert into comment (article_id,comment,commentdate,username,id) values (?,?,?,?,default)
2025-08-03T10:25:34.994+09:00 DEBUG 19636 --- [BoardProject] [    Test worker] org.hibernate.SQL                        : insert into comment (article_id,comment,commentdate,username,id) values (?,?,?,?,default)
2025-08-03T10:25:34.995+09:00 DEBUG 19636 --- [BoardProject] [    Test worker] org.hibernate.SQL                        : insert into comment (article_id,comment,commentdate,username,id) values (?,?,?,?,default)
2025-08-03T10:25:34.995+09:00 DEBUG 19636 --- [BoardProject] [    Test worker] org.hibernate.SQL                        : insert into comment (article_id,comment,commentdate,username,id) values (?,?,?,?,default)
2025-08-03T10:25:34.996+09:00 DEBUG 19636 --- [BoardProject] [    Test worker] org.hibernate.SQL                        : insert into comment (article_id,comment,commentdate,username,id) values (?,?,?,?,default)
2025-08-03T10:25:34.996+09:00 DEBUG 19636 --- [BoardProject] [    Test worker] org.hibernate.SQL                        : insert into comment (article_id,comment,commentdate,username,id) values (?,?,?,?,default)
2025-08-03T10:25:34.997+09:00 DEBUG 19636 --- [BoardProject] [    Test worker] org.hibernate.SQL                        : insert into comment (article_id,comment,commentdate,username,id) values (?,?,?,?,default)
2025-08-03T10:25:34.997+09:00 DEBUG 19636 --- [BoardProject] [    Test worker] org.hibernate.SQL                        : insert into comment (article_id,comment,commentdate,username,id) values (?,?,?,?,default)
2025-08-03T10:25:34.998+09:00 DEBUG 19636 --- [BoardProject] [    Test worker] org.hibernate.SQL                        : insert into comment (article_id,comment,commentdate,username,id) values (?,?,?,?,default)
2025-08-03T10:25:34.998+09:00 DEBUG 19636 --- [BoardProject] [    Test worker] org.hibernate.SQL                        : insert into comment (article_id,comment,commentdate,username,id) values (?,?,?,?,default)
2025-08-03T10:25:34.999+09:00 DEBUG 19636 --- [BoardProject] [    Test worker] org.hibernate.SQL                        : insert into comment (article_id,comment,commentdate,username,id) values (?,?,?,?,default)
2025-08-03T10:25:34.999+09:00 DEBUG 19636 --- [BoardProject] [    Test worker] org.hibernate.SQL                        : insert into comment (article_id,comment,commentdate,username,id) values (?,?,?,?,default)
2025-08-03T10:25:35.000+09:00 DEBUG 19636 --- [BoardProject] [    Test worker] org.hibernate.SQL                        : insert into comment (article_id,comment,commentdate,username,id) values (?,?,?,?,default)
2025-08-03T10:25:35.000+09:00 DEBUG 19636 --- [BoardProject] [    Test worker] org.hibernate.SQL                        : insert into comment (article_id,comment,commentdate,username,id) values (?,?,?,?,default)
2025-08-03T10:25:35.001+09:00 DEBUG 19636 --- [BoardProject] [    Test worker] org.hibernate.SQL                        : insert into comment (article_id,comment,commentdate,username,id) values (?,?,?,?,default)
2025-08-03T10:25:35.001+09:00 DEBUG 19636 --- [BoardProject] [    Test worker] org.hibernate.SQL                        : insert into comment (article_id,comment,commentdate,username,id) values (?,?,?,?,default)
2025-08-03T10:25:35.001+09:00 DEBUG 19636 --- [BoardProject] [    Test worker] org.hibernate.SQL                        : insert into comment (article_id,comment,commentdate,username,id) values (?,?,?,?,default)
2025-08-03T10:25:35.002+09:00 DEBUG 19636 --- [BoardProject] [    Test worker] org.hibernate.SQL                        : insert into comment (article_id,comment,commentdate,username,id) values (?,?,?,?,default)
2025-08-03T10:25:35.004+09:00 DEBUG 19636 --- [BoardProject] [    Test worker] org.hibernate.SQL                        : insert into comment (article_id,comment,commentdate,username,id) values (?,?,?,?,default)
2025-08-03T10:25:35.004+09:00 DEBUG 19636 --- [BoardProject] [    Test worker] org.hibernate.SQL                        : insert into comment (article_id,comment,commentdate,username,id) values (?,?,?,?,default)
2025-08-03T10:25:35.005+09:00 DEBUG 19636 --- [BoardProject] [    Test worker] org.hibernate.SQL                        : insert into comment (article_id,comment,commentdate,username,id) values (?,?,?,?,default)
2025-08-03T10:25:35.005+09:00 DEBUG 19636 --- [BoardProject] [    Test worker] org.hibernate.SQL                        : insert into comment (article_id,comment,commentdate,username,id) values (?,?,?,?,default)
2025-08-03T10:25:35.006+09:00 DEBUG 19636 --- [BoardProject] [    Test worker] org.hibernate.SQL                        : insert into comment (article_id,comment,commentdate,username,id) values (?,?,?,?,default)
2025-08-03T10:25:35.007+09:00 DEBUG 19636 --- [BoardProject] [    Test worker] org.hibernate.SQL                        : insert into comment (article_id,comment,commentdate,username,id) values (?,?,?,?,default)
2025-08-03T10:25:35.007+09:00 DEBUG 19636 --- [BoardProject] [    Test worker] org.hibernate.SQL                        : insert into comment (article_id,comment,commentdate,username,id) values (?,?,?,?,default)
2025-08-03T10:25:35.008+09:00 DEBUG 19636 --- [BoardProject] [    Test worker] org.hibernate.SQL                        : insert into comment (article_id,comment,commentdate,username,id) values (?,?,?,?,default)
2025-08-03T10:25:35.008+09:00 DEBUG 19636 --- [BoardProject] [    Test worker] org.hibernate.SQL                        : insert into comment (article_id,comment,commentdate,username,id) values (?,?,?,?,default)
2025-08-03T10:25:35.009+09:00 DEBUG 19636 --- [BoardProject] [    Test worker] org.hibernate.SQL                        : insert into comment (article_id,comment,commentdate,username,id) values (?,?,?,?,default)
2025-08-03T10:25:35.009+09:00 DEBUG 19636 --- [BoardProject] [    Test worker] org.hibernate.SQL                        : insert into comment (article_id,comment,commentdate,username,id) values (?,?,?,?,default)
2025-08-03T10:25:35.010+09:00 DEBUG 19636 --- [BoardProject] [    Test worker] org.hibernate.SQL                        : insert into comment (article_id,comment,commentdate,username,id) values (?,?,?,?,default)
2025-08-03T10:25:35.011+09:00 DEBUG 19636 --- [BoardProject] [    Test worker] org.hibernate.SQL                        : insert into comment (article_id,comment,commentdate,username,id) values (?,?,?,?,default)
2025-08-03T10:25:35.012+09:00 DEBUG 19636 --- [BoardProject] [    Test worker] org.hibernate.SQL                        : insert into comment (article_id,comment,commentdate,username,id) values (?,?,?,?,default)
2025-08-03T10:25:35.013+09:00 DEBUG 19636 --- [BoardProject] [    Test worker] org.hibernate.SQL                        : insert into comment (article_id,comment,commentdate,username,id) values (?,?,?,?,default)
2025-08-03T10:25:35.013+09:00 DEBUG 19636 --- [BoardProject] [    Test worker] org.hibernate.SQL                        : insert into comment (article_id,comment,commentdate,username,id) values (?,?,?,?,default)
2025-08-03T10:25:35.014+09:00 DEBUG 19636 --- [BoardProject] [    Test worker] org.hibernate.SQL                        : insert into comment (article_id,comment,commentdate,username,id) values (?,?,?,?,default)
2025-08-03T10:25:35.014+09:00 DEBUG 19636 --- [BoardProject] [    Test worker] org.hibernate.SQL                        : insert into comment (article_id,comment,commentdate,username,id) values (?,?,?,?,default)
2025-08-03T10:25:35.015+09:00 DEBUG 19636 --- [BoardProject] [    Test worker] org.hibernate.SQL                        : insert into comment (article_id,comment,commentdate,username,id) values (?,?,?,?,default)
2025-08-03T10:25:35.016+09:00 DEBUG 19636 --- [BoardProject] [    Test worker] org.hibernate.SQL                        : insert into comment (article_id,comment,commentdate,username,id) values (?,?,?,?,default)
2025-08-03T10:25:35.016+09:00 DEBUG 19636 --- [BoardProject] [    Test worker] org.hibernate.SQL                        : insert into comment (article_id,comment,commentdate,username,id) values (?,?,?,?,default)
2025-08-03T10:25:35.016+09:00 DEBUG 19636 --- [BoardProject] [    Test worker] org.hibernate.SQL                        : insert into comment (article_id,comment,commentdate,username,id) values (?,?,?,?,default)
2025-08-03T10:25:35.018+09:00 DEBUG 19636 --- [BoardProject] [    Test worker] org.hibernate.SQL                        : insert into comment (article_id,comment,commentdate,username,id) values (?,?,?,?,default)
2025-08-03T10:25:35.018+09:00 DEBUG 19636 --- [BoardProject] [    Test worker] org.hibernate.SQL                        : insert into comment (article_id,comment,commentdate,username,id) values (?,?,?,?,default)
2025-08-03T10:25:35.019+09:00 DEBUG 19636 --- [BoardProject] [    Test worker] org.hibernate.SQL                        : insert into comment (article_id,comment,commentdate,username,id) values (?,?,?,?,default)
2025-08-03T10:25:35.019+09:00 DEBUG 19636 --- [BoardProject] [    Test worker] org.hibernate.SQL                        : insert into comment (article_id,comment,commentdate,username,id) values (?,?,?,?,default)
2025-08-03T10:25:35.019+09:00 DEBUG 19636 --- [BoardProject] [    Test worker] org.hibernate.SQL                        : insert into comment (article_id,comment,commentdate,username,id) values (?,?,?,?,default)
2025-08-03T10:25:35.020+09:00 DEBUG 19636 --- [BoardProject] [    Test worker] org.hibernate.SQL                        : insert into comment (article_id,comment,commentdate,username,id) values (?,?,?,?,default)
2025-08-03T10:25:35.020+09:00 DEBUG 19636 --- [BoardProject] [    Test worker] org.hibernate.SQL                        : insert into comment (article_id,comment,commentdate,username,id) values (?,?,?,?,default)
2025-08-03T10:25:35.021+09:00 DEBUG 19636 --- [BoardProject] [    Test worker] org.hibernate.SQL                        : insert into comment (article_id,comment,commentdate,username,id) values (?,?,?,?,default)
2025-08-03T10:25:35.021+09:00 DEBUG 19636 --- [BoardProject] [    Test worker] org.hibernate.SQL                        : insert into comment (article_id,comment,commentdate,username,id) values (?,?,?,?,default)
2025-08-03T10:25:35.022+09:00 DEBUG 19636 --- [BoardProject] [    Test worker] org.hibernate.SQL                        : insert into comment (article_id,comment,commentdate,username,id) values (?,?,?,?,default)
2025-08-03T10:25:35.022+09:00 DEBUG 19636 --- [BoardProject] [    Test worker] org.hibernate.SQL                        : insert into comment (article_id,comment,commentdate,username,id) values (?,?,?,?,default)
2025-08-03T10:25:35.023+09:00 DEBUG 19636 --- [BoardProject] [    Test worker] org.hibernate.SQL                        : insert into comment (article_id,comment,commentdate,username,id) values (?,?,?,?,default)
2025-08-03T10:25:35.023+09:00 DEBUG 19636 --- [BoardProject] [    Test worker] org.hibernate.SQL                        : insert into comment (article_id,comment,commentdate,username,id) values (?,?,?,?,default)
2025-08-03T10:25:35.023+09:00 DEBUG 19636 --- [BoardProject] [    Test worker] org.hibernate.SQL                        : insert into comment (article_id,comment,commentdate,username,id) values (?,?,?,?,default)
2025-08-03T10:25:35.024+09:00 DEBUG 19636 --- [BoardProject] [    Test worker] org.hibernate.SQL                        : insert into comment (article_id,comment,commentdate,username,id) values (?,?,?,?,default)
2025-08-03T10:25:35.024+09:00 DEBUG 19636 --- [BoardProject] [    Test worker] org.hibernate.SQL                        : insert into comment (article_id,comment,commentdate,username,id) values (?,?,?,?,default)
2025-08-03T10:25:35.025+09:00 DEBUG 19636 --- [BoardProject] [    Test worker] org.hibernate.SQL                        : insert into comment (article_id,comment,commentdate,username,id) values (?,?,?,?,default)
2025-08-03T10:25:35.026+09:00 DEBUG 19636 --- [BoardProject] [    Test worker] org.hibernate.SQL                        : insert into comment (article_id,comment,commentdate,username,id) values (?,?,?,?,default)
2025-08-03T10:25:35.026+09:00 DEBUG 19636 --- [BoardProject] [    Test worker] org.hibernate.SQL                        : insert into comment (article_id,comment,commentdate,username,id) values (?,?,?,?,default)
2025-08-03T10:25:35.027+09:00 DEBUG 19636 --- [BoardProject] [    Test worker] org.hibernate.SQL                        : insert into comment (article_id,comment,commentdate,username,id) values (?,?,?,?,default)
2025-08-03T10:25:35.027+09:00 DEBUG 19636 --- [BoardProject] [    Test worker] org.hibernate.SQL                        : insert into comment (article_id,comment,commentdate,username,id) values (?,?,?,?,default)
2025-08-03T10:25:35.028+09:00 DEBUG 19636 --- [BoardProject] [    Test worker] org.hibernate.SQL                        : insert into comment (article_id,comment,commentdate,username,id) values (?,?,?,?,default)
2025-08-03T10:25:35.028+09:00 DEBUG 19636 --- [BoardProject] [    Test worker] org.hibernate.SQL                        : insert into comment (article_id,comment,commentdate,username,id) values (?,?,?,?,default)
2025-08-03T10:25:35.029+09:00 DEBUG 19636 --- [BoardProject] [    Test worker] org.hibernate.SQL                        : insert into comment (article_id,comment,commentdate,username,id) values (?,?,?,?,default)
2025-08-03T10:25:35.029+09:00 DEBUG 19636 --- [BoardProject] [    Test worker] org.hibernate.SQL                        : insert into comment (article_id,comment,commentdate,username,id) values (?,?,?,?,default)
2025-08-03T10:25:35.030+09:00 DEBUG 19636 --- [BoardProject] [    Test worker] org.hibernate.SQL                        : insert into comment (article_id,comment,commentdate,username,id) values (?,?,?,?,default)
2025-08-03T10:25:35.030+09:00 DEBUG 19636 --- [BoardProject] [    Test worker] org.hibernate.SQL                        : insert into comment (article_id,comment,commentdate,username,id) values (?,?,?,?,default)
2025-08-03T10:25:35.031+09:00 DEBUG 19636 --- [BoardProject] [    Test worker] org.hibernate.SQL                        : insert into comment (article_id,comment,commentdate,username,id) values (?,?,?,?,default)
2025-08-03T10:25:35.031+09:00 DEBUG 19636 --- [BoardProject] [    Test worker] org.hibernate.SQL                        : insert into comment (article_id,comment,commentdate,username,id) values (?,?,?,?,default)
2025-08-03T10:25:35.031+09:00 DEBUG 19636 --- [BoardProject] [    Test worker] org.hibernate.SQL                        : insert into comment (article_id,comment,commentdate,username,id) values (?,?,?,?,default)
2025-08-03T10:25:35.031+09:00 DEBUG 19636 --- [BoardProject] [    Test worker] org.hibernate.SQL                        : insert into comment (article_id,comment,commentdate,username,id) values (?,?,?,?,default)
2025-08-03T10:25:35.033+09:00 DEBUG 19636 --- [BoardProject] [    Test worker] org.hibernate.SQL                        : insert into comment (article_id,comment,commentdate,username,id) values (?,?,?,?,default)
2025-08-03T10:25:35.033+09:00 DEBUG 19636 --- [BoardProject] [    Test worker] org.hibernate.SQL                        : insert into comment (article_id,comment,commentdate,username,id) values (?,?,?,?,default)
2025-08-03T10:25:35.034+09:00 DEBUG 19636 --- [BoardProject] [    Test worker] org.hibernate.SQL                        : insert into comment (article_id,comment,commentdate,username,id) values (?,?,?,?,default)
2025-08-03T10:25:35.034+09:00 DEBUG 19636 --- [BoardProject] [    Test worker] org.hibernate.SQL                        : insert into comment (article_id,comment,commentdate,username,id) values (?,?,?,?,default)
2025-08-03T10:25:35.035+09:00 DEBUG 19636 --- [BoardProject] [    Test worker] org.hibernate.SQL                        : insert into comment (article_id,comment,commentdate,username,id) values (?,?,?,?,default)
2025-08-03T10:25:35.035+09:00 DEBUG 19636 --- [BoardProject] [    Test worker] org.hibernate.SQL                        : insert into comment (article_id,comment,commentdate,username,id) values (?,?,?,?,default)
2025-08-03T10:25:35.036+09:00 DEBUG 19636 --- [BoardProject] [    Test worker] org.hibernate.SQL                        : insert into comment (article_id,comment,commentdate,username,id) values (?,?,?,?,default)
2025-08-03T10:25:35.036+09:00 DEBUG 19636 --- [BoardProject] [    Test worker] org.hibernate.SQL                        : insert into comment (article_id,comment,commentdate,username,id) values (?,?,?,?,default)
2025-08-03T10:25:35.037+09:00 DEBUG 19636 --- [BoardProject] [    Test worker] org.hibernate.SQL                        : insert into comment (article_id,comment,commentdate,username,id) values (?,?,?,?,default)
2025-08-03T10:25:35.038+09:00 DEBUG 19636 --- [BoardProject] [    Test worker] org.hibernate.SQL                        : insert into comment (article_id,comment,commentdate,username,id) values (?,?,?,?,default)
2025-08-03T10:25:35.038+09:00 DEBUG 19636 --- [BoardProject] [    Test worker] org.hibernate.SQL                        : insert into comment (article_id,comment,commentdate,username,id) values (?,?,?,?,default)
2025-08-03T10:25:35.039+09:00 DEBUG 19636 --- [BoardProject] [    Test worker] org.hibernate.SQL                        : insert into comment (article_id,comment,commentdate,username,id) values (?,?,?,?,default)
2025-08-03T10:25:35.040+09:00 DEBUG 19636 --- [BoardProject] [    Test worker] org.hibernate.SQL                        : insert into comment (article_id,comment,commentdate,username,id) values (?,?,?,?,default)
2025-08-03T10:25:35.042+09:00 DEBUG 19636 --- [BoardProject] [    Test worker] org.hibernate.SQL                        : insert into comment (article_id,comment,commentdate,username,id) values (?,?,?,?,default)
2025-08-03T10:25:35.042+09:00 DEBUG 19636 --- [BoardProject] [    Test worker] org.hibernate.SQL                        : insert into comment (article_id,comment,commentdate,username,id) values (?,?,?,?,default)
2025-08-03T10:25:35.043+09:00 DEBUG 19636 --- [BoardProject] [    Test worker] org.hibernate.SQL                        : insert into comment (article_id,comment,commentdate,username,id) values (?,?,?,?,default)
2025-08-03T10:25:35.043+09:00 DEBUG 19636 --- [BoardProject] [    Test worker] org.hibernate.SQL                        : insert into comment (article_id,comment,commentdate,username,id) values (?,?,?,?,default)
2025-08-03T10:25:35.044+09:00 DEBUG 19636 --- [BoardProject] [    Test worker] org.hibernate.SQL                        : insert into comment (article_id,comment,commentdate,username,id) values (?,?,?,?,default)
2025-08-03T10:25:35.045+09:00 DEBUG 19636 --- [BoardProject] [    Test worker] org.hibernate.SQL                        : insert into comment (article_id,comment,commentdate,username,id) values (?,?,?,?,default)
2025-08-03T10:25:35.045+09:00 DEBUG 19636 --- [BoardProject] [    Test worker] org.hibernate.SQL                        : insert into comment (article_id,comment,commentdate,username,id) values (?,?,?,?,default)
2025-08-03T10:25:35.045+09:00 DEBUG 19636 --- [BoardProject] [    Test worker] org.hibernate.SQL                        : insert into comment (article_id,comment,commentdate,username,id) values (?,?,?,?,default)
2025-08-03T10:25:35.046+09:00 DEBUG 19636 --- [BoardProject] [    Test worker] org.hibernate.SQL                        : insert into comment (article_id,comment,commentdate,username,id) values (?,?,?,?,default)
2025-08-03T10:25:35.046+09:00 DEBUG 19636 --- [BoardProject] [    Test worker] org.hibernate.SQL                        : insert into comment (article_id,comment,commentdate,username,id) values (?,?,?,?,default)
2025-08-03T10:25:35.047+09:00 DEBUG 19636 --- [BoardProject] [    Test worker] org.hibernate.SQL                        : insert into comment (article_id,comment,commentdate,username,id) values (?,?,?,?,default)
2025-08-03T10:25:35.047+09:00 DEBUG 19636 --- [BoardProject] [    Test worker] org.hibernate.SQL                        : insert into comment (article_id,comment,commentdate,username,id) values (?,?,?,?,default)
2025-08-03T10:25:35.048+09:00 DEBUG 19636 --- [BoardProject] [    Test worker] org.hibernate.SQL                        : insert into comment (article_id,comment,commentdate,username,id) values (?,?,?,?,default)
2025-08-03T10:25:35.048+09:00 DEBUG 19636 --- [BoardProject] [    Test worker] org.hibernate.SQL                        : insert into comment (article_id,comment,commentdate,username,id) values (?,?,?,?,default)
2025-08-03T10:25:35.049+09:00 DEBUG 19636 --- [BoardProject] [    Test worker] org.hibernate.SQL                        : insert into comment (article_id,comment,commentdate,username,id) values (?,?,?,?,default)
2025-08-03T10:25:35.049+09:00 DEBUG 19636 --- [BoardProject] [    Test worker] org.hibernate.SQL                        : insert into comment (article_id,comment,commentdate,username,id) values (?,?,?,?,default)
2025-08-03T10:25:35.050+09:00 DEBUG 19636 --- [BoardProject] [    Test worker] org.hibernate.SQL                        : insert into comment (article_id,comment,commentdate,username,id) values (?,?,?,?,default)
2025-08-03T10:25:35.050+09:00 DEBUG 19636 --- [BoardProject] [    Test worker] org.hibernate.SQL                        : insert into comment (article_id,comment,commentdate,username,id) values (?,?,?,?,default)
2025-08-03T10:25:35.051+09:00 DEBUG 19636 --- [BoardProject] [    Test worker] org.hibernate.SQL                        : insert into comment (article_id,comment,commentdate,username,id) values (?,?,?,?,default)
2025-08-03T10:25:35.051+09:00 DEBUG 19636 --- [BoardProject] [    Test worker] org.hibernate.SQL                        : insert into comment (article_id,comment,commentdate,username,id) values (?,?,?,?,default)
2025-08-03T10:25:35.051+09:00 DEBUG 19636 --- [BoardProject] [    Test worker] org.hibernate.SQL                        : insert into comment (article_id,comment,commentdate,username,id) values (?,?,?,?,default)
2025-08-03T10:25:35.051+09:00 DEBUG 19636 --- [BoardProject] [    Test worker] org.hibernate.SQL                        : insert into comment (article_id,comment,commentdate,username,id) values (?,?,?,?,default)
2025-08-03T10:25:35.053+09:00 DEBUG 19636 --- [BoardProject] [    Test worker] org.hibernate.SQL                        : insert into comment (article_id,comment,commentdate,username,id) values (?,?,?,?,default)
2025-08-03T10:25:35.053+09:00 DEBUG 19636 --- [BoardProject] [    Test worker] org.hibernate.SQL                        : insert into comment (article_id,comment,commentdate,username,id) values (?,?,?,?,default)
2025-08-03T10:25:35.054+09:00 DEBUG 19636 --- [BoardProject] [    Test worker] org.hibernate.SQL                        : insert into comment (article_id,comment,commentdate,username,id) values (?,?,?,?,default)
2025-08-03T10:25:35.054+09:00 DEBUG 19636 --- [BoardProject] [    Test worker] org.hibernate.SQL                        : insert into comment (article_id,comment,commentdate,username,id) values (?,?,?,?,default)
2025-08-03T10:25:35.054+09:00 DEBUG 19636 --- [BoardProject] [    Test worker] org.hibernate.SQL                        : insert into comment (article_id,comment,commentdate,username,id) values (?,?,?,?,default)
2025-08-03T10:25:35.055+09:00 DEBUG 19636 --- [BoardProject] [    Test worker] org.hibernate.SQL                        : insert into comment (article_id,comment,commentdate,username,id) values (?,?,?,?,default)
2025-08-03T10:25:35.055+09:00 DEBUG 19636 --- [BoardProject] [    Test worker] org.hibernate.SQL                        : insert into comment (article_id,comment,commentdate,username,id) values (?,?,?,?,default)
2025-08-03T10:25:35.056+09:00 DEBUG 19636 --- [BoardProject] [    Test worker] org.hibernate.SQL                        : insert into comment (article_id,comment,commentdate,username,id) values (?,?,?,?,default)
2025-08-03T10:25:35.056+09:00 DEBUG 19636 --- [BoardProject] [    Test worker] org.hibernate.SQL                        : insert into comment (article_id,comment,commentdate,username,id) values (?,?,?,?,default)
2025-08-03T10:25:35.057+09:00 DEBUG 19636 --- [BoardProject] [    Test worker] org.hibernate.SQL                        : insert into comment (article_id,comment,commentdate,username,id) values (?,?,?,?,default)
2025-08-03T10:25:35.059+09:00 DEBUG 19636 --- [BoardProject] [    Test worker] org.hibernate.SQL                        : insert into comment (article_id,comment,commentdate,username,id) values (?,?,?,?,default)
2025-08-03T10:25:35.059+09:00 DEBUG 19636 --- [BoardProject] [    Test worker] org.hibernate.SQL                        : insert into comment (article_id,comment,commentdate,username,id) values (?,?,?,?,default)
2025-08-03T10:25:35.060+09:00 DEBUG 19636 --- [BoardProject] [    Test worker] org.hibernate.SQL                        : insert into comment (article_id,comment,commentdate,username,id) values (?,?,?,?,default)
2025-08-03T10:25:35.061+09:00 DEBUG 19636 --- [BoardProject] [    Test worker] org.hibernate.SQL                        : insert into comment (article_id,comment,commentdate,username,id) values (?,?,?,?,default)
2025-08-03T10:25:35.061+09:00 DEBUG 19636 --- [BoardProject] [    Test worker] org.hibernate.SQL                        : insert into comment (article_id,comment,commentdate,username,id) values (?,?,?,?,default)
2025-08-03T10:25:35.062+09:00 DEBUG 19636 --- [BoardProject] [    Test worker] org.hibernate.SQL                        : insert into comment (article_id,comment,commentdate,username,id) values (?,?,?,?,default)
2025-08-03T10:25:35.062+09:00 DEBUG 19636 --- [BoardProject] [    Test worker] org.hibernate.SQL                        : insert into comment (article_id,comment,commentdate,username,id) values (?,?,?,?,default)
2025-08-03T10:25:35.063+09:00 DEBUG 19636 --- [BoardProject] [    Test worker] org.hibernate.SQL                        : insert into comment (article_id,comment,commentdate,username,id) values (?,?,?,?,default)
2025-08-03T10:25:35.063+09:00 DEBUG 19636 --- [BoardProject] [    Test worker] org.hibernate.SQL                        : insert into comment (article_id,comment,commentdate,username,id) values (?,?,?,?,default)
2025-08-03T10:25:35.063+09:00 DEBUG 19636 --- [BoardProject] [    Test worker] org.hibernate.SQL                        : insert into comment (article_id,comment,commentdate,username,id) values (?,?,?,?,default)
2025-08-03T10:25:35.064+09:00 DEBUG 19636 --- [BoardProject] [    Test worker] org.hibernate.SQL                        : insert into comment (article_id,comment,commentdate,username,id) values (?,?,?,?,default)
2025-08-03T10:25:35.064+09:00 DEBUG 19636 --- [BoardProject] [    Test worker] org.hibernate.SQL                        : insert into comment (article_id,comment,commentdate,username,id) values (?,?,?,?,default)
2025-08-03T10:25:35.065+09:00 DEBUG 19636 --- [BoardProject] [    Test worker] org.hibernate.SQL                        : insert into comment (article_id,comment,commentdate,username,id) values (?,?,?,?,default)
2025-08-03T10:25:35.065+09:00 DEBUG 19636 --- [BoardProject] [    Test worker] org.hibernate.SQL                        : insert into comment (article_id,comment,commentdate,username,id) values (?,?,?,?,default)
2025-08-03T10:25:35.066+09:00 DEBUG 19636 --- [BoardProject] [    Test worker] org.hibernate.SQL                        : insert into comment (article_id,comment,commentdate,username,id) values (?,?,?,?,default)
2025-08-03T10:25:35.066+09:00 DEBUG 19636 --- [BoardProject] [    Test worker] org.hibernate.SQL                        : insert into comment (article_id,comment,commentdate,username,id) values (?,?,?,?,default)
2025-08-03T10:25:35.067+09:00 DEBUG 19636 --- [BoardProject] [    Test worker] org.hibernate.SQL                        : insert into comment (article_id,comment,commentdate,username,id) values (?,?,?,?,default)
2025-08-03T10:25:35.067+09:00 DEBUG 19636 --- [BoardProject] [    Test worker] org.hibernate.SQL                        : insert into comment (article_id,comment,commentdate,username,id) values (?,?,?,?,default)
2025-08-03T10:25:35.067+09:00 DEBUG 19636 --- [BoardProject] [    Test worker] org.hibernate.SQL                        : insert into comment (article_id,comment,commentdate,username,id) values (?,?,?,?,default)
2025-08-03T10:25:35.068+09:00 DEBUG 19636 --- [BoardProject] [    Test worker] org.hibernate.SQL                        : insert into comment (article_id,comment,commentdate,username,id) values (?,?,?,?,default)
2025-08-03T10:25:35.068+09:00 DEBUG 19636 --- [BoardProject] [    Test worker] org.hibernate.SQL                        : insert into comment (article_id,comment,commentdate,username,id) values (?,?,?,?,default)
2025-08-03T10:25:35.069+09:00 DEBUG 19636 --- [BoardProject] [    Test worker] org.hibernate.SQL                        : insert into comment (article_id,comment,commentdate,username,id) values (?,?,?,?,default)
2025-08-03T10:25:35.069+09:00 DEBUG 19636 --- [BoardProject] [    Test worker] org.hibernate.SQL                        : insert into comment (article_id,comment,commentdate,username,id) values (?,?,?,?,default)
2025-08-03T10:25:35.070+09:00 DEBUG 19636 --- [BoardProject] [    Test worker] org.hibernate.SQL                        : insert into comment (article_id,comment,commentdate,username,id) values (?,?,?,?,default)
2025-08-03T10:25:35.070+09:00 DEBUG 19636 --- [BoardProject] [    Test worker] org.hibernate.SQL                        : insert into comment (article_id,comment,commentdate,username,id) values (?,?,?,?,default)
2025-08-03T10:25:35.070+09:00 DEBUG 19636 --- [BoardProject] [    Test worker] org.hibernate.SQL                        : insert into comment (article_id,comment,commentdate,username,id) values (?,?,?,?,default)
2025-08-03T10:25:35.071+09:00 DEBUG 19636 --- [BoardProject] [    Test worker] org.hibernate.SQL                        : insert into comment (article_id,comment,commentdate,username,id) values (?,?,?,?,default)
2025-08-03T10:25:35.071+09:00 DEBUG 19636 --- [BoardProject] [    Test worker] org.hibernate.SQL                        : insert into comment (article_id,comment,commentdate,username,id) values (?,?,?,?,default)
2025-08-03T10:25:35.071+09:00 DEBUG 19636 --- [BoardProject] [    Test worker] org.hibernate.SQL                        : insert into comment (article_id,comment,commentdate,username,id) values (?,?,?,?,default)
2025-08-03T10:25:35.071+09:00 DEBUG 19636 --- [BoardProject] [    Test worker] org.hibernate.SQL                        : insert into comment (article_id,comment,commentdate,username,id) values (?,?,?,?,default)
2025-08-03T10:25:35.074+09:00 DEBUG 19636 --- [BoardProject] [    Test worker] org.hibernate.SQL                        : insert into comment (article_id,comment,commentdate,username,id) values (?,?,?,?,default)
2025-08-03T10:25:35.075+09:00 DEBUG 19636 --- [BoardProject] [    Test worker] org.hibernate.SQL                        : insert into comment (article_id,comment,commentdate,username,id) values (?,?,?,?,default)
2025-08-03T10:25:35.075+09:00 DEBUG 19636 --- [BoardProject] [    Test worker] org.hibernate.SQL                        : insert into comment (article_id,comment,commentdate,username,id) values (?,?,?,?,default)
2025-08-03T10:25:35.080+09:00 DEBUG 19636 --- [BoardProject] [    Test worker] org.hibernate.SQL                        : insert into comment (article_id,comment,commentdate,username,id) values (?,?,?,?,default)
2025-08-03T10:25:35.084+09:00 DEBUG 19636 --- [BoardProject] [    Test worker] org.hibernate.SQL                        : insert into comment (article_id,comment,commentdate,username,id) values (?,?,?,?,default)
2025-08-03T10:25:35.085+09:00 DEBUG 19636 --- [BoardProject] [    Test worker] org.hibernate.SQL                        : insert into comment (article_id,comment,commentdate,username,id) values (?,?,?,?,default)
2025-08-03T10:25:35.085+09:00 DEBUG 19636 --- [BoardProject] [    Test worker] org.hibernate.SQL                        : insert into comment (article_id,comment,commentdate,username,id) values (?,?,?,?,default)
2025-08-03T10:25:35.085+09:00 DEBUG 19636 --- [BoardProject] [    Test worker] org.hibernate.SQL                        : insert into comment (article_id,comment,commentdate,username,id) values (?,?,?,?,default)
2025-08-03T10:25:35.085+09:00 DEBUG 19636 --- [BoardProject] [    Test worker] org.hibernate.SQL                        : insert into comment (article_id,comment,commentdate,username,id) values (?,?,?,?,default)
2025-08-03T10:25:35.086+09:00 DEBUG 19636 --- [BoardProject] [    Test worker] org.hibernate.SQL                        : insert into comment (article_id,comment,commentdate,username,id) values (?,?,?,?,default)
2025-08-03T10:25:35.086+09:00 DEBUG 19636 --- [BoardProject] [    Test worker] org.hibernate.SQL                        : insert into comment (article_id,comment,commentdate,username,id) values (?,?,?,?,default)
2025-08-03T10:25:35.087+09:00 DEBUG 19636 --- [BoardProject] [    Test worker] org.hibernate.SQL                        : insert into comment (article_id,comment,commentdate,username,id) values (?,?,?,?,default)
2025-08-03T10:25:35.087+09:00 DEBUG 19636 --- [BoardProject] [    Test worker] org.hibernate.SQL                        : insert into comment (article_id,comment,commentdate,username,id) values (?,?,?,?,default)
2025-08-03T10:25:35.087+09:00 DEBUG 19636 --- [BoardProject] [    Test worker] org.hibernate.SQL                        : insert into comment (article_id,comment,commentdate,username,id) values (?,?,?,?,default)
2025-08-03T10:25:35.088+09:00 DEBUG 19636 --- [BoardProject] [    Test worker] org.hibernate.SQL                        : insert into comment (article_id,comment,commentdate,username,id) values (?,?,?,?,default)
2025-08-03T10:25:35.088+09:00 DEBUG 19636 --- [BoardProject] [    Test worker] org.hibernate.SQL                        : insert into comment (article_id,comment,commentdate,username,id) values (?,?,?,?,default)
2025-08-03T10:25:35.089+09:00 DEBUG 19636 --- [BoardProject] [    Test worker] org.hibernate.SQL                        : insert into comment (article_id,comment,commentdate,username,id) values (?,?,?,?,default)
2025-08-03T10:25:35.089+09:00 DEBUG 19636 --- [BoardProject] [    Test worker] org.hibernate.SQL                        : insert into comment (article_id,comment,commentdate,username,id) values (?,?,?,?,default)
2025-08-03T10:25:35.090+09:00 DEBUG 19636 --- [BoardProject] [    Test worker] org.hibernate.SQL                        : insert into comment (article_id,comment,commentdate,username,id) values (?,?,?,?,default)
2025-08-03T10:25:35.090+09:00 DEBUG 19636 --- [BoardProject] [    Test worker] org.hibernate.SQL                        : insert into comment (article_id,comment,commentdate,username,id) values (?,?,?,?,default)
2025-08-03T10:25:35.090+09:00 DEBUG 19636 --- [BoardProject] [    Test worker] org.hibernate.SQL                        : insert into comment (article_id,comment,commentdate,username,id) values (?,?,?,?,default)
2025-08-03T10:25:35.091+09:00 DEBUG 19636 --- [BoardProject] [    Test worker] org.hibernate.SQL                        : insert into comment (article_id,comment,commentdate,username,id) values (?,?,?,?,default)
2025-08-03T10:25:35.091+09:00 DEBUG 19636 --- [BoardProject] [    Test worker] org.hibernate.SQL                        : insert into comment (article_id,comment,commentdate,username,id) values (?,?,?,?,default)
2025-08-03T10:25:35.091+09:00 DEBUG 19636 --- [BoardProject] [    Test worker] org.hibernate.SQL                        : insert into comment (article_id,comment,commentdate,username,id) values (?,?,?,?,default)
2025-08-03T10:25:35.091+09:00 DEBUG 19636 --- [BoardProject] [    Test worker] org.hibernate.SQL                        : insert into comment (article_id,comment,commentdate,username,id) values (?,?,?,?,default)
2025-08-03T10:25:35.091+09:00 DEBUG 19636 --- [BoardProject] [    Test worker] org.hibernate.SQL                        : insert into comment (article_id,comment,commentdate,username,id) values (?,?,?,?,default)
2025-08-03T10:25:35.093+09:00 DEBUG 19636 --- [BoardProject] [    Test worker] org.hibernate.SQL                        : insert into comment (article_id,comment,commentdate,username,id) values (?,?,?,?,default)
2025-08-03T10:25:35.093+09:00 DEBUG 19636 --- [BoardProject] [    Test worker] org.hibernate.SQL                        : insert into comment (article_id,comment,commentdate,username,id) values (?,?,?,?,default)
2025-08-03T10:25:35.094+09:00 DEBUG 19636 --- [BoardProject] [    Test worker] org.hibernate.SQL                        : insert into comment (article_id,comment,commentdate,username,id) values (?,?,?,?,default)
2025-08-03T10:25:35.094+09:00 DEBUG 19636 --- [BoardProject] [    Test worker] org.hibernate.SQL                        : insert into comment (article_id,comment,commentdate,username,id) values (?,?,?,?,default)
2025-08-03T10:25:35.094+09:00 DEBUG 19636 --- [BoardProject] [    Test worker] org.hibernate.SQL                        : insert into comment (article_id,comment,commentdate,username,id) values (?,?,?,?,default)
2025-08-03T10:25:35.095+09:00 DEBUG 19636 --- [BoardProject] [    Test worker] org.hibernate.SQL                        : insert into comment (article_id,comment,commentdate,username,id) values (?,?,?,?,default)
2025-08-03T10:25:35.095+09:00 DEBUG 19636 --- [BoardProject] [    Test worker] org.hibernate.SQL                        : insert into comment (article_id,comment,commentdate,username,id) values (?,?,?,?,default)
2025-08-03T10:25:35.096+09:00 DEBUG 19636 --- [BoardProject] [    Test worker] org.hibernate.SQL                        : insert into comment (article_id,comment,commentdate,username,id) values (?,?,?,?,default)
2025-08-03T10:25:35.096+09:00 DEBUG 19636 --- [BoardProject] [    Test worker] org.hibernate.SQL                        : insert into comment (article_id,comment,commentdate,username,id) values (?,?,?,?,default)
2025-08-03T10:25:35.096+09:00 DEBUG 19636 --- [BoardProject] [    Test worker] org.hibernate.SQL                        : insert into comment (article_id,comment,commentdate,username,id) values (?,?,?,?,default)
2025-08-03T10:25:35.097+09:00 DEBUG 19636 --- [BoardProject] [    Test worker] org.hibernate.SQL                        : insert into comment (article_id,comment,commentdate,username,id) values (?,?,?,?,default)
2025-08-03T10:25:35.097+09:00 DEBUG 19636 --- [BoardProject] [    Test worker] org.hibernate.SQL                        : insert into comment (article_id,comment,commentdate,username,id) values (?,?,?,?,default)
2025-08-03T10:25:35.097+09:00 DEBUG 19636 --- [BoardProject] [    Test worker] org.hibernate.SQL                        : insert into comment (article_id,comment,commentdate,username,id) values (?,?,?,?,default)
2025-08-03T10:25:35.098+09:00 DEBUG 19636 --- [BoardProject] [    Test worker] org.hibernate.SQL                        : insert into comment (article_id,comment,commentdate,username,id) values (?,?,?,?,default)
2025-08-03T10:25:35.098+09:00 DEBUG 19636 --- [BoardProject] [    Test worker] org.hibernate.SQL                        : insert into comment (article_id,comment,commentdate,username,id) values (?,?,?,?,default)
2025-08-03T10:25:35.098+09:00 DEBUG 19636 --- [BoardProject] [    Test worker] org.hibernate.SQL                        : insert into comment (article_id,comment,commentdate,username,id) values (?,?,?,?,default)
2025-08-03T10:25:35.098+09:00 DEBUG 19636 --- [BoardProject] [    Test worker] org.hibernate.SQL                        : insert into comment (article_id,comment,commentdate,username,id) values (?,?,?,?,default)
2025-08-03T10:25:35.099+09:00 DEBUG 19636 --- [BoardProject] [    Test worker] org.hibernate.SQL                        : insert into comment (article_id,comment,commentdate,username,id) values (?,?,?,?,default)
2025-08-03T10:25:35.099+09:00 DEBUG 19636 --- [BoardProject] [    Test worker] org.hibernate.SQL                        : insert into comment (article_id,comment,commentdate,username,id) values (?,?,?,?,default)
2025-08-03T10:25:35.099+09:00 DEBUG 19636 --- [BoardProject] [    Test worker] org.hibernate.SQL                        : insert into comment (article_id,comment,commentdate,username,id) values (?,?,?,?,default)
2025-08-03T10:25:35.100+09:00 DEBUG 19636 --- [BoardProject] [    Test worker] org.hibernate.SQL                        : insert into comment (article_id,comment,commentdate,username,id) values (?,?,?,?,default)
2025-08-03T10:25:35.100+09:00 DEBUG 19636 --- [BoardProject] [    Test worker] org.hibernate.SQL                        : insert into comment (article_id,comment,commentdate,username,id) values (?,?,?,?,default)
2025-08-03T10:25:35.103+09:00 DEBUG 19636 --- [BoardProject] [    Test worker] org.hibernate.SQL                        : insert into comment (article_id,comment,commentdate,username,id) values (?,?,?,?,default)
2025-08-03T10:25:35.103+09:00 DEBUG 19636 --- [BoardProject] [    Test worker] org.hibernate.SQL                        : insert into comment (article_id,comment,commentdate,username,id) values (?,?,?,?,default)
2025-08-03T10:25:35.104+09:00 DEBUG 19636 --- [BoardProject] [    Test worker] org.hibernate.SQL                        : insert into comment (article_id,comment,commentdate,username,id) values (?,?,?,?,default)
2025-08-03T10:25:35.105+09:00 DEBUG 19636 --- [BoardProject] [    Test worker] org.hibernate.SQL                        : insert into comment (article_id,comment,commentdate,username,id) values (?,?,?,?,default)
2025-08-03T10:25:35.105+09:00 DEBUG 19636 --- [BoardProject] [    Test worker] org.hibernate.SQL                        : insert into comment (article_id,comment,commentdate,username,id) values (?,?,?,?,default)
2025-08-03T10:25:35.106+09:00 DEBUG 19636 --- [BoardProject] [    Test worker] org.hibernate.SQL                        : insert into comment (article_id,comment,commentdate,username,id) values (?,?,?,?,default)
2025-08-03T10:25:35.106+09:00 DEBUG 19636 --- [BoardProject] [    Test worker] org.hibernate.SQL                        : insert into comment (article_id,comment,commentdate,username,id) values (?,?,?,?,default)
2025-08-03T10:25:35.107+09:00 DEBUG 19636 --- [BoardProject] [    Test worker] org.hibernate.SQL                        : insert into comment (article_id,comment,commentdate,username,id) values (?,?,?,?,default)
2025-08-03T10:25:35.107+09:00 DEBUG 19636 --- [BoardProject] [    Test worker] org.hibernate.SQL                        : insert into comment (article_id,comment,commentdate,username,id) values (?,?,?,?,default)
2025-08-03T10:25:35.107+09:00 DEBUG 19636 --- [BoardProject] [    Test worker] org.hibernate.SQL                        : insert into comment (article_id,comment,commentdate,username,id) values (?,?,?,?,default)
2025-08-03T10:25:35.108+09:00 DEBUG 19636 --- [BoardProject] [    Test worker] org.hibernate.SQL                        : insert into comment (article_id,comment,commentdate,username,id) values (?,?,?,?,default)
2025-08-03T10:25:35.108+09:00 DEBUG 19636 --- [BoardProject] [    Test worker] org.hibernate.SQL                        : insert into comment (article_id,comment,commentdate,username,id) values (?,?,?,?,default)
2025-08-03T10:25:35.109+09:00 DEBUG 19636 --- [BoardProject] [    Test worker] org.hibernate.SQL                        : insert into comment (article_id,comment,commentdate,username,id) values (?,?,?,?,default)
2025-08-03T10:25:35.109+09:00 DEBUG 19636 --- [BoardProject] [    Test worker] org.hibernate.SQL                        : insert into comment (article_id,comment,commentdate,username,id) values (?,?,?,?,default)
2025-08-03T10:25:35.110+09:00 DEBUG 19636 --- [BoardProject] [    Test worker] org.hibernate.SQL                        : insert into comment (article_id,comment,commentdate,username,id) values (?,?,?,?,default)
2025-08-03T10:25:35.110+09:00 DEBUG 19636 --- [BoardProject] [    Test worker] org.hibernate.SQL                        : insert into comment (article_id,comment,commentdate,username,id) values (?,?,?,?,default)
2025-08-03T10:25:35.111+09:00 DEBUG 19636 --- [BoardProject] [    Test worker] org.hibernate.SQL                        : insert into comment (article_id,comment,commentdate,username,id) values (?,?,?,?,default)
2025-08-03T10:25:35.111+09:00 DEBUG 19636 --- [BoardProject] [    Test worker] org.hibernate.SQL                        : insert into comment (article_id,comment,commentdate,username,id) values (?,?,?,?,default)
2025-08-03T10:25:35.113+09:00 DEBUG 19636 --- [BoardProject] [    Test worker] org.hibernate.SQL                        : insert into comment (article_id,comment,commentdate,username,id) values (?,?,?,?,default)
2025-08-03T10:25:35.113+09:00 DEBUG 19636 --- [BoardProject] [    Test worker] org.hibernate.SQL                        : insert into comment (article_id,comment,commentdate,username,id) values (?,?,?,?,default)
2025-08-03T10:25:35.114+09:00 DEBUG 19636 --- [BoardProject] [    Test worker] org.hibernate.SQL                        : insert into comment (article_id,comment,commentdate,username,id) values (?,?,?,?,default)
2025-08-03T10:25:35.114+09:00 DEBUG 19636 --- [BoardProject] [    Test worker] org.hibernate.SQL                        : insert into comment (article_id,comment,commentdate,username,id) values (?,?,?,?,default)
2025-08-03T10:25:35.115+09:00 DEBUG 19636 --- [BoardProject] [    Test worker] org.hibernate.SQL                        : insert into comment (article_id,comment,commentdate,username,id) values (?,?,?,?,default)
2025-08-03T10:25:35.115+09:00 DEBUG 19636 --- [BoardProject] [    Test worker] org.hibernate.SQL                        : insert into comment (article_id,comment,commentdate,username,id) values (?,?,?,?,default)
[...]
2025-08-03T10:25:35.175+09:00 DEBUG 19636 --- [BoardProject] [    Test worker] org.hibernate.SQL                        : insert into comment (article_id,comment,commentdate,username,id) values (?,?,?,?,default)
2025-08-03T10:25:35.176+09:00 DEBUG 19636 --- [BoardProject] [    Test worker] org.hibernate.SQL                        : insert into comment (article_id,comment,commentdate,username,id) values (?,?,?,?,default)
2025-08-03T10:25:35.176+09:00 DEBUG 19636 --- [BoardProject] [    Test worker] org.hibernate.SQL                        : insert into comment (article_id,comment,commentdate,username,id) values (?,?,?,?,default)
2025-08-03T10:25:35.176+09:00 DEBUG 19636 --- [BoardProject] [    Test worker] org.hibernate.SQL                        : insert into comment (article_id,comment,commentdate,username,id) values (?,?,?,?,default)
2025-08-03T10:25:35.177+09:00 DEBUG 19636 --- [BoardProject] [    Test worker] org.hibernate.SQL                        : insert into comment (article_id,comment,commentdate,username,id) values (?,?,?,?,default)
2025-08-03T10:25:35.177+09:00 DEBUG 19636 --- [BoardProject] [    Test worker] org.hibernate.SQL                        : insert into comment (article_id,comment,commentdate,username,id) values (?,?,?,?,default)
2025-08-03T10:25:35.178+09:00 DEBUG 19636 --- [BoardProject] [    Test worker] org.hibernate.SQL                        : insert into comment (article_id,comment,commentdate,username,id) values (?,?,?,?,default)
2025-08-03T10:25:35.179+09:00 DEBUG 19636 --- [BoardProject] [    Test worker] org.hibernate.SQL                        : insert into comment (article_id,comment,commentdate,username,id) values (?,?,?,?,default)
2025-08-03T10:25:35.179+09:00 DEBUG 19636 --- [BoardProject] [    Test worker] org.hibernate.SQL                        : insert into comment (article_id,comment,commentdate,username,id) values (?,?,?,?,default)
2025-08-03T10:25:35.179+09:00 DEBUG 19636 --- [BoardProject] [    Test worker] org.hibernate.SQL                        : insert into comment (article_id,comment,commentdate,username,id) values (?,?,?,?,default)
2025-08-03T10:25:35.180+09:00 DEBUG 19636 --- [BoardProject] [    Test worker] org.hibernate.SQL                        : insert into comment (article_id,comment,commentdate,username,id) values (?,?,?,?,default)
2025-08-03T10:25:35.180+09:00 DEBUG 19636 --- [BoardProject] [    Test worker] org.hibernate.SQL                        : insert into comment (article_id,comment,commentdate,username,id) values (?,?,?,?,default)
2025-08-03T10:25:35.180+09:00 DEBUG 19636 --- [BoardProject] [    Test worker] org.hibernate.SQL                        : insert into comment (article_id,comment,commentdate,username,id) values (?,?,?,?,default)
2025-08-03T10:25:35.181+09:00 DEBUG 19636 --- [BoardProject] [    Test worker] org.hibernate.SQL                        : insert into comment (article_id,comment,commentdate,username,id) values (?,?,?,?,default)
2025-08-03T10:25:35.181+09:00 DEBUG 19636 --- [BoardProject] [    Test worker] org.hibernate.SQL                        : insert into comment (article_id,comment,commentdate,username,id) values (?,?,?,?,default)
2025-08-03T10:25:35.181+09:00 DEBUG 19636 --- [BoardProject] [    Test worker] org.hibernate.SQL                        : insert into comment (article_id,comment,commentdate,username,id) values (?,?,?,?,default)
2025-08-03T10:25:35.181+09:00 DEBUG 19636 --- [BoardProject] [    Test worker] org.hibernate.SQL                        : insert into comment (article_id,comment,commentdate,username,id) values (?,?,?,?,default)
2025-08-03T10:25:35.182+09:00 DEBUG 19636 --- [BoardProject] [    Test worker] org.hibernate.SQL                        : insert into comment (article_id,comment,commentdate,username,id) values (?,?,?,?,default)
2025-08-03T10:25:35.183+09:00 DEBUG 19636 --- [BoardProject] [    Test worker] org.hibernate.SQL                        : insert into comment (article_id,comment,commentdate,username,id) values (?,?,?,?,default)
2025-08-03T10:25:35.183+09:00 DEBUG 19636 --- [BoardProject] [    Test worker] org.hibernate.SQL                        : insert into comment (article_id,comment,commentdate,username,id) values (?,?,?,?,default)
2025-08-03T10:25:35.183+09:00 DEBUG 19636 --- [BoardProject] [    Test worker] org.hibernate.SQL                        : insert into comment (article_id,comment,commentdate,username,id) values (?,?,?,?,default)
2025-08-03T10:25:35.183+09:00 DEBUG 19636 --- [BoardProject] [    Test worker] org.hibernate.SQL                        : insert into comment (article_id,comment,commentdate,username,id) values (?,?,?,?,default)
2025-08-03T10:25:35.184+09:00 DEBUG 19636 --- [BoardProject] [    Test worker] org.hibernate.SQL                        : insert into comment (article_id,comment,commentdate,username,id) values (?,?,?,?,default)
2025-08-03T10:25:35.184+09:00 DEBUG 19636 --- [BoardProject] [    Test worker] org.hibernate.SQL                        : insert into comment (article_id,comment,commentdate,username,id) values (?,?,?,?,default)
2025-08-03T10:25:35.184+09:00 DEBUG 19636 --- [BoardProject] [    Test worker] org.hibernate.SQL                        : insert into comment (article_id,comment,commentdate,username,id) values (?,?,?,?,default)
2025-08-03T10:25:35.184+09:00 DEBUG 19636 --- [BoardProject] [    Test worker] org.hibernate.SQL                        : insert into comment (article_id,comment,commentdate,username,id) values (?,?,?,?,default)
2025-08-03T10:25:35.185+09:00 DEBUG 19636 --- [BoardProject] [    Test worker] org.hibernate.SQL                        : insert into comment (article_id,comment,commentdate,username,id) values (?,?,?,?,default)
2025-08-03T10:25:35.185+09:00 DEBUG 19636 --- [BoardProject] [    Test worker] org.hibernate.SQL                        : insert into comment (article_id,comment,commentdate,username,id) values (?,?,?,?,default)
2025-08-03T10:25:35.185+09:00 DEBUG 19636 --- [BoardProject] [    Test worker] org.hibernate.SQL                        : insert into comment (article_id,comment,commentdate,username,id) values (?,?,?,?,default)
2025-08-03T10:25:35.185+09:00 DEBUG 19636 --- [BoardProject] [    Test worker] org.hibernate.SQL                        : insert into comment (article_id,comment,commentdate,username,id) values (?,?,?,?,default)
2025-08-03T10:25:35.186+09:00 DEBUG 19636 --- [BoardProject] [    Test worker] org.hibernate.SQL                        : insert into comment (article_id,comment,commentdate,username,id) values (?,?,?,?,default)
2025-08-03T10:25:35.186+09:00 DEBUG 19636 --- [BoardProject] [    Test worker] org.hibernate.SQL                        : insert into comment (article_id,comment,commentdate,username,id) values (?,?,?,?,default)
2025-08-03T10:25:35.186+09:00 DEBUG 19636 --- [BoardProject] [    Test worker] org.hibernate.SQL                        : insert into comment (article_id,comment,commentdate,username,id) values (?,?,?,?,default)
2025-08-03T10:25:35.186+09:00 DEBUG 19636 --- [BoardProject] [    Test worker] org.hibernate.SQL                        : insert into comment (article_id,comment,commentdate,username,id) values (?,?,?,?,default)
2025-08-03T10:25:35.187+09:00 DEBUG 19636 --- [BoardProject] [    Test worker] org.hibernate.SQL                        : insert into comment (article_id,comment,commentdate,username,id) values (?,?,?,?,default)
2025-08-03T10:25:35.187+09:00 DEBUG 19636 --- [BoardProject] [    Test worker] org.hibernate.SQL                        : insert into comment (article_id,comment,commentdate,username,id) values (?,?,?,?,default)
2025-08-03T10:25:35.188+09:00 DEBUG 19636 --- [BoardProject] [    Test worker] org.hibernate.SQL                        : insert into comment (article_id,comment,commentdate,username,id) values (?,?,?,?,default)
2025-08-03T10:25:35.188+09:00 DEBUG 19636 --- [BoardProject] [    Test worker] org.hibernate.SQL                        : insert into comment (article_id,comment,commentdate,username,id) values (?,?,?,?,default)
2025-08-03T10:25:35.188+09:00 DEBUG 19636 --- [BoardProject] [    Test worker] org.hibernate.SQL                        : insert into comment (article_id,comment,commentdate,username,id) values (?,?,?,?,default)
2025-08-03T10:25:35.188+09:00 DEBUG 19636 --- [BoardProject] [    Test worker] org.hibernate.SQL                        : insert into comment (article_id,comment,commentdate,username,id) values (?,?,?,?,default)
2025-08-03T10:25:35.188+09:00 DEBUG 19636 --- [BoardProject] [    Test worker] org.hibernate.SQL                        : insert into comment (article_id,comment,commentdate,username,id) values (?,?,?,?,default)
2025-08-03T10:25:35.189+09:00 DEBUG 19636 --- [BoardProject] [    Test worker] org.hibernate.SQL                        : insert into comment (article_id,comment,commentdate,username,id) values (?,?,?,?,default)
2025-08-03T10:25:35.189+09:00 DEBUG 19636 --- [BoardProject] [    Test worker] org.hibernate.SQL                        : insert into comment (article_id,comment,commentdate,username,id) values (?,?,?,?,default)
2025-08-03T10:25:35.189+09:00 DEBUG 19636 --- [BoardProject] [    Test worker] org.hibernate.SQL                        : insert into comment (article_id,comment,commentdate,username,id) values (?,?,?,?,default)
2025-08-03T10:25:35.189+09:00 DEBUG 19636 --- [BoardProject] [    Test worker] org.hibernate.SQL                        : insert into comment (article_id,comment,commentdate,username,id) values (?,?,?,?,default)
2025-08-03T10:25:35.190+09:00 DEBUG 19636 --- [BoardProject] [    Test worker] org.hibernate.SQL                        : insert into comment (article_id,comment,commentdate,username,id) values (?,?,?,?,default)
2025-08-03T10:25:35.190+09:00 DEBUG 19636 --- [BoardProject] [    Test worker] org.hibernate.SQL                        : insert into comment (article_id,comment,commentdate,username,id) values (?,?,?,?,default)
2025-08-03T10:25:35.190+09:00 DEBUG 19636 --- [BoardProject] [    Test worker] org.hibernate.SQL                        : insert into comment (article_id,comment,commentdate,username,id) values (?,?,?,?,default)
2025-08-03T10:25:35.190+09:00 DEBUG 19636 --- [BoardProject] [    Test worker] org.hibernate.SQL                        : insert into comment (article_id,comment,commentdate,username,id) values (?,?,?,?,default)
2025-08-03T10:25:35.191+09:00 DEBUG 19636 --- [BoardProject] [    Test worker] org.hibernate.SQL                        : insert into comment (article_id,comment,commentdate,username,id) values (?,?,?,?,default)
2025-08-03T10:25:35.191+09:00 DEBUG 19636 --- [BoardProject] [    Test worker] org.hibernate.SQL                        : insert into comment (article_id,comment,commentdate,username,id) values (?,?,?,?,default)
2025-08-03T10:25:35.191+09:00 DEBUG 19636 --- [BoardProject] [    Test worker] org.hibernate.SQL                        : insert into comment (article_id,comment,commentdate,username,id) values (?,?,?,?,default)
2025-08-03T10:25:35.191+09:00 DEBUG 19636 --- [BoardProject] [    Test worker] org.hibernate.SQL                        : insert into comment (article_id,comment,commentdate,username,id) values (?,?,?,?,default)
2025-08-03T10:25:35.191+09:00 DEBUG 19636 --- [BoardProject] [    Test worker] org.hibernate.SQL                        : insert into comment (article_id,comment,commentdate,username,id) values (?,?,?,?,default)
2025-08-03T10:25:35.191+09:00 DEBUG 19636 --- [BoardProject] [    Test worker] org.hibernate.SQL                        : insert into comment (article_id,comment,commentdate,username,id) values (?,?,?,?,default)
2025-08-03T10:25:35.191+09:00 DEBUG 19636 --- [BoardProject] [    Test worker] org.hibernate.SQL                        : insert into comment (article_id,comment,commentdate,username,id) values (?,?,?,?,default)
2025-08-03T10:25:35.192+09:00 DEBUG 19636 --- [BoardProject] [    Test worker] org.hibernate.SQL                        : insert into comment (article_id,comment,commentdate,username,id) values (?,?,?,?,default)
2025-08-03T10:25:35.192+09:00 DEBUG 19636 --- [BoardProject] [    Test worker] org.hibernate.SQL                        : insert into comment (article_id,comment,commentdate,username,id) values (?,?,?,?,default)
2025-08-03T10:25:35.192+09:00 DEBUG 19636 --- [BoardProject] [    Test worker] org.hibernate.SQL                        : insert into comment (article_id,comment,commentdate,username,id) values (?,?,?,?,default)
2025-08-03T10:25:35.192+09:00 DEBUG 19636 --- [BoardProject] [    Test worker] org.hibernate.SQL                        : insert into comment (article_id,comment,commentdate,username,id) values (?,?,?,?,default)
2025-08-03T10:25:35.193+09:00 DEBUG 19636 --- [BoardProject] [    Test worker] org.hibernate.SQL                        : insert into comment (article_id,comment,commentdate,username,id) values (?,?,?,?,default)
2025-08-03T10:25:35.193+09:00 DEBUG 19636 --- [BoardProject] [    Test worker] org.hibernate.SQL                        : insert into comment (article_id,comment,commentdate,username,id) values (?,?,?,?,default)
2025-08-03T10:25:35.193+09:00 DEBUG 19636 --- [BoardProject] [    Test worker] org.hibernate.SQL                        : insert into comment (article_id,comment,commentdate,username,id) values (?,?,?,?,default)
2025-08-03T10:25:35.193+09:00 DEBUG 19636 --- [BoardProject] [    Test worker] org.hibernate.SQL                        : insert into comment (article_id,comment,commentdate,username,id) values (?,?,?,?,default)
2025-08-03T10:25:35.194+09:00 DEBUG 19636 --- [BoardProject] [    Test worker] org.hibernate.SQL                        : insert into comment (article_id,comment,commentdate,username,id) values (?,?,?,?,default)
2025-08-03T10:25:35.194+09:00 DEBUG 19636 --- [BoardProject] [    Test worker] org.hibernate.SQL                        : insert into comment (article_id,comment,commentdate,username,id) values (?,?,?,?,default)
2025-08-03T10:25:35.194+09:00 DEBUG 19636 --- [BoardProject] [    Test worker] org.hibernate.SQL                        : insert into comment (article_id,comment,commentdate,username,id) values (?,?,?,?,default)
2025-08-03T10:25:35.194+09:00 DEBUG 19636 --- [BoardProject] [    Test worker] org.hibernate.SQL                        : insert into comment (article_id,comment,commentdate,username,id) values (?,?,?,?,default)
2025-08-03T10:25:35.194+09:00 DEBUG 19636 --- [BoardProject] [    Test worker] org.hibernate.SQL                        : insert into comment (article_id,comment,commentdate,username,id) values (?,?,?,?,default)
2025-08-03T10:25:35.195+09:00 DEBUG 19636 --- [BoardProject] [    Test worker] org.hibernate.SQL                        : insert into comment (article_id,comment,commentdate,username,id) values (?,?,?,?,default)
2025-08-03T10:25:35.195+09:00 DEBUG 19636 --- [BoardProject] [    Test worker] org.hibernate.SQL                        : insert into comment (article_id,comment,commentdate,username,id) values (?,?,?,?,default)
2025-08-03T10:25:35.195+09:00 DEBUG 19636 --- [BoardProject] [    Test worker] org.hibernate.SQL                        : insert into comment (article_id,comment,commentdate,username,id) values (?,?,?,?,default)
2025-08-03T10:25:35.196+09:00 DEBUG 19636 --- [BoardProject] [    Test worker] org.hibernate.SQL                        : insert into comment (article_id,comment,commentdate,username,id) values (?,?,?,?,default)
2025-08-03T10:25:35.196+09:00 DEBUG 19636 --- [BoardProject] [    Test worker] org.hibernate.SQL                        : insert into comment (article_id,comment,commentdate,username,id) values (?,?,?,?,default)
2025-08-03T10:25:35.197+09:00 DEBUG 19636 --- [BoardProject] [    Test worker] org.hibernate.SQL                        : insert into comment (article_id,comment,commentdate,username,id) values (?,?,?,?,default)
2025-08-03T10:25:35.197+09:00 DEBUG 19636 --- [BoardProject] [    Test worker] org.hibernate.SQL                        : insert into comment (article_id,comment,commentdate,username,id) values (?,?,?,?,default)
2025-08-03T10:25:35.197+09:00 DEBUG 19636 --- [BoardProject] [    Test worker] org.hibernate.SQL                        : insert into comment (article_id,comment,commentdate,username,id) values (?,?,?,?,default)
2025-08-03T10:25:35.198+09:00 DEBUG 19636 --- [BoardProject] [    Test worker] org.hibernate.SQL                        : insert into comment (article_id,comment,commentdate,username,id) values (?,?,?,?,default)
2025-08-03T10:25:35.198+09:00 DEBUG 19636 --- [BoardProject] [    Test worker] org.hibernate.SQL                        : insert into comment (article_id,comment,commentdate,username,id) values (?,?,?,?,default)
2025-08-03T10:25:35.198+09:00 DEBUG 19636 --- [BoardProject] [    Test worker] org.hibernate.SQL                        : insert into comment (article_id,comment,commentdate,username,id) values (?,?,?,?,default)
2025-08-03T10:25:35.199+09:00 DEBUG 19636 --- [BoardProject] [    Test worker] org.hibernate.SQL                        : insert into comment (article_id,comment,commentdate,username,id) values (?,?,?,?,default)
2025-08-03T10:25:35.199+09:00 DEBUG 19636 --- [BoardProject] [    Test worker] org.hibernate.SQL                        : insert into comment (article_id,comment,commentdate,username,id) values (?,?,?,?,default)
2025-08-03T10:25:35.199+09:00 DEBUG 19636 --- [BoardProject] [    Test worker] org.hibernate.SQL                        : insert into comment (article_id,comment,commentdate,username,id) values (?,?,?,?,default)
2025-08-03T10:25:35.200+09:00 DEBUG 19636 --- [BoardProject] [    Test worker] org.hibernate.SQL                        : insert into comment (article_id,comment,commentdate,username,id) values (?,?,?,?,default)
2025-08-03T10:25:35.200+09:00 DEBUG 19636 --- [BoardProject] [    Test worker] org.hibernate.SQL                        : insert into comment (article_id,comment,commentdate,username,id) values (?,?,?,?,default)
2025-08-03T10:25:35.200+09:00 DEBUG 19636 --- [BoardProject] [    Test worker] org.hibernate.SQL                        : insert into comment (article_id,comment,commentdate,username,id) values (?,?,?,?,default)
2025-08-03T10:25:35.200+09:00 DEBUG 19636 --- [BoardProject] [    Test worker] org.hibernate.SQL                        : insert into comment (article_id,comment,commentdate,username,id) values (?,?,?,?,default)
2025-08-03T10:25:35.201+09:00 DEBUG 19636 --- [BoardProject] [    Test worker] org.hibernate.SQL                        : insert into comment (article_id,comment,commentdate,username,id) values (?,?,?,?,default)
2025-08-03T10:25:35.201+09:00 DEBUG 19636 --- [BoardProject] [    Test worker] org.hibernate.SQL                        : insert into comment (article_id,comment,commentdate,username,id) values (?,?,?,?,default)
2025-08-03T10:25:35.201+09:00 DEBUG 19636 --- [BoardProject] [    Test worker] org.hibernate.SQL                        : insert into comment (article_id,comment,commentdate,username,id) values (?,?,?,?,default)
2025-08-03T10:25:35.202+09:00 DEBUG 19636 --- [BoardProject] [    Test worker] org.hibernate.SQL                        : insert into comment (article_id,comment,commentdate,username,id) values (?,?,?,?,default)
2025-08-03T10:25:35.202+09:00 DEBUG 19636 --- [BoardProject] [    Test worker] org.hibernate.SQL                        : insert into comment (article_id,comment,commentdate,username,id) values (?,?,?,?,default)
2025-08-03T10:25:35.203+09:00 DEBUG 19636 --- [BoardProject] [    Test worker] org.hibernate.SQL                        : insert into comment (article_id,comment,commentdate,username,id) values (?,?,?,?,default)
2025-08-03T10:25:35.203+09:00 DEBUG 19636 --- [BoardProject] [    Test worker] org.hibernate.SQL                        : insert into comment (article_id,comment,commentdate,username,id) values (?,?,?,?,default)
]]></system-out>
  <system-err><![CDATA[]]></system-err>
</testsuite>
